<?xml version="1.0" encoding="UTF-8"?>
<coverage generated="1676456759208" clover="3.2.0">
  <project timestamp="1676456759208" name="All files">
    <metrics statements="1287" coveredstatements="1001" conditionals="798" coveredconditionals="551" methods="504" coveredmethods="374" elements="2589" coveredelements="1926" complexity="0" loc="1287" ncloc="1287" packages="83" files="118" classes="118"/>
    <package name="src">
      <metrics statements="6" coveredstatements="0" conditionals="0" coveredconditionals="0" methods="0" coveredmethods="0"/>
      <file name="index.tsx" path="/Users/PPPPPPPPPP/Projects/aanleverloket-v2/src/index.tsx">
        <metrics statements="6" coveredstatements="0" conditionals="0" coveredconditionals="0" methods="0" coveredmethods="0"/>
        <line num="8" count="0" type="stmt"/>
        <line num="9" count="0" type="stmt"/>
        <line num="10" count="0" type="stmt"/>
        <line num="12" count="0" type="stmt"/>
        <line num="16" count="0" type="stmt"/>
        <line num="18" count="0" type="stmt"/>
      </file>
      <file name="react-app-env.d.ts" path="/Users/PPPPPPPPPP/Projects/aanleverloket-v2/src/react-app-env.d.ts">
        <metrics statements="0" coveredstatements="0" conditionals="0" coveredconditionals="0" methods="0" coveredmethods="0"/>
      </file>
    </package>
    <package name="src.api">
      <metrics statements="86" coveredstatements="33" conditionals="36" coveredconditionals="12" methods="33" coveredmethods="15"/>
      <file name="auth.ts" path="/Users/PPPPPPPPPP/Projects/aanleverloket-v2/src/api/auth.ts">
        <metrics statements="14" coveredstatements="3" conditionals="2" coveredconditionals="0" methods="5" coveredmethods="2"/>
        <line num="1" count="36" type="stmt"/>
        <line num="13" count="1" type="stmt"/>
        <line num="14" count="1" type="stmt"/>
        <line num="21" count="0" type="stmt"/>
        <line num="24" count="0" type="stmt"/>
        <line num="26" count="0" type="stmt"/>
        <line num="28" count="0" type="stmt"/>
        <line num="32" count="0" type="stmt"/>
        <line num="34" count="0" type="stmt"/>
        <line num="36" count="0" type="stmt"/>
        <line num="38" count="0" type="stmt"/>
        <line num="39" count="0" type="cond" truecount="0" falsecount="2"/>
        <line num="40" count="0" type="stmt"/>
        <line num="42" count="0" type="stmt"/>
      </file>
      <file name="baseClient.ts" path="/Users/PPPPPPPPPP/Projects/aanleverloket-v2/src/api/baseClient.ts">
        <metrics statements="19" coveredstatements="9" conditionals="14" coveredconditionals="2" methods="4" coveredmethods="2"/>
        <line num="14" count="1" type="stmt"/>
        <line num="15" count="1" type="stmt"/>
        <line num="17" count="1" type="stmt"/>
        <line num="18" count="1" type="stmt"/>
        <line num="21" count="1" type="stmt"/>
        <line num="22" count="1" type="stmt"/>
        <line num="23" count="1" type="cond" truecount="1" falsecount="1"/>
        <line num="25" count="1" type="stmt"/>
        <line num="31" count="0" type="stmt"/>
        <line num="34" count="1" type="stmt"/>
        <line num="35" count="0" type="cond" truecount="0" falsecount="2"/>
        <line num="36" count="0" type="stmt"/>
        <line num="39" count="0" type="stmt"/>
        <line num="41" count="0" type="cond" truecount="0" falsecount="2"/>
        <line num="42" count="0" type="stmt"/>
        <line num="44" count="0" type="cond" truecount="0" falsecount="2"/>
        <line num="45" count="0" type="cond" truecount="0" falsecount="4"/>
        <line num="46" count="0" type="stmt"/>
        <line num="52" count="0" type="stmt"/>
      </file>
      <file name="document.ts" path="/Users/PPPPPPPPPP/Projects/aanleverloket-v2/src/api/document.ts">
        <metrics statements="13" coveredstatements="1" conditionals="0" coveredconditionals="0" methods="9" coveredmethods="1"/>
        <line num="17" count="0" type="stmt"/>
        <line num="20" count="0" type="stmt"/>
        <line num="24" count="1" type="stmt"/>
        <line num="30" count="0" type="stmt"/>
        <line num="32" count="0" type="stmt"/>
        <line num="38" count="0" type="stmt"/>
        <line num="39" count="0" type="stmt"/>
        <line num="48" count="0" type="stmt"/>
        <line num="51" count="0" type="stmt"/>
        <line num="52" count="0" type="stmt"/>
        <line num="61" count="0" type="stmt"/>
        <line num="64" count="0" type="stmt"/>
        <line num="65" count="0" type="stmt"/>
      </file>
      <file name="index.tsx" path="/Users/PPPPPPPPPP/Projects/aanleverloket-v2/src/api/index.tsx">
        <metrics statements="5" coveredstatements="5" conditionals="8" coveredconditionals="5" methods="4" coveredmethods="4"/>
        <line num="7" count="36" type="stmt"/>
        <line num="8" count="36" type="cond" truecount="2" falsecount="0"/>
        <line num="9" count="36" type="cond" truecount="1" falsecount="1"/>
        <line num="10" count="36" type="cond" truecount="1" falsecount="1"/>
        <line num="11" count="36" type="cond" truecount="1" falsecount="1"/>
      </file>
      <file name="metadata.ts" path="/Users/PPPPPPPPPP/Projects/aanleverloket-v2/src/api/metadata.ts">
        <metrics statements="25" coveredstatements="6" conditionals="6" coveredconditionals="0" methods="8" coveredmethods="3"/>
        <line num="11" count="36" type="stmt"/>
        <line num="12" count="72" type="stmt"/>
        <line num="13" count="72" type="stmt"/>
        <line num="16" count="36" type="stmt"/>
        <line num="43" count="0" type="stmt"/>
        <line num="46" count="1" type="stmt"/>
        <line num="49" count="1" type="stmt"/>
        <line num="57" count="0" type="stmt"/>
        <line num="66" count="0" type="stmt"/>
        <line num="67" count="0" type="stmt"/>
        <line num="69" count="0" type="cond" truecount="0" falsecount="2"/>
        <line num="70" count="0" type="stmt"/>
        <line num="72" count="0" type="stmt"/>
        <line num="73" count="0" type="stmt"/>
        <line num="75" count="0" type="stmt"/>
        <line num="78" count="0" type="stmt"/>
        <line num="79" count="0" type="stmt"/>
        <line num="81" count="0" type="cond" truecount="0" falsecount="2"/>
        <line num="82" count="0" type="stmt"/>
        <line num="84" count="0" type="stmt"/>
        <line num="87" count="0" type="stmt"/>
        <line num="88" count="0" type="stmt"/>
        <line num="90" count="0" type="cond" truecount="0" falsecount="2"/>
        <line num="91" count="0" type="stmt"/>
        <line num="93" count="0" type="stmt"/>
      </file>
      <file name="search.ts" path="/Users/PPPPPPPPPP/Projects/aanleverloket-v2/src/api/search.ts">
        <metrics statements="10" coveredstatements="9" conditionals="6" coveredconditionals="5" methods="3" coveredmethods="3"/>
        <line num="11" count="1" type="stmt"/>
        <line num="23" count="1" type="stmt"/>
        <line num="24" count="1" type="cond" truecount="1" falsecount="1"/>
        <line num="25" count="1" type="stmt"/>
        <line num="27" count="0" type="stmt"/>
        <line num="32" count="6" type="stmt"/>
        <line num="33" count="6" type="cond" truecount="4" falsecount="0"/>
        <line num="34" count="1" type="stmt"/>
        <line num="36" count="5" type="stmt"/>
        <line num="102" count="5" type="stmt"/>
      </file>
    </package>
    <package name="src.factories">
      <metrics statements="148" coveredstatements="129" conditionals="66" coveredconditionals="46" methods="64" coveredmethods="57"/>
      <file name="checkbox.ts" path="/Users/PPPPPPPPPP/Projects/aanleverloket-v2/src/factories/checkbox.ts">
        <metrics statements="2" coveredstatements="2" conditionals="2" coveredconditionals="2" methods="1" coveredmethods="1"/>
        <line num="5" count="60" type="stmt"/>
        <line num="11" count="7552" type="stmt"/>
      </file>
      <file name="documentsorten.ts" path="/Users/PPPPPPPPPP/Projects/aanleverloket-v2/src/factories/documentsorten.ts">
        <metrics statements="22" coveredstatements="18" conditionals="9" coveredconditionals="5" methods="12" coveredmethods="10"/>
        <line num="8" count="2" type="stmt"/>
        <line num="10" count="2" type="stmt"/>
        <line num="13" count="2" type="stmt"/>
        <line num="14" count="2" type="stmt"/>
        <line num="16" count="2" type="cond" truecount="1" falsecount="1"/>
        <line num="17" count="0" type="stmt"/>
        <line num="22" count="1" type="cond" truecount="1" falsecount="1"/>
        <line num="28" count="3" type="stmt"/>
        <line num="32" count="0" type="stmt"/>
        <line num="36" count="2" type="stmt"/>
        <line num="37" count="2" type="cond" truecount="1" falsecount="1"/>
        <line num="38" count="2" type="stmt"/>
        <line num="42" count="2" type="cond" truecount="1" falsecount="1"/>
        <line num="43" count="0" type="stmt"/>
        <line num="46" count="2" type="stmt"/>
        <line num="51" count="4" type="stmt"/>
        <line num="54" count="5" type="stmt"/>
        <line num="58" count="4" type="stmt"/>
        <line num="62" count="3" type="stmt"/>
        <line num="66" count="1" type="stmt"/>
        <line num="70" count="2" type="stmt"/>
        <line num="74" count="0" type="stmt"/>
      </file>
      <file name="dropdownInfoFactory.ts" path="/Users/PPPPPPPPPP/Projects/aanleverloket-v2/src/factories/dropdownInfoFactory.ts">
        <metrics statements="25" coveredstatements="20" conditionals="8" coveredconditionals="4" methods="20" coveredmethods="15"/>
        <line num="13" count="40" type="stmt"/>
        <line num="14" count="40" type="stmt"/>
        <line num="17" count="40" type="stmt"/>
        <line num="18" count="0" type="cond" truecount="0" falsecount="2"/>
        <line num="19" count="0" type="stmt"/>
        <line num="20" count="0" type="stmt"/>
        <line num="23" count="0" type="stmt"/>
        <line num="27" count="40" type="stmt"/>
        <line num="28" count="44" type="stmt"/>
        <line num="33" count="726" type="stmt"/>
        <line num="35" count="726" type="stmt"/>
        <line num="36" count="2" type="stmt"/>
        <line num="41" count="726" type="stmt"/>
        <line num="44" count="44" type="stmt"/>
        <line num="48" count="40" type="stmt"/>
        <line num="49" count="920" type="stmt"/>
        <line num="51" count="4560" type="cond" truecount="2" falsecount="0"/>
        <line num="53" count="1260" type="stmt"/>
        <line num="54" count="0" type="stmt"/>
        <line num="59" count="4560" type="stmt"/>
        <line num="62" count="920" type="stmt"/>
        <line num="65" count="40" type="stmt"/>
        <line num="66" count="1200" type="stmt"/>
        <line num="69" count="1" type="cond" truecount="1" falsecount="1"/>
        <line num="75" count="80" type="stmt"/>
      </file>
      <file name="index.ts" path="/Users/PPPPPPPPPP/Projects/aanleverloket-v2/src/factories/index.ts">
        <metrics statements="0" coveredstatements="0" conditionals="0" coveredconditionals="0" methods="0" coveredmethods="0"/>
      </file>
      <file name="metadata.ts" path="/Users/PPPPPPPPPP/Projects/aanleverloket-v2/src/factories/metadata.ts">
        <metrics statements="2" coveredstatements="2" conditionals="0" coveredconditionals="0" methods="1" coveredmethods="1"/>
        <line num="6" count="20" type="stmt"/>
        <line num="36" count="11" type="stmt"/>
      </file>
      <file name="responseCodes.ts" path="/Users/PPPPPPPPPP/Projects/aanleverloket-v2/src/factories/responseCodes.ts">
        <metrics statements="20" coveredstatements="14" conditionals="17" coveredconditionals="11" methods="3" coveredmethods="3"/>
        <line num="8" count="9" type="cond" truecount="2" falsecount="1"/>
        <line num="10" count="3" type="stmt"/>
        <line num="13" count="6" type="stmt"/>
        <line num="16" count="0" type="stmt"/>
        <line num="23" count="3" type="cond" truecount="3" falsecount="3"/>
        <line num="25" count="1" type="stmt"/>
        <line num="27" count="0" type="stmt"/>
        <line num="29" count="0" type="stmt"/>
        <line num="31" count="1" type="stmt"/>
        <line num="33" count="1" type="stmt"/>
        <line num="35" count="0" type="stmt"/>
        <line num="42" count="6" type="cond" truecount="6" falsecount="2"/>
        <line num="44" count="1" type="stmt"/>
        <line num="46" count="1" type="stmt"/>
        <line num="48" count="1" type="stmt"/>
        <line num="50" count="1" type="stmt"/>
        <line num="52" count="0" type="stmt"/>
        <line num="54" count="1" type="stmt"/>
        <line num="56" count="1" type="stmt"/>
        <line num="58" count="0" type="stmt"/>
      </file>
      <file name="tableData.ts" path="/Users/PPPPPPPPPP/Projects/aanleverloket-v2/src/factories/tableData.ts">
        <metrics statements="2" coveredstatements="2" conditionals="0" coveredconditionals="0" methods="2" coveredmethods="2"/>
        <line num="4" count="1" type="stmt"/>
        <line num="7" count="2" type="stmt"/>
      </file>
      <file name="waardelijst.ts" path="/Users/PPPPPPPPPP/Projects/aanleverloket-v2/src/factories/waardelijst.ts">
        <metrics statements="75" coveredstatements="71" conditionals="30" coveredconditionals="24" methods="25" coveredmethods="25"/>
        <line num="4" count="37" type="stmt"/>
        <line num="5" count="37" type="stmt"/>
        <line num="6" count="37" type="stmt"/>
        <line num="7" count="37" type="stmt"/>
        <line num="8" count="37" type="stmt"/>
        <line num="23" count="120" type="stmt"/>
        <line num="26" count="7520" type="stmt"/>
        <line num="31" count="120" type="stmt"/>
        <line num="32" count="40" type="stmt"/>
        <line num="33" count="3760" type="stmt"/>
        <line num="35" count="40" type="stmt"/>
        <line num="36" count="3760" type="stmt"/>
        <line num="38" count="3760" type="cond" truecount="2" falsecount="0"/>
        <line num="39" count="720" type="stmt"/>
        <line num="41" count="81880" type="stmt"/>
        <line num="43" count="3040" type="cond" truecount="1" falsecount="1"/>
        <line num="44" count="0" type="stmt"/>
        <line num="46" count="3040" type="cond" truecount="2" falsecount="0"/>
        <line num="47" count="640" type="stmt"/>
        <line num="49" count="3040" type="stmt"/>
        <line num="50" count="171760" type="stmt"/>
        <line num="53" count="40" type="stmt"/>
        <line num="57" count="120" type="stmt"/>
        <line num="58" count="6548" type="stmt"/>
        <line num="60" count="162" type="stmt"/>
        <line num="65" count="6548" type="cond" truecount="1" falsecount="1"/>
        <line num="66" count="0" type="stmt"/>
        <line num="68" count="6548" type="stmt"/>
        <line num="69" count="6548" type="cond" truecount="2" falsecount="0"/>
        <line num="70" count="6328" type="cond" truecount="1" falsecount="1"/>
        <line num="72" count="6548" type="stmt"/>
        <line num="74" count="6548" type="stmt"/>
        <line num="76" count="162" type="cond" truecount="2" falsecount="0"/>
        <line num="77" count="60" type="stmt"/>
        <line num="79" count="102" type="stmt"/>
        <line num="81" count="102" type="stmt"/>
        <line num="82" count="4788" type="stmt"/>
        <line num="84" count="4788" type="stmt"/>
        <line num="85" count="327672" type="stmt"/>
        <line num="86" count="327672" type="cond" truecount="2" falsecount="0"/>
        <line num="90" count="4788" type="cond" truecount="2" falsecount="0"/>
        <line num="91" count="102" type="stmt"/>
        <line num="93" count="4686" type="stmt"/>
        <line num="94" count="322884" type="stmt"/>
        <line num="95" count="176232" type="stmt"/>
        <line num="97" count="4686" type="cond" truecount="3" falsecount="1"/>
        <line num="98" count="0" type="stmt"/>
        <line num="100" count="4686" type="cond" truecount="2" falsecount="0"/>
        <line num="101" count="882" type="stmt"/>
        <line num="103" count="4686" type="stmt"/>
        <line num="104" count="4686" type="stmt"/>
        <line num="107" count="180498" type="stmt"/>
        <line num="108" count="102" type="stmt"/>
        <line num="111" count="120" type="stmt"/>
        <line num="112" count="40" type="stmt"/>
        <line num="113" count="40" type="stmt"/>
        <line num="114" count="40" type="stmt"/>
        <line num="116" count="40" type="stmt"/>
        <line num="119" count="120" type="stmt"/>
        <line num="120" count="162" type="stmt"/>
        <line num="121" count="162" type="stmt"/>
        <line num="123" count="162" type="cond" truecount="1" falsecount="1"/>
        <line num="124" count="0" type="stmt"/>
        <line num="126" count="162" type="stmt"/>
        <line num="128" count="162" type="cond" truecount="2" falsecount="0"/>
        <line num="129" count="142" type="stmt"/>
        <line num="130" count="20" type="cond" truecount="1" falsecount="1"/>
        <line num="131" count="20" type="stmt"/>
        <line num="133" count="162" type="stmt"/>
        <line num="135" count="162" type="stmt"/>
        <line num="138" count="120" type="stmt"/>
        <line num="139" count="120" type="stmt"/>
        <line num="140" count="120" type="stmt"/>
        <line num="141" count="120" type="stmt"/>
        <line num="142" count="120" type="stmt"/>
      </file>
    </package>
    <package name="src.models">
      <metrics statements="0" coveredstatements="0" conditionals="0" coveredconditionals="0" methods="0" coveredmethods="0"/>
      <file name="controllers.ts" path="/Users/PPPPPPPPPP/Projects/aanleverloket-v2/src/models/controllers.ts">
        <metrics statements="0" coveredstatements="0" conditionals="0" coveredconditionals="0" methods="0" coveredmethods="0"/>
      </file>
      <file name="fileformat.ts" path="/Users/PPPPPPPPPP/Projects/aanleverloket-v2/src/models/fileformat.ts">
        <metrics statements="0" coveredstatements="0" conditionals="0" coveredconditionals="0" methods="0" coveredmethods="0"/>
      </file>
      <file name="identifier.ts" path="/Users/PPPPPPPPPP/Projects/aanleverloket-v2/src/models/identifier.ts">
        <metrics statements="0" coveredstatements="0" conditionals="0" coveredconditionals="0" methods="0" coveredmethods="0"/>
      </file>
      <file name="index.ts" path="/Users/PPPPPPPPPP/Projects/aanleverloket-v2/src/models/index.ts">
        <metrics statements="0" coveredstatements="0" conditionals="0" coveredconditionals="0" methods="0" coveredmethods="0"/>
      </file>
      <file name="metadata.ts" path="/Users/PPPPPPPPPP/Projects/aanleverloket-v2/src/models/metadata.ts">
        <metrics statements="0" coveredstatements="0" conditionals="0" coveredconditionals="0" methods="0" coveredmethods="0"/>
      </file>
      <file name="search-result.ts" path="/Users/PPPPPPPPPP/Projects/aanleverloket-v2/src/models/search-result.ts">
        <metrics statements="0" coveredstatements="0" conditionals="0" coveredconditionals="0" methods="0" coveredmethods="0"/>
      </file>
      <file name="validator.ts" path="/Users/PPPPPPPPPP/Projects/aanleverloket-v2/src/models/validator.ts">
        <metrics statements="0" coveredstatements="0" conditionals="0" coveredconditionals="0" methods="0" coveredmethods="0"/>
      </file>
    </package>
    <package name="src.models.waardelijsten">
      <metrics statements="1" coveredstatements="0" conditionals="0" coveredconditionals="0" methods="0" coveredmethods="0"/>
      <file name="filetypes.ts" path="/Users/PPPPPPPPPP/Projects/aanleverloket-v2/src/models/waardelijsten/filetypes.ts">
        <metrics statements="1" coveredstatements="0" conditionals="0" coveredconditionals="0" methods="0" coveredmethods="0"/>
        <line num="3" count="0" type="stmt"/>
      </file>
      <file name="index.ts" path="/Users/PPPPPPPPPP/Projects/aanleverloket-v2/src/models/waardelijsten/index.ts">
        <metrics statements="0" coveredstatements="0" conditionals="0" coveredconditionals="0" methods="0" coveredmethods="0"/>
      </file>
    </package>
    <package name="src.routes">
      <metrics statements="21" coveredstatements="19" conditionals="10" coveredconditionals="6" methods="10" coveredmethods="5"/>
      <file name="index.tsx" path="/Users/PPPPPPPPPP/Projects/aanleverloket-v2/src/routes/index.tsx">
        <metrics statements="21" coveredstatements="19" conditionals="10" coveredconditionals="6" methods="10" coveredmethods="5"/>
        <line num="8" count="1" type="stmt"/>
        <line num="9" count="1" type="stmt"/>
        <line num="10" count="1" type="stmt"/>
        <line num="11" count="1" type="stmt"/>
        <line num="12" count="1" type="stmt"/>
        <line num="13" count="1" type="stmt"/>
        <line num="16" count="1" type="stmt"/>
        <line num="35" count="1" type="stmt"/>
        <line num="79" count="1" type="stmt"/>
        <line num="81" count="1" type="stmt"/>
        <line num="83" count="1" type="stmt"/>
        <line num="84" count="1" type="stmt"/>
        <line num="86" count="1" type="stmt"/>
        <line num="87" count="1" type="stmt"/>
        <line num="88" count="1" type="stmt"/>
        <line num="89" count="1" type="cond" truecount="1" falsecount="1"/>
        <line num="93" count="1" type="cond" truecount="1" falsecount="1"/>
        <line num="95" count="0" type="stmt"/>
        <line num="97" count="1" type="cond" truecount="1" falsecount="1"/>
        <line num="99" count="0" type="stmt"/>
        <line num="107" count="1" type="stmt"/>
      </file>
    </package>
    <package name="src.store">
      <metrics statements="8" coveredstatements="8" conditionals="0" coveredconditionals="0" methods="6" coveredmethods="6"/>
      <file name="hooks.ts" path="/Users/PPPPPPPPPP/Projects/aanleverloket-v2/src/store/hooks.ts">
        <metrics statements="2" coveredstatements="2" conditionals="0" coveredconditionals="0" methods="1" coveredmethods="1"/>
        <line num="5" count="82" type="stmt"/>
        <line num="6" count="32" type="stmt"/>
      </file>
      <file name="index.tsx" path="/Users/PPPPPPPPPP/Projects/aanleverloket-v2/src/store/index.tsx">
        <metrics statements="2" coveredstatements="2" conditionals="0" coveredconditionals="0" methods="1" coveredmethods="1"/>
        <line num="4" count="18" type="stmt"/>
        <line num="12" count="52" type="stmt"/>
      </file>
      <file name="selectors.ts" path="/Users/PPPPPPPPPP/Projects/aanleverloket-v2/src/store/selectors.ts">
        <metrics statements="4" coveredstatements="4" conditionals="0" coveredconditionals="0" methods="4" coveredmethods="4"/>
        <line num="3" count="32" type="stmt"/>
        <line num="4" count="32" type="stmt"/>
        <line num="5" count="32" type="stmt"/>
        <line num="6" count="32" type="stmt"/>
      </file>
    </package>
    <package name="src.store.reducers">
      <metrics statements="197" coveredstatements="136" conditionals="42" coveredconditionals="9" methods="50" coveredmethods="36"/>
      <file name="auth.ts" path="/Users/PPPPPPPPPP/Projects/aanleverloket-v2/src/store/reducers/auth.ts">
        <metrics statements="32" coveredstatements="31" conditionals="2" coveredconditionals="1" methods="9" coveredmethods="9"/>
        <line num="16" count="36" type="stmt"/>
        <line num="23" count="36" type="stmt"/>
        <line num="26" count="1" type="stmt"/>
        <line num="27" count="1" type="stmt"/>
        <line num="31" count="36" type="stmt"/>
        <line num="32" count="24" type="stmt"/>
        <line num="33" count="24" type="cond" truecount="1" falsecount="1"/>
        <line num="34" count="24" type="stmt"/>
        <line num="35" count="23" type="stmt"/>
        <line num="38" count="0" type="stmt"/>
        <line num="41" count="36" type="stmt"/>
        <line num="44" count="1" type="stmt"/>
        <line num="48" count="36" type="stmt"/>
        <line num="51" count="12" type="stmt"/>
        <line num="52" count="12" type="stmt"/>
        <line num="53" count="12" type="stmt"/>
        <line num="57" count="36" type="stmt"/>
        <line num="60" count="1" type="stmt"/>
        <line num="61" count="1" type="stmt"/>
        <line num="63" count="1" type="stmt"/>
        <line num="64" count="1" type="stmt"/>
        <line num="68" count="36" type="stmt"/>
        <line num="73" count="18" type="stmt"/>
        <line num="74" count="23" type="stmt"/>
        <line num="75" count="23" type="stmt"/>
        <line num="76" count="23" type="stmt"/>
        <line num="77" count="23" type="stmt"/>
        <line num="79" count="18" type="stmt"/>
        <line num="80" count="1" type="stmt"/>
        <line num="81" count="1" type="stmt"/>
        <line num="82" count="1" type="stmt"/>
        <line num="83" count="1" type="stmt"/>
      </file>
      <file name="index.tsx" path="/Users/PPPPPPPPPP/Projects/aanleverloket-v2/src/store/reducers/index.tsx">
        <metrics statements="0" coveredstatements="0" conditionals="0" coveredconditionals="0" methods="0" coveredmethods="0"/>
      </file>
      <file name="metadata.ts" path="/Users/PPPPPPPPPP/Projects/aanleverloket-v2/src/store/reducers/metadata.ts">
        <metrics statements="130" coveredstatements="70" conditionals="34" coveredconditionals="2" methods="32" coveredmethods="18"/>
        <line num="9" count="19" type="stmt"/>
        <line num="18" count="19" type="stmt"/>
        <line num="19" count="10" type="stmt"/>
        <line num="43" count="19" type="stmt"/>
        <line num="44" count="0" type="stmt"/>
        <line num="52" count="0" type="stmt"/>
        <line num="53" count="0" type="stmt"/>
        <line num="55" count="0" type="cond" truecount="0" falsecount="4"/>
        <line num="56" count="0" type="cond" truecount="0" falsecount="2"/>
        <line num="57" count="0" type="cond" truecount="0" falsecount="2"/>
        <line num="60" count="0" type="cond" truecount="0" falsecount="2"/>
        <line num="68" count="19" type="stmt"/>
        <line num="75" count="19" type="stmt"/>
        <line num="81" count="1" type="stmt"/>
        <line num="82" count="1" type="stmt"/>
        <line num="84" count="1" type="stmt"/>
        <line num="85" count="1" type="stmt"/>
        <line num="87" count="1" type="stmt"/>
        <line num="88" count="0" type="stmt"/>
        <line num="89" count="0" type="cond" truecount="0" falsecount="2"/>
        <line num="90" count="0" type="stmt"/>
        <line num="91" count="0" type="stmt"/>
        <line num="96" count="1" type="cond" truecount="0" falsecount="2"/>
        <line num="97" count="0" type="stmt"/>
        <line num="99" count="0" type="stmt"/>
        <line num="101" count="0" type="stmt"/>
        <line num="102" count="0" type="stmt"/>
        <line num="103" count="0" type="stmt"/>
        <line num="104" count="0" type="stmt"/>
        <line num="106" count="0" type="cond" truecount="0" falsecount="4"/>
        <line num="107" count="0" type="stmt"/>
        <line num="109" count="0" type="stmt"/>
        <line num="110" count="0" type="stmt"/>
        <line num="111" count="0" type="cond" truecount="0" falsecount="2"/>
        <line num="112" count="0" type="stmt"/>
        <line num="119" count="0" type="stmt"/>
        <line num="124" count="0" type="stmt"/>
        <line num="125" count="0" type="stmt"/>
        <line num="127" count="0" type="cond" truecount="0" falsecount="4"/>
        <line num="128" count="0" type="stmt"/>
        <line num="129" count="0" type="stmt"/>
        <line num="132" count="0" type="stmt"/>
        <line num="142" count="0" type="stmt"/>
        <line num="151" count="0" type="stmt"/>
        <line num="156" count="19" type="stmt"/>
        <line num="165" count="0" type="stmt"/>
        <line num="166" count="0" type="stmt"/>
        <line num="168" count="0" type="stmt"/>
        <line num="169" count="0" type="stmt"/>
        <line num="171" count="0" type="cond" truecount="0" falsecount="4"/>
        <line num="172" count="0" type="stmt"/>
        <line num="174" count="0" type="stmt"/>
        <line num="184" count="0" type="stmt"/>
        <line num="193" count="0" type="stmt"/>
        <line num="198" count="19" type="stmt"/>
        <line num="201" count="1" type="stmt"/>
        <line num="203" count="1" type="stmt"/>
        <line num="204" count="1" type="stmt"/>
        <line num="205" count="1" type="stmt"/>
        <line num="207" count="0" type="stmt"/>
        <line num="216" count="0" type="stmt"/>
        <line num="221" count="19" type="stmt"/>
        <line num="224" count="1" type="stmt"/>
        <line num="225" count="1" type="stmt"/>
        <line num="226" count="1" type="stmt"/>
        <line num="228" count="1" type="stmt"/>
        <line num="238" count="0" type="stmt"/>
        <line num="247" count="0" type="stmt"/>
        <line num="252" count="19" type="stmt"/>
        <line num="255" count="1" type="stmt"/>
        <line num="257" count="1" type="stmt"/>
        <line num="258" count="1" type="cond" truecount="1" falsecount="1"/>
        <line num="260" count="1" type="stmt"/>
        <line num="270" count="1" type="stmt"/>
        <line num="272" count="0" type="stmt"/>
        <line num="281" count="0" type="stmt"/>
        <line num="286" count="19" type="stmt"/>
        <line num="289" count="10" type="stmt"/>
        <line num="290" count="10" type="stmt"/>
        <line num="292" count="10" type="cond" truecount="1" falsecount="1"/>
        <line num="296" count="10" type="stmt"/>
        <line num="298" count="10" type="stmt"/>
        <line num="304" count="19" type="stmt"/>
        <line num="307" count="0" type="stmt"/>
        <line num="311" count="19" type="stmt"/>
        <line num="316" count="0" type="stmt"/>
        <line num="319" count="10" type="stmt"/>
        <line num="322" count="10" type="stmt"/>
        <line num="323" count="10" type="stmt"/>
        <line num="326" count="0" type="stmt"/>
        <line num="327" count="0" type="cond" truecount="0" falsecount="2"/>
        <line num="328" count="0" type="stmt"/>
        <line num="331" count="10" type="stmt"/>
        <line num="332" count="10" type="stmt"/>
        <line num="335" count="0" type="stmt"/>
        <line num="339" count="18" type="stmt"/>
        <line num="340" count="1" type="stmt"/>
        <line num="342" count="18" type="stmt"/>
        <line num="343" count="1" type="stmt"/>
        <line num="345" count="18" type="stmt"/>
        <line num="346" count="0" type="stmt"/>
        <line num="348" count="18" type="stmt"/>
        <line num="349" count="0" type="stmt"/>
        <line num="351" count="18" type="stmt"/>
        <line num="352" count="0" type="stmt"/>
        <line num="354" count="18" type="stmt"/>
        <line num="355" count="0" type="stmt"/>
        <line num="358" count="18" type="stmt"/>
        <line num="359" count="1" type="stmt"/>
        <line num="361" count="18" type="stmt"/>
        <line num="362" count="0" type="stmt"/>
        <line num="364" count="18" type="stmt"/>
        <line num="365" count="1" type="stmt"/>
        <line num="366" count="1" type="stmt"/>
        <line num="368" count="18" type="stmt"/>
        <line num="369" count="1" type="stmt"/>
        <line num="371" count="18" type="stmt"/>
        <line num="372" count="0" type="stmt"/>
        <line num="374" count="18" type="stmt"/>
        <line num="375" count="1" type="stmt"/>
        <line num="376" count="1" type="stmt"/>
        <line num="378" count="18" type="stmt"/>
        <line num="379" count="1" type="stmt"/>
        <line num="381" count="18" type="stmt"/>
        <line num="382" count="0" type="stmt"/>
        <line num="384" count="18" type="stmt"/>
        <line num="385" count="1" type="stmt"/>
        <line num="386" count="1" type="stmt"/>
        <line num="391" count="19" type="stmt"/>
        <line num="392" count="19" type="stmt"/>
      </file>
      <file name="search.ts" path="/Users/PPPPPPPPPP/Projects/aanleverloket-v2/src/store/reducers/search.ts">
        <metrics statements="20" coveredstatements="20" conditionals="4" coveredconditionals="4" methods="5" coveredmethods="5"/>
        <line num="11" count="19" type="stmt"/>
        <line num="15" count="19" type="stmt"/>
        <line num="18" count="6" type="stmt"/>
        <line num="20" count="6" type="stmt"/>
        <line num="21" count="6" type="stmt"/>
        <line num="25" count="4" type="stmt"/>
        <line num="27" count="1" type="stmt"/>
        <line num="36" count="1" type="stmt"/>
        <line num="41" count="19" type="stmt"/>
        <line num="46" count="18" type="stmt"/>
        <line num="47" count="6" type="stmt"/>
        <line num="49" count="18" type="stmt"/>
        <line num="50" count="1" type="stmt"/>
        <line num="52" count="18" type="stmt"/>
        <line num="53" count="4" type="stmt"/>
        <line num="56" count="4" type="cond" truecount="4" falsecount="0"/>
        <line num="57" count="1" type="stmt"/>
        <line num="58" count="1" type="stmt"/>
        <line num="59" count="1" type="stmt"/>
        <line num="62" count="4" type="stmt"/>
      </file>
      <file name="toast.ts" path="/Users/PPPPPPPPPP/Projects/aanleverloket-v2/src/store/reducers/toast.ts">
        <metrics statements="15" coveredstatements="15" conditionals="2" coveredconditionals="2" methods="4" coveredmethods="4"/>
        <line num="15" count="19" type="stmt"/>
        <line num="26" count="19" type="stmt"/>
        <line num="29" count="8" type="stmt"/>
        <line num="31" count="8" type="stmt"/>
        <line num="33" count="8" type="cond" truecount="2" falsecount="0"/>
        <line num="34" count="7" type="stmt"/>
        <line num="35" count="1" type="stmt"/>
        <line num="40" count="19" type="stmt"/>
        <line num="45" count="9" type="stmt"/>
        <line num="46" count="9" type="stmt"/>
        <line num="47" count="9" type="stmt"/>
        <line num="50" count="2" type="stmt"/>
        <line num="51" count="2" type="stmt"/>
        <line num="52" count="2" type="stmt"/>
        <line num="57" count="19" type="stmt"/>
      </file>
    </package>
    <package name="src.ui.atoms">
      <metrics statements="0" coveredstatements="0" conditionals="0" coveredconditionals="0" methods="0" coveredmethods="0"/>
      <file name="index.tsx" path="/Users/PPPPPPPPPP/Projects/aanleverloket-v2/src/ui/atoms/index.tsx">
        <metrics statements="0" coveredstatements="0" conditionals="0" coveredconditionals="0" methods="0" coveredmethods="0"/>
      </file>
    </package>
    <package name="src.ui.atoms.button">
      <metrics statements="3" coveredstatements="3" conditionals="0" coveredconditionals="0" methods="1" coveredmethods="1"/>
      <file name="index.tsx" path="/Users/PPPPPPPPPP/Projects/aanleverloket-v2/src/ui/atoms/button/index.tsx">
        <metrics statements="3" coveredstatements="3" conditionals="0" coveredconditionals="0" methods="1" coveredmethods="1"/>
        <line num="13" count="669" type="stmt"/>
        <line num="15" count="669" type="stmt"/>
        <line num="17" count="669" type="stmt"/>
      </file>
    </package>
    <package name="src.ui.atoms.checkbox">
      <metrics statements="13" coveredstatements="13" conditionals="18" coveredconditionals="18" methods="1" coveredmethods="1"/>
      <file name="index.tsx" path="/Users/PPPPPPPPPP/Projects/aanleverloket-v2/src/ui/atoms/checkbox/index.tsx">
        <metrics statements="13" coveredstatements="13" conditionals="18" coveredconditionals="18" methods="1" coveredmethods="1"/>
        <line num="5" count="7730" type="stmt"/>
        <line num="7" count="7730" type="cond" truecount="2" falsecount="0"/>
        <line num="8" count="7730" type="cond" truecount="2" falsecount="0"/>
        <line num="10" count="7730" type="stmt"/>
        <line num="12" count="7730" type="cond" truecount="2" falsecount="0"/>
        <line num="13" count="73" type="cond" truecount="2" falsecount="0"/>
        <line num="14" count="36" type="stmt"/>
        <line num="16" count="73" type="stmt"/>
        <line num="18" count="7657" type="cond" truecount="2" falsecount="0"/>
        <line num="19" count="7538" type="stmt"/>
        <line num="20" count="7538" type="stmt"/>
        <line num="21" count="119" type="stmt"/>
        <line num="24" count="7730" type="stmt"/>
      </file>
    </package>
    <package name="src.ui.atoms.chip">
      <metrics statements="1" coveredstatements="1" conditionals="0" coveredconditionals="0" methods="1" coveredmethods="1"/>
      <file name="index.tsx" path="/Users/PPPPPPPPPP/Projects/aanleverloket-v2/src/ui/atoms/chip/index.tsx">
        <metrics statements="1" coveredstatements="1" conditionals="0" coveredconditionals="0" methods="1" coveredmethods="1"/>
        <line num="9" count="15" type="stmt"/>
      </file>
    </package>
    <package name="src.ui.atoms.container">
      <metrics statements="6" coveredstatements="6" conditionals="8" coveredconditionals="8" methods="1" coveredmethods="1"/>
      <file name="index.tsx" path="/Users/PPPPPPPPPP/Projects/aanleverloket-v2/src/ui/atoms/container/index.tsx">
        <metrics statements="6" coveredstatements="6" conditionals="8" coveredconditionals="8" methods="1" coveredmethods="1"/>
        <line num="13" count="152" type="stmt"/>
        <line num="15" count="152" type="cond" truecount="2" falsecount="0"/>
        <line num="17" count="148" type="cond" truecount="2" falsecount="0"/>
        <line num="19" count="148" type="cond" truecount="2" falsecount="0"/>
        <line num="21" count="148" type="cond" truecount="2" falsecount="0"/>
        <line num="23" count="148" type="stmt"/>
      </file>
    </package>
    <package name="src.ui.atoms.divider">
      <metrics statements="6" coveredstatements="6" conditionals="4" coveredconditionals="4" methods="1" coveredmethods="1"/>
      <file name="index.tsx" path="/Users/PPPPPPPPPP/Projects/aanleverloket-v2/src/ui/atoms/divider/index.tsx">
        <metrics statements="6" coveredstatements="6" conditionals="4" coveredconditionals="4" methods="1" coveredmethods="1"/>
        <line num="9" count="115" type="stmt"/>
        <line num="11" count="115" type="cond" truecount="2" falsecount="0"/>
        <line num="12" count="4" type="stmt"/>
        <line num="15" count="115" type="cond" truecount="2" falsecount="0"/>
        <line num="16" count="51" type="stmt"/>
        <line num="18" count="115" type="stmt"/>
      </file>
    </package>
    <package name="src.ui.atoms.file-input">
      <metrics statements="9" coveredstatements="9" conditionals="6" coveredconditionals="5" methods="5" coveredmethods="5"/>
      <file name="index.tsx" path="/Users/PPPPPPPPPP/Projects/aanleverloket-v2/src/ui/atoms/file-input/index.tsx">
        <metrics statements="9" coveredstatements="9" conditionals="6" coveredconditionals="5" methods="5" coveredmethods="5"/>
        <line num="14" count="65" type="stmt"/>
        <line num="15" count="1" type="cond" truecount="1" falsecount="1"/>
        <line num="17" count="1" type="stmt"/>
        <line num="20" count="65" type="stmt"/>
        <line num="21" count="8" type="cond" truecount="2" falsecount="0"/>
        <line num="24" count="65" type="stmt"/>
        <line num="26" count="1" type="stmt"/>
        <line num="28" count="130" type="stmt"/>
        <line num="29" count="130" type="cond" truecount="2" falsecount="0"/>
      </file>
    </package>
    <package name="src.ui.atoms.footer">
      <metrics statements="1" coveredstatements="1" conditionals="0" coveredconditionals="0" methods="1" coveredmethods="1"/>
      <file name="index.tsx" path="/Users/PPPPPPPPPP/Projects/aanleverloket-v2/src/ui/atoms/footer/index.tsx">
        <metrics statements="1" coveredstatements="1" conditionals="0" coveredconditionals="0" methods="1" coveredmethods="1"/>
        <line num="8" count="5" type="stmt"/>
      </file>
    </package>
    <package name="src.ui.atoms.form">
      <metrics statements="1" coveredstatements="1" conditionals="0" coveredconditionals="0" methods="1" coveredmethods="1"/>
      <file name="index.tsx" path="/Users/PPPPPPPPPP/Projects/aanleverloket-v2/src/ui/atoms/form/index.tsx">
        <metrics statements="1" coveredstatements="1" conditionals="0" coveredconditionals="0" methods="1" coveredmethods="1"/>
        <line num="9" count="49" type="stmt"/>
      </file>
    </package>
    <package name="src.ui.atoms.header">
      <metrics statements="1" coveredstatements="1" conditionals="0" coveredconditionals="0" methods="1" coveredmethods="1"/>
      <file name="index.tsx" path="/Users/PPPPPPPPPP/Projects/aanleverloket-v2/src/ui/atoms/header/index.tsx">
        <metrics statements="1" coveredstatements="1" conditionals="0" coveredconditionals="0" methods="1" coveredmethods="1"/>
        <line num="8" count="16" type="stmt"/>
      </file>
    </package>
    <package name="src.ui.atoms.headings">
      <metrics statements="10" coveredstatements="10" conditionals="0" coveredconditionals="0" methods="5" coveredmethods="5"/>
      <file name="index.tsx" path="/Users/PPPPPPPPPP/Projects/aanleverloket-v2/src/ui/atoms/headings/index.tsx">
        <metrics statements="10" coveredstatements="10" conditionals="0" coveredconditionals="0" methods="5" coveredmethods="5"/>
        <line num="6" count="3" type="stmt"/>
        <line num="7" count="3" type="stmt"/>
        <line num="11" count="69" type="stmt"/>
        <line num="12" count="69" type="stmt"/>
        <line num="16" count="9" type="stmt"/>
        <line num="17" count="9" type="stmt"/>
        <line num="21" count="3" type="stmt"/>
        <line num="22" count="3" type="stmt"/>
        <line num="26" count="38" type="stmt"/>
        <line num="27" count="38" type="stmt"/>
      </file>
    </package>
    <package name="src.ui.atoms.hidden">
      <metrics statements="10" coveredstatements="10" conditionals="6" coveredconditionals="6" methods="5" coveredmethods="5"/>
      <file name="index.tsx" path="/Users/PPPPPPPPPP/Projects/aanleverloket-v2/src/ui/atoms/hidden/index.tsx">
        <metrics statements="10" coveredstatements="10" conditionals="6" coveredconditionals="6" methods="5" coveredmethods="5"/>
        <line num="5" count="63" type="stmt"/>
        <line num="16" count="48" type="stmt"/>
        <line num="17" count="47" type="stmt"/>
        <line num="19" count="47" type="stmt"/>
        <line num="20" count="38" type="stmt"/>
        <line num="23" count="47" type="cond" truecount="2" falsecount="0"/>
        <line num="24" count="28" type="cond" truecount="2" falsecount="0"/>
        <line num="26" count="19" type="cond" truecount="2" falsecount="0"/>
        <line num="31" count="18" type="stmt"/>
        <line num="37" count="27" type="stmt"/>
      </file>
    </package>
    <package name="src.ui.atoms.icon">
      <metrics statements="3" coveredstatements="3" conditionals="0" coveredconditionals="0" methods="1" coveredmethods="1"/>
      <file name="index.tsx" path="/Users/PPPPPPPPPP/Projects/aanleverloket-v2/src/ui/atoms/icon/index.tsx">
        <metrics statements="3" coveredstatements="3" conditionals="0" coveredconditionals="0" methods="1" coveredmethods="1"/>
        <line num="10" count="628" type="stmt"/>
        <line num="11" count="628" type="stmt"/>
        <line num="13" count="628" type="stmt"/>
      </file>
    </package>
    <package name="src.ui.atoms.label">
      <metrics statements="9" coveredstatements="9" conditionals="8" coveredconditionals="8" methods="2" coveredmethods="2"/>
      <file name="index.tsx" path="/Users/PPPPPPPPPP/Projects/aanleverloket-v2/src/ui/atoms/label/index.tsx">
        <metrics statements="9" coveredstatements="9" conditionals="8" coveredconditionals="8" methods="2" coveredmethods="2"/>
        <line num="14" count="2138" type="stmt"/>
        <line num="16" count="2137" type="cond" truecount="2" falsecount="0"/>
        <line num="17" count="1895" type="stmt"/>
        <line num="19" count="2137" type="cond" truecount="2" falsecount="0"/>
        <line num="20" count="62" type="stmt"/>
        <line num="22" count="2137" type="cond" truecount="2" falsecount="0"/>
        <line num="23" count="87" type="stmt"/>
        <line num="25" count="2137" type="stmt"/>
        <line num="26" count="2" type="cond" truecount="2" falsecount="0"/>
      </file>
    </package>
    <package name="src.ui.atoms.link">
      <metrics statements="4" coveredstatements="4" conditionals="4" coveredconditionals="4" methods="1" coveredmethods="1"/>
      <file name="index.tsx" path="/Users/PPPPPPPPPP/Projects/aanleverloket-v2/src/ui/atoms/link/index.tsx">
        <metrics statements="4" coveredstatements="4" conditionals="4" coveredconditionals="4" methods="1" coveredmethods="1"/>
        <line num="5" count="60" type="stmt"/>
        <line num="6" count="60" type="cond" truecount="2" falsecount="0"/>
        <line num="8" count="60" type="cond" truecount="2" falsecount="0"/>
        <line num="10" count="60" type="stmt"/>
      </file>
    </package>
    <package name="src.ui.atoms.list">
      <metrics statements="6" coveredstatements="6" conditionals="4" coveredconditionals="4" methods="1" coveredmethods="1"/>
      <file name="index.tsx" path="/Users/PPPPPPPPPP/Projects/aanleverloket-v2/src/ui/atoms/list/index.tsx">
        <metrics statements="6" coveredstatements="6" conditionals="4" coveredconditionals="4" methods="1" coveredmethods="1"/>
        <line num="10" count="1509" type="stmt"/>
        <line num="12" count="1509" type="cond" truecount="2" falsecount="0"/>
        <line num="13" count="18" type="stmt"/>
        <line num="15" count="1509" type="cond" truecount="2" falsecount="0"/>
        <line num="16" count="1488" type="stmt"/>
        <line num="18" count="1509" type="stmt"/>
      </file>
    </package>
    <package name="src.ui.atoms.list-item">
      <metrics statements="6" coveredstatements="6" conditionals="4" coveredconditionals="4" methods="1" coveredmethods="1"/>
      <file name="index.tsx" path="/Users/PPPPPPPPPP/Projects/aanleverloket-v2/src/ui/atoms/list-item/index.tsx">
        <metrics statements="6" coveredstatements="6" conditionals="4" coveredconditionals="4" methods="1" coveredmethods="1"/>
        <line num="12" count="7742" type="stmt"/>
        <line num="14" count="7742" type="cond" truecount="2" falsecount="0"/>
        <line num="15" count="35" type="stmt"/>
        <line num="17" count="7742" type="cond" truecount="2" falsecount="0"/>
        <line num="18" count="57" type="stmt"/>
        <line num="20" count="7742" type="stmt"/>
      </file>
    </package>
    <package name="src.ui.atoms.logo">
      <metrics statements="11" coveredstatements="11" conditionals="6" coveredconditionals="6" methods="1" coveredmethods="1"/>
      <file name="index.tsx" path="/Users/PPPPPPPPPP/Projects/aanleverloket-v2/src/ui/atoms/logo/index.tsx">
        <metrics statements="11" coveredstatements="11" conditionals="6" coveredconditionals="6" methods="1" coveredmethods="1"/>
        <line num="13" count="39" type="cond" truecount="4" falsecount="0"/>
        <line num="15" count="23" type="stmt"/>
        <line num="16" count="23" type="stmt"/>
        <line num="18" count="1" type="stmt"/>
        <line num="19" count="1" type="stmt"/>
        <line num="22" count="1" type="stmt"/>
        <line num="23" count="1" type="stmt"/>
        <line num="26" count="14" type="stmt"/>
        <line num="27" count="14" type="stmt"/>
        <line num="31" count="39" type="cond" truecount="2" falsecount="0"/>
        <line num="35" count="39" type="stmt"/>
      </file>
    </package>
    <package name="src.ui.atoms.select-custom">
      <metrics statements="4" coveredstatements="4" conditionals="0" coveredconditionals="0" methods="2" coveredmethods="2"/>
      <file name="index.tsx" path="/Users/PPPPPPPPPP/Projects/aanleverloket-v2/src/ui/atoms/select-custom/index.tsx">
        <metrics statements="4" coveredstatements="4" conditionals="0" coveredconditionals="0" methods="2" coveredmethods="2"/>
        <line num="13" count="8" type="stmt"/>
        <line num="15" count="8" type="stmt"/>
        <line num="16" count="24" type="stmt"/>
        <line num="19" count="8" type="stmt"/>
      </file>
    </package>
    <package name="src.ui.atoms.small">
      <metrics statements="1" coveredstatements="1" conditionals="0" coveredconditionals="0" methods="1" coveredmethods="1"/>
      <file name="index.tsx" path="/Users/PPPPPPPPPP/Projects/aanleverloket-v2/src/ui/atoms/small/index.tsx">
        <metrics statements="1" coveredstatements="1" conditionals="0" coveredconditionals="0" methods="1" coveredmethods="1"/>
        <line num="10" count="352" type="stmt"/>
      </file>
    </package>
    <package name="src.ui.atoms.spacer">
      <metrics statements="1" coveredstatements="1" conditionals="0" coveredconditionals="0" methods="1" coveredmethods="1"/>
      <file name="index.tsx" path="/Users/PPPPPPPPPP/Projects/aanleverloket-v2/src/ui/atoms/spacer/index.tsx">
        <metrics statements="1" coveredstatements="1" conditionals="0" coveredconditionals="0" methods="1" coveredmethods="1"/>
        <line num="8" count="3584" type="stmt"/>
      </file>
    </package>
    <package name="src.ui.atoms.spinner">
      <metrics statements="4" coveredstatements="4" conditionals="2" coveredconditionals="2" methods="1" coveredmethods="1"/>
      <file name="index.tsx" path="/Users/PPPPPPPPPP/Projects/aanleverloket-v2/src/ui/atoms/spinner/index.tsx">
        <metrics statements="4" coveredstatements="4" conditionals="2" coveredconditionals="2" methods="1" coveredmethods="1"/>
        <line num="10" count="10" type="stmt"/>
        <line num="11" count="10" type="cond" truecount="2" falsecount="0"/>
        <line num="12" count="8" type="stmt"/>
        <line num="14" count="10" type="stmt"/>
      </file>
    </package>
    <package name="src.ui.atoms.table">
      <metrics statements="6" coveredstatements="6" conditionals="12" coveredconditionals="12" methods="4" coveredmethods="4"/>
      <file name="index.tsx" path="/Users/PPPPPPPPPP/Projects/aanleverloket-v2/src/ui/atoms/table/index.tsx">
        <metrics statements="6" coveredstatements="6" conditionals="12" coveredconditionals="12" methods="4" coveredmethods="4"/>
        <line num="11" count="7" type="stmt"/>
        <line num="12" count="10" type="stmt"/>
        <line num="26" count="5" type="stmt"/>
        <line num="27" count="13" type="cond" truecount="4" falsecount="0"/>
        <line num="29" count="26" type="stmt"/>
        <line num="45" count="5" type="stmt"/>
      </file>
    </package>
    <package name="src.ui.atoms.text-input">
      <metrics statements="15" coveredstatements="9" conditionals="24" coveredconditionals="18" methods="4" coveredmethods="4"/>
      <file name="index.tsx" path="/Users/PPPPPPPPPP/Projects/aanleverloket-v2/src/ui/atoms/text-input/index.tsx">
        <metrics statements="15" coveredstatements="9" conditionals="24" coveredconditionals="18" methods="4" coveredmethods="4"/>
        <line num="22" count="526" type="stmt"/>
        <line num="24" count="526" type="cond" truecount="2" falsecount="0"/>
        <line num="26" count="524" type="stmt"/>
        <line num="27" count="3" type="cond" truecount="4" falsecount="0"/>
        <line num="29" count="3" type="cond" truecount="4" falsecount="0"/>
        <line num="32" count="524" type="stmt"/>
        <line num="35" count="1048" type="cond" truecount="3" falsecount="0"/>
        <line num="39" count="15" type="cond" truecount="3" falsecount="2"/>
        <line num="40" count="0" type="stmt"/>
        <line num="41" count="0" type="stmt"/>
        <line num="42" count="0" type="stmt"/>
        <line num="44" count="0" type="cond" truecount="0" falsecount="2"/>
        <line num="45" count="0" type="cond" truecount="0" falsecount="2"/>
        <line num="46" count="0" type="stmt"/>
        <line num="50" count="15" type="cond" truecount="2" falsecount="0"/>
      </file>
    </package>
    <package name="src.ui.atoms.textarea">
      <metrics statements="5" coveredstatements="5" conditionals="4" coveredconditionals="4" methods="2" coveredmethods="2"/>
      <file name="index.tsx" path="/Users/PPPPPPPPPP/Projects/aanleverloket-v2/src/ui/atoms/textarea/index.tsx">
        <metrics statements="5" coveredstatements="5" conditionals="4" coveredconditionals="4" methods="2" coveredmethods="2"/>
        <line num="15" count="13" type="stmt"/>
        <line num="16" count="2" type="cond" truecount="2" falsecount="0"/>
        <line num="17" count="1" type="stmt"/>
        <line num="19" count="1" type="stmt"/>
        <line num="22" count="13" type="cond" truecount="2" falsecount="0"/>
      </file>
    </package>
    <package name="src.ui.atoms.toast">
      <metrics statements="2" coveredstatements="2" conditionals="0" coveredconditionals="0" methods="1" coveredmethods="1"/>
      <file name="index.tsx" path="/Users/PPPPPPPPPP/Projects/aanleverloket-v2/src/ui/atoms/toast/index.tsx">
        <metrics statements="2" coveredstatements="2" conditionals="0" coveredconditionals="0" methods="1" coveredmethods="1"/>
        <line num="10" count="9" type="stmt"/>
        <line num="12" count="9" type="stmt"/>
      </file>
    </package>
    <package name="src.ui.atoms.tooltip">
      <metrics statements="1" coveredstatements="1" conditionals="0" coveredconditionals="0" methods="1" coveredmethods="1"/>
      <file name="index.tsx" path="/Users/PPPPPPPPPP/Projects/aanleverloket-v2/src/ui/atoms/tooltip/index.tsx">
        <metrics statements="1" coveredstatements="1" conditionals="0" coveredconditionals="0" methods="1" coveredmethods="1"/>
        <line num="10" count="522" type="stmt"/>
      </file>
    </package>
    <package name="src.ui.atoms.virtual-table">
      <metrics statements="13" coveredstatements="9" conditionals="12" coveredconditionals="6" methods="9" coveredmethods="6"/>
      <file name="index.tsx" path="/Users/PPPPPPPPPP/Projects/aanleverloket-v2/src/ui/atoms/virtual-table/index.tsx">
        <metrics statements="13" coveredstatements="9" conditionals="12" coveredconditionals="6" methods="9" coveredmethods="6"/>
        <line num="21" count="12" type="stmt"/>
        <line num="22" count="12" type="stmt"/>
        <line num="23" count="12" type="stmt"/>
        <line num="25" count="12" type="stmt"/>
        <line num="29" count="9" type="stmt"/>
        <line num="37" count="0" type="stmt"/>
        <line num="40" count="0" type="stmt"/>
        <line num="43" count="0" type="stmt"/>
        <line num="59" count="9" type="stmt"/>
        <line num="62" count="60" type="stmt"/>
        <line num="78" count="7" type="cond" truecount="1" falsecount="1"/>
        <line num="82" count="0" type="stmt"/>
        <line num="86" count="60" type="stmt"/>
      </file>
    </package>
    <package name="src.ui.interfaces">
      <metrics statements="0" coveredstatements="0" conditionals="0" coveredconditionals="0" methods="0" coveredmethods="0"/>
      <file name="Checkbox.ts" path="/Users/PPPPPPPPPP/Projects/aanleverloket-v2/src/ui/interfaces/Checkbox.ts">
        <metrics statements="0" coveredstatements="0" conditionals="0" coveredconditionals="0" methods="0" coveredmethods="0"/>
      </file>
      <file name="Iterator.ts" path="/Users/PPPPPPPPPP/Projects/aanleverloket-v2/src/ui/interfaces/Iterator.ts">
        <metrics statements="0" coveredstatements="0" conditionals="0" coveredconditionals="0" methods="0" coveredmethods="0"/>
      </file>
      <file name="Link.ts" path="/Users/PPPPPPPPPP/Projects/aanleverloket-v2/src/ui/interfaces/Link.ts">
        <metrics statements="0" coveredstatements="0" conditionals="0" coveredconditionals="0" methods="0" coveredmethods="0"/>
      </file>
      <file name="Toast.ts" path="/Users/PPPPPPPPPP/Projects/aanleverloket-v2/src/ui/interfaces/Toast.ts">
        <metrics statements="0" coveredstatements="0" conditionals="0" coveredconditionals="0" methods="0" coveredmethods="0"/>
      </file>
    </package>
    <package name="src.ui.layouts">
      <metrics statements="0" coveredstatements="0" conditionals="0" coveredconditionals="0" methods="0" coveredmethods="0"/>
      <file name="index.tsx" path="/Users/PPPPPPPPPP/Projects/aanleverloket-v2/src/ui/layouts/index.tsx">
        <metrics statements="0" coveredstatements="0" conditionals="0" coveredconditionals="0" methods="0" coveredmethods="0"/>
      </file>
    </package>
    <package name="src.ui.layouts.centered">
      <metrics statements="1" coveredstatements="1" conditionals="0" coveredconditionals="0" methods="1" coveredmethods="1"/>
      <file name="index.tsx" path="/Users/PPPPPPPPPP/Projects/aanleverloket-v2/src/ui/layouts/centered/index.tsx">
        <metrics statements="1" coveredstatements="1" conditionals="0" coveredconditionals="0" methods="1" coveredmethods="1"/>
        <line num="8" count="3" type="stmt"/>
      </file>
    </package>
    <package name="src.ui.layouts.default">
      <metrics statements="3" coveredstatements="3" conditionals="2" coveredconditionals="2" methods="1" coveredmethods="1"/>
      <file name="index.tsx" path="/Users/PPPPPPPPPP/Projects/aanleverloket-v2/src/ui/layouts/default/index.tsx">
        <metrics statements="3" coveredstatements="3" conditionals="2" coveredconditionals="2" methods="1" coveredmethods="1"/>
        <line num="11" count="7" type="stmt"/>
        <line num="12" count="7" type="cond" truecount="2" falsecount="0"/>
        <line num="14" count="6" type="stmt"/>
      </file>
    </package>
    <package name="src.ui.layouts.flex">
      <metrics statements="3" coveredstatements="3" conditionals="2" coveredconditionals="1" methods="1" coveredmethods="1"/>
      <file name="index.tsx" path="/Users/PPPPPPPPPP/Projects/aanleverloket-v2/src/ui/layouts/flex/index.tsx">
        <metrics statements="3" coveredstatements="3" conditionals="2" coveredconditionals="1" methods="1" coveredmethods="1"/>
        <line num="11" count="2" type="stmt"/>
        <line num="12" count="2" type="cond" truecount="1" falsecount="1"/>
        <line num="14" count="1" type="stmt"/>
      </file>
    </package>
    <package name="src.ui.layouts.sidebar">
      <metrics statements="3" coveredstatements="3" conditionals="2" coveredconditionals="2" methods="1" coveredmethods="1"/>
      <file name="index.tsx" path="/Users/PPPPPPPPPP/Projects/aanleverloket-v2/src/ui/layouts/sidebar/index.tsx">
        <metrics statements="3" coveredstatements="3" conditionals="2" coveredconditionals="2" methods="1" coveredmethods="1"/>
        <line num="12" count="4" type="stmt"/>
        <line num="13" count="4" type="cond" truecount="2" falsecount="0"/>
        <line num="15" count="3" type="stmt"/>
      </file>
    </package>
    <package name="src.ui.layouts.small">
      <metrics statements="3" coveredstatements="3" conditionals="2" coveredconditionals="2" methods="1" coveredmethods="1"/>
      <file name="index.tsx" path="/Users/PPPPPPPPPP/Projects/aanleverloket-v2/src/ui/layouts/small/index.tsx">
        <metrics statements="3" coveredstatements="3" conditionals="2" coveredconditionals="2" methods="1" coveredmethods="1"/>
        <line num="11" count="3" type="stmt"/>
        <line num="12" count="3" type="cond" truecount="2" falsecount="0"/>
        <line num="14" count="3" type="stmt"/>
      </file>
    </package>
    <package name="src.ui.molecules">
      <metrics statements="0" coveredstatements="0" conditionals="0" coveredconditionals="0" methods="0" coveredmethods="0"/>
      <file name="index.tsx" path="/Users/PPPPPPPPPP/Projects/aanleverloket-v2/src/ui/molecules/index.tsx">
        <metrics statements="0" coveredstatements="0" conditionals="0" coveredconditionals="0" methods="0" coveredmethods="0"/>
      </file>
    </package>
    <package name="src.ui.molecules.button">
      <metrics statements="26" coveredstatements="25" conditionals="32" coveredconditionals="30" methods="6" coveredmethods="6"/>
      <file name="index.tsx" path="/Users/PPPPPPPPPP/Projects/aanleverloket-v2/src/ui/molecules/button/index.tsx">
        <metrics statements="26" coveredstatements="25" conditionals="32" coveredconditionals="30" methods="6" coveredmethods="6"/>
        <line num="26" count="33" type="stmt"/>
        <line num="31" count="134" type="cond" truecount="3" falsecount="1"/>
        <line num="34" count="31" type="stmt"/>
        <line num="41" count="1" type="stmt"/>
        <line num="48" count="0" type="stmt"/>
        <line num="55" count="102" type="stmt"/>
        <line num="65" count="68" type="stmt"/>
        <line num="68" count="68" type="stmt"/>
        <line num="69" count="68" type="stmt"/>
        <line num="70" count="68" type="cond" truecount="1" falsecount="1"/>
        <line num="71" count="68" type="cond" truecount="2" falsecount="0"/>
        <line num="72" count="68" type="cond" truecount="2" falsecount="0"/>
        <line num="74" count="68" type="stmt"/>
        <line num="102" count="7" type="stmt"/>
        <line num="104" count="7" type="stmt"/>
        <line num="105" count="7" type="cond" truecount="2" falsecount="0"/>
        <line num="107" count="7" type="stmt"/>
        <line num="129" count="5" type="stmt"/>
        <line num="130" count="5" type="stmt"/>
        <line num="132" count="5" type="cond" truecount="2" falsecount="0"/>
        <line num="134" count="5" type="stmt"/>
        <line num="142" count="75" type="cond" truecount="2" falsecount="0"/>
        <line num="143" count="7" type="stmt"/>
        <line num="145" count="68" type="stmt"/>
        <line num="149" count="59" type="stmt"/>
        <line num="151" count="59" type="stmt"/>
      </file>
    </package>
    <package name="src.ui.molecules.button-remove">
      <metrics statements="1" coveredstatements="1" conditionals="0" coveredconditionals="0" methods="1" coveredmethods="1"/>
      <file name="index.tsx" path="/Users/PPPPPPPPPP/Projects/aanleverloket-v2/src/ui/molecules/button-remove/index.tsx">
        <metrics statements="1" coveredstatements="1" conditionals="0" coveredconditionals="0" methods="1" coveredmethods="1"/>
        <line num="9" count="2" type="stmt"/>
      </file>
    </package>
    <package name="src.ui.molecules.checkbox-list">
      <metrics statements="6" coveredstatements="6" conditionals="2" coveredconditionals="2" methods="4" coveredmethods="4"/>
      <file name="index.tsx" path="/Users/PPPPPPPPPP/Projects/aanleverloket-v2/src/ui/molecules/checkbox-list/index.tsx">
        <metrics statements="6" coveredstatements="6" conditionals="2" coveredconditionals="2" methods="4" coveredmethods="4"/>
        <line num="23" count="1475" type="stmt"/>
        <line num="24" count="7680" type="stmt"/>
        <line num="31" count="1475" type="stmt"/>
        <line num="48" count="20" type="stmt"/>
        <line num="50" count="21" type="stmt"/>
        <line num="56" count="20" type="stmt"/>
      </file>
    </package>
    <package name="src.ui.molecules.file-input">
      <metrics statements="10" coveredstatements="9" conditionals="14" coveredconditionals="13" methods="4" coveredmethods="4"/>
      <file name="index.tsx" path="/Users/PPPPPPPPPP/Projects/aanleverloket-v2/src/ui/molecules/file-input/index.tsx">
        <metrics statements="10" coveredstatements="9" conditionals="14" coveredconditionals="13" methods="4" coveredmethods="4"/>
        <line num="17" count="60" type="stmt"/>
        <line num="19" count="60" type="stmt"/>
        <line num="20" count="60" type="cond" truecount="2" falsecount="0"/>
        <line num="22" count="60" type="stmt"/>
        <line num="24" count="12" type="stmt"/>
        <line num="26" count="6" type="cond" truecount="3" falsecount="1"/>
        <line num="27" count="12" type="stmt"/>
        <line num="29" count="0" type="stmt"/>
        <line num="31" count="6" type="stmt"/>
        <line num="34" count="60" type="stmt"/>
      </file>
    </package>
    <package name="src.ui.molecules.foldable">
      <metrics statements="5" coveredstatements="5" conditionals="4" coveredconditionals="4" methods="2" coveredmethods="2"/>
      <file name="index.tsx" path="/Users/PPPPPPPPPP/Projects/aanleverloket-v2/src/ui/molecules/foldable/index.tsx">
        <metrics statements="5" coveredstatements="5" conditionals="4" coveredconditionals="4" methods="2" coveredmethods="2"/>
        <line num="13" count="51" type="stmt"/>
        <line num="15" count="50" type="stmt"/>
        <line num="16" count="50" type="cond" truecount="2" falsecount="0"/>
        <line num="18" count="50" type="stmt"/>
        <line num="20" count="5" type="stmt"/>
      </file>
    </package>
    <package name="src.ui.molecules.footer">
      <metrics statements="2" coveredstatements="2" conditionals="0" coveredconditionals="0" methods="2" coveredmethods="2"/>
      <file name="index.tsx" path="/Users/PPPPPPPPPP/Projects/aanleverloket-v2/src/ui/molecules/footer/index.tsx">
        <metrics statements="2" coveredstatements="2" conditionals="0" coveredconditionals="0" methods="2" coveredmethods="2"/>
        <line num="13" count="2" type="stmt"/>
        <line num="16" count="5" type="stmt"/>
      </file>
    </package>
    <package name="src.ui.molecules.form">
      <metrics statements="1" coveredstatements="1" conditionals="3" coveredconditionals="3" methods="1" coveredmethods="1"/>
      <file name="index.tsx" path="/Users/PPPPPPPPPP/Projects/aanleverloket-v2/src/ui/molecules/form/index.tsx">
        <metrics statements="1" coveredstatements="1" conditionals="3" coveredconditionals="3" methods="1" coveredmethods="1"/>
        <line num="11" count="46" type="stmt"/>
      </file>
    </package>
    <package name="src.ui.molecules.go-to-top-button">
      <metrics statements="9" coveredstatements="9" conditionals="4" coveredconditionals="4" methods="4" coveredmethods="4"/>
      <file name="index.tsx" path="/Users/PPPPPPPPPP/Projects/aanleverloket-v2/src/ui/molecules/go-to-top-button/index.tsx">
        <metrics statements="9" coveredstatements="9" conditionals="4" coveredconditionals="4" methods="4" coveredmethods="4"/>
        <line num="13" count="8" type="stmt"/>
        <line num="15" count="8" type="stmt"/>
        <line num="16" count="4" type="stmt"/>
        <line num="17" count="13" type="cond" truecount="2" falsecount="0"/>
        <line num="18" count="9" type="stmt"/>
        <line num="20" count="4" type="stmt"/>
        <line num="25" count="8" type="stmt"/>
        <line num="26" count="1" type="stmt"/>
        <line num="29" count="8" type="stmt"/>
      </file>
    </package>
    <package name="src.ui.molecules.header">
      <metrics statements="11" coveredstatements="9" conditionals="8" coveredconditionals="8" methods="4" coveredmethods="2"/>
      <file name="index.tsx" path="/Users/PPPPPPPPPP/Projects/aanleverloket-v2/src/ui/molecules/header/index.tsx">
        <metrics statements="11" coveredstatements="9" conditionals="8" coveredconditionals="8" methods="4" coveredmethods="2"/>
        <line num="25" count="13" type="stmt"/>
        <line num="26" count="13" type="stmt"/>
        <line num="27" count="13" type="stmt"/>
        <line num="29" count="13" type="stmt"/>
        <line num="31" count="13" type="stmt"/>
        <line num="33" count="13" type="cond" truecount="2" falsecount="0"/>
        <line num="34" count="1" type="stmt"/>
        <line num="37" count="13" type="stmt"/>
        <line num="52" count="0" type="stmt"/>
        <line num="58" count="0" type="stmt"/>
        <line num="69" count="1" type="stmt"/>
      </file>
    </package>
    <package name="src.ui.molecules.header-submenu">
      <metrics statements="7" coveredstatements="7" conditionals="4" coveredconditionals="2" methods="1" coveredmethods="1"/>
      <file name="index.tsx" path="/Users/PPPPPPPPPP/Projects/aanleverloket-v2/src/ui/molecules/header-submenu/index.tsx">
        <metrics statements="7" coveredstatements="7" conditionals="4" coveredconditionals="2" methods="1" coveredmethods="1"/>
        <line num="11" count="3" type="stmt"/>
        <line num="13" count="3" type="cond" truecount="1" falsecount="1"/>
        <line num="15" count="3" type="stmt"/>
        <line num="30" count="3" type="stmt"/>
        <line num="39" count="3" type="stmt"/>
        <line num="48" count="3" type="stmt"/>
        <line num="57" count="3" type="cond" truecount="1" falsecount="1"/>
      </file>
    </package>
    <package name="src.ui.molecules.icon-label">
      <metrics statements="3" coveredstatements="3" conditionals="2" coveredconditionals="2" methods="1" coveredmethods="1"/>
      <file name="index.tsx" path="/Users/PPPPPPPPPP/Projects/aanleverloket-v2/src/ui/molecules/icon-label/index.tsx">
        <metrics statements="3" coveredstatements="3" conditionals="2" coveredconditionals="2" methods="1" coveredmethods="1"/>
        <line num="11" count="14" type="stmt"/>
        <line num="13" count="14" type="cond" truecount="2" falsecount="0"/>
        <line num="15" count="14" type="stmt"/>
      </file>
    </package>
    <package name="src.ui.molecules.jumbotron">
      <metrics statements="4" coveredstatements="4" conditionals="4" coveredconditionals="4" methods="2" coveredmethods="2"/>
      <file name="index.tsx" path="/Users/PPPPPPPPPP/Projects/aanleverloket-v2/src/ui/molecules/jumbotron/index.tsx">
        <metrics statements="4" coveredstatements="4" conditionals="4" coveredconditionals="4" methods="2" coveredmethods="2"/>
        <line num="14" count="18" type="stmt"/>
        <line num="15" count="18" type="cond" truecount="2" falsecount="0"/>
        <line num="17" count="16" type="stmt"/>
        <line num="22" count="8" type="stmt"/>
      </file>
    </package>
    <package name="src.ui.molecules.label">
      <metrics statements="1" coveredstatements="1" conditionals="6" coveredconditionals="6" methods="1" coveredmethods="1"/>
      <file name="index.tsx" path="/Users/PPPPPPPPPP/Projects/aanleverloket-v2/src/ui/molecules/label/index.tsx">
        <metrics statements="1" coveredstatements="1" conditionals="6" coveredconditionals="6" methods="1" coveredmethods="1"/>
        <line num="13" count="652" type="stmt"/>
      </file>
    </package>
    <package name="src.ui.molecules.list">
      <metrics statements="3" coveredstatements="3" conditionals="2" coveredconditionals="2" methods="2" coveredmethods="2"/>
      <file name="index.tsx" path="/Users/PPPPPPPPPP/Projects/aanleverloket-v2/src/ui/molecules/list/index.tsx">
        <metrics statements="3" coveredstatements="3" conditionals="2" coveredconditionals="2" methods="2" coveredmethods="2"/>
        <line num="13" count="29" type="stmt"/>
        <line num="15" count="29" type="stmt"/>
        <line num="18" count="57" type="stmt"/>
      </file>
    </package>
    <package name="src.ui.molecules.popup">
      <metrics statements="1" coveredstatements="1" conditionals="4" coveredconditionals="4" methods="1" coveredmethods="1"/>
      <file name="index.tsx" path="/Users/PPPPPPPPPP/Projects/aanleverloket-v2/src/ui/molecules/popup/index.tsx">
        <metrics statements="1" coveredstatements="1" conditionals="4" coveredconditionals="4" methods="1" coveredmethods="1"/>
        <line num="16" count="2" type="stmt"/>
      </file>
    </package>
    <package name="src.ui.molecules.select-multi">
      <metrics statements="90" coveredstatements="79" conditionals="113" coveredconditionals="99" methods="31" coveredmethods="28"/>
      <file name="index.tsx" path="/Users/PPPPPPPPPP/Projects/aanleverloket-v2/src/ui/molecules/select-multi/index.tsx">
        <metrics statements="90" coveredstatements="79" conditionals="113" coveredconditionals="99" methods="31" coveredmethods="28"/>
        <line num="32" count="254" type="stmt"/>
        <line num="33" count="250" type="stmt"/>
        <line num="34" count="250" type="stmt"/>
        <line num="35" count="250" type="stmt"/>
        <line num="36" count="250" type="stmt"/>
        <line num="38" count="250" type="stmt"/>
        <line num="39" count="140" type="stmt"/>
        <line num="40" count="140" type="stmt"/>
        <line num="41" count="140" type="stmt"/>
        <line num="45" count="250" type="stmt"/>
        <line num="46" count="250" type="stmt"/>
        <line num="47" count="250" type="stmt"/>
        <line num="49" count="250" type="stmt"/>
        <line num="50" count="250" type="cond" truecount="4" falsecount="0"/>
        <line num="52" count="4" type="stmt"/>
        <line num="53" count="4" type="stmt"/>
        <line num="54" count="4" type="stmt"/>
        <line num="56" count="4" type="cond" truecount="4" falsecount="0"/>
        <line num="57" count="2" type="cond" truecount="2" falsecount="0"/>
        <line num="59" count="2" type="stmt"/>
        <line num="62" count="250" type="stmt"/>
        <line num="63" count="6" type="cond" truecount="1" falsecount="1"/>
        <line num="65" count="6" type="cond" truecount="4" falsecount="0"/>
        <line num="67" count="10" type="stmt"/>
        <line num="68" count="5" type="cond" truecount="4" falsecount="0"/>
        <line num="69" count="3" type="stmt"/>
        <line num="70" count="3" type="stmt"/>
        <line num="72" count="3" type="stmt"/>
        <line num="75" count="5" type="stmt"/>
        <line num="78" count="250" type="stmt"/>
        <line num="82" count="1359" type="stmt"/>
        <line num="83" count="24641" type="cond" truecount="4" falsecount="0"/>
        <line num="84" count="7632" type="stmt"/>
        <line num="85" count="432" type="cond" truecount="3" falsecount="1"/>
        <line num="86" count="432" type="cond" truecount="1" falsecount="1"/>
        <line num="87" count="0" type="stmt"/>
        <line num="89" count="432" type="stmt"/>
        <line num="93" count="4407" type="cond" truecount="4" falsecount="0"/>
        <line num="94" count="530" type="stmt"/>
        <line num="95" count="530" type="cond" truecount="4" falsecount="0"/>
        <line num="96" count="20" type="cond" truecount="1" falsecount="1"/>
        <line num="97" count="0" type="stmt"/>
        <line num="99" count="20" type="stmt"/>
        <line num="104" count="1359" type="cond" truecount="4" falsecount="0"/>
        <line num="105" count="927" type="stmt"/>
        <line num="106" count="432" type="cond" truecount="4" falsecount="0"/>
        <line num="107" count="412" type="stmt"/>
        <line num="108" count="20" type="cond" truecount="2" falsecount="2"/>
        <line num="109" count="0" type="stmt"/>
        <line num="110" count="20" type="cond" truecount="3" falsecount="1"/>
        <line num="111" count="20" type="stmt"/>
        <line num="115" count="250" type="cond" truecount="1" falsecount="1"/>
        <line num="116" count="250" type="stmt"/>
        <line num="119" count="250" type="cond" truecount="2" falsecount="0"/>
        <line num="120" count="20" type="stmt"/>
        <line num="121" count="20" type="stmt"/>
        <line num="124" count="250" type="stmt"/>
        <line num="126" count="250" type="stmt"/>
        <line num="127" count="0" type="cond" truecount="0" falsecount="4"/>
        <line num="128" count="0" type="stmt"/>
        <line num="130" count="0" type="cond" truecount="0" falsecount="2"/>
        <line num="131" count="0" type="stmt"/>
        <line num="133" count="0" type="stmt"/>
        <line num="135" count="0" type="stmt"/>
        <line num="138" count="0" type="stmt"/>
        <line num="139" count="0" type="stmt"/>
        <line num="142" count="250" type="stmt"/>
        <line num="143" count="4" type="cond" truecount="2" falsecount="0"/>
        <line num="147" count="4" type="stmt"/>
        <line num="152" count="250" type="stmt"/>
        <line num="153" count="4884" type="stmt"/>
        <line num="154" count="975" type="stmt"/>
        <line num="156" count="975" type="stmt"/>
        <line num="159" count="250" type="cond" truecount="2" falsecount="0"/>
        <line num="161" count="250" type="cond" truecount="6" falsecount="0"/>
        <line num="162" count="3" type="stmt"/>
        <line num="163" count="3" type="stmt"/>
        <line num="165" count="250" type="stmt"/>
        <line num="176" count="500" type="cond" truecount="2" falsecount="0"/>
        <line num="177" count="250" type="stmt"/>
        <line num="179" count="250" type="cond" truecount="5" falsecount="0"/>
        <line num="180" count="66" type="stmt"/>
        <line num="181" count="66" type="stmt"/>
        <line num="187" count="113" type="cond" truecount="2" falsecount="0"/>
        <line num="194" count="184" type="cond" truecount="2" falsecount="0"/>
        <line num="195" count="184" type="stmt"/>
        <line num="198" count="1" type="stmt"/>
        <line num="201" count="16" type="stmt"/>
        <line num="202" count="16" type="stmt"/>
        <line num="219" count="905" type="stmt"/>
      </file>
    </package>
    <package name="src.ui.molecules.spinner-popup">
      <metrics statements="1" coveredstatements="1" conditionals="4" coveredconditionals="4" methods="1" coveredmethods="1"/>
      <file name="index.tsx" path="/Users/PPPPPPPPPP/Projects/aanleverloket-v2/src/ui/molecules/spinner-popup/index.tsx">
        <metrics statements="1" coveredstatements="1" conditionals="4" coveredconditionals="4" methods="1" coveredmethods="1"/>
        <line num="9" count="2" type="stmt"/>
      </file>
    </package>
    <package name="src.ui.molecules.text-input">
      <metrics statements="17" coveredstatements="13" conditionals="16" coveredconditionals="12" methods="9" coveredmethods="8"/>
      <file name="index.tsx" path="/Users/PPPPPPPPPP/Projects/aanleverloket-v2/src/ui/molecules/text-input/index.tsx">
        <metrics statements="17" coveredstatements="13" conditionals="16" coveredconditionals="12" methods="9" coveredmethods="8"/>
        <line num="28" count="328" type="stmt"/>
        <line num="29" count="326" type="stmt"/>
        <line num="30" count="326" type="cond" truecount="2" falsecount="0"/>
        <line num="31" count="4" type="cond" truecount="1" falsecount="1"/>
        <line num="32" count="4" type="cond" truecount="2" falsecount="0"/>
        <line num="34" count="0" type="cond" truecount="0" falsecount="2"/>
        <line num="35" count="0" type="stmt"/>
        <line num="37" count="0" type="stmt"/>
        <line num="39" count="4" type="stmt"/>
        <line num="40" count="326" type="cond" truecount="2" falsecount="0"/>
        <line num="43" count="326" type="stmt"/>
        <line num="51" count="326" type="stmt"/>
        <line num="72" count="1" type="stmt"/>
        <line num="76" count="3" type="stmt"/>
        <line num="80" count="219" type="stmt"/>
        <line num="84" count="102" type="stmt"/>
        <line num="88" count="0" type="stmt"/>
      </file>
    </package>
    <package name="src.ui.molecules.textarea">
      <metrics statements="1" coveredstatements="1" conditionals="2" coveredconditionals="2" methods="1" coveredmethods="1"/>
      <file name="index.tsx" path="/Users/PPPPPPPPPP/Projects/aanleverloket-v2/src/ui/molecules/textarea/index.tsx">
        <metrics statements="1" coveredstatements="1" conditionals="2" coveredconditionals="2" methods="1" coveredmethods="1"/>
        <line num="17" count="2" type="stmt"/>
      </file>
    </package>
    <package name="src.ui.molecules.toast">
      <metrics statements="1" coveredstatements="1" conditionals="0" coveredconditionals="0" methods="1" coveredmethods="1"/>
      <file name="index.tsx" path="/Users/PPPPPPPPPP/Projects/aanleverloket-v2/src/ui/molecules/toast/index.tsx">
[...]
        <metrics statements="6" coveredstatements="5" conditionals="6" coveredconditionals="6" methods="2" coveredmethods="1"/>
        <line num="7" count="12" type="stmt"/>
        <line num="8" count="11" type="stmt"/>
        <line num="10" count="11" type="cond" truecount="4" falsecount="0"/>
        <line num="11" count="2" type="stmt"/>
        <line num="12" count="0" type="cond" truecount="2" falsecount="0"/>
        <line num="16" count="9" type="stmt"/>
      </file>
    </package>
    <package name="src.ui.organisms.update-formulier">
      <metrics statements="132" coveredstatements="98" conditionals="116" coveredconditionals="57" methods="59" coveredmethods="40"/>
      <file name="index.tsx" path="/Users/PPPPPPPPPP/Projects/aanleverloket-v2/src/ui/organisms/update-formulier/index.tsx">
        <metrics statements="132" coveredstatements="98" conditionals="116" coveredconditionals="57" methods="59" coveredmethods="40"/>
        <line num="35" count="21" type="stmt"/>
        <line num="36" count="20" type="stmt"/>
        <line num="38" count="20" type="stmt"/>
        <line num="39" count="20" type="stmt"/>
        <line num="40" count="20" type="stmt"/>
        <line num="42" count="20" type="stmt"/>
        <line num="43" count="20" type="cond" truecount="2" falsecount="0"/>
        <line num="44" count="20" type="cond" truecount="2" falsecount="0"/>
        <line num="45" count="20" type="cond" truecount="1" falsecount="1"/>
        <line num="46" count="20" type="cond" truecount="2" falsecount="0"/>
        <line num="47" count="20" type="stmt"/>
        <line num="48" count="20" type="stmt"/>
        <line num="50" count="20" type="cond" truecount="2" falsecount="0"/>
        <line num="51" count="20" type="cond" truecount="2" falsecount="0"/>
        <line num="52" count="20" type="stmt"/>
        <line num="53" count="20" type="cond" truecount="2" falsecount="0"/>
        <line num="54" count="20" type="cond" truecount="2" falsecount="0"/>
        <line num="56" count="20" type="stmt"/>
        <line num="57" count="20" type="stmt"/>
        <line num="58" count="20" type="stmt"/>
        <line num="59" count="20" type="cond" truecount="2" falsecount="0"/>
        <line num="60" count="20" type="cond" truecount="2" falsecount="0"/>
        <line num="61" count="20" type="cond" truecount="2" falsecount="0"/>
        <line num="62" count="20" type="cond" truecount="2" falsecount="0"/>
        <line num="63" count="20" type="cond" truecount="2" falsecount="0"/>
        <line num="64" count="20" type="cond" truecount="2" falsecount="0"/>
        <line num="65" count="20" type="stmt"/>
        <line num="67" count="20" type="stmt"/>
        <line num="68" count="0" type="stmt"/>
        <line num="70" count="0" type="cond" truecount="0" falsecount="2"/>
        <line num="72" count="0" type="stmt"/>
        <line num="73" count="0" type="stmt"/>
        <line num="77" count="0" type="stmt"/>
        <line num="80" count="0" type="stmt"/>
        <line num="83" count="20" type="stmt"/>
        <line num="84" count="22" type="stmt"/>
        <line num="86" count="66" type="cond" truecount="1" falsecount="1"/>
        <line num="89" count="1" type="stmt"/>
        <line num="93" count="66" type="stmt"/>
        <line num="96" count="22" type="stmt"/>
        <line num="100" count="20" type="stmt"/>
        <line num="101" count="20" type="stmt"/>
        <line num="102" count="20" type="stmt"/>
        <line num="103" count="20" type="stmt"/>
        <line num="104" count="22" type="stmt"/>
        <line num="106" count="360" type="stmt"/>
        <line num="108" count="1520" type="cond" truecount="2" falsecount="0"/>
        <line num="110" count="1520" type="stmt"/>
        <line num="111" count="0" type="stmt"/>
        <line num="117" count="20" type="stmt"/>
        <line num="118" count="0" type="cond" truecount="0" falsecount="2"/>
        <line num="119" count="0" type="stmt"/>
        <line num="120" count="0" type="stmt"/>
        <line num="123" count="0" type="stmt"/>
        <line num="127" count="0" type="stmt"/>
        <line num="130" count="0" type="stmt"/>
        <line num="131" count="0" type="stmt"/>
        <line num="132" count="0" type="stmt"/>
        <line num="133" count="0" type="cond" truecount="0" falsecount="2"/>
        <line num="135" count="0" type="cond" truecount="0" falsecount="2"/>
        <line num="139" count="0" type="stmt"/>
        <line num="142" count="0" type="stmt"/>
        <line num="146" count="0" type="cond" truecount="0" falsecount="2"/>
        <line num="149" count="20" type="stmt"/>
        <line num="150" count="1" type="cond" truecount="1" falsecount="1"/>
        <line num="151" count="0" type="stmt"/>
        <line num="178" count="0" type="stmt"/>
        <line num="180" count="0" type="cond" truecount="0" falsecount="2"/>
        <line num="181" count="0" type="stmt"/>
        <line num="182" count="0" type="cond" truecount="0" falsecount="5"/>
        <line num="183" count="0" type="stmt"/>
        <line num="186" count="0" type="cond" truecount="0" falsecount="4"/>
        <line num="187" count="0" type="stmt"/>
        <line num="192" count="1" type="stmt"/>
        <line num="193" count="2" type="stmt"/>
        <line num="194" count="2" type="cond" truecount="4" falsecount="0"/>
        <line num="195" count="1" type="stmt"/>
        <line num="196" count="1" type="stmt"/>
        <line num="197" count="1" type="stmt"/>
        <line num="201" count="0" type="stmt"/>
        <line num="211" count="20" type="stmt"/>
        <line num="212" count="1" type="stmt"/>
        <line num="221" count="1" type="cond" truecount="3" falsecount="1"/>
        <line num="222" count="0" type="cond" truecount="0" falsecount="2"/>
        <line num="223" count="0" type="cond" truecount="0" falsecount="2"/>
        <line num="226" count="3" type="cond" truecount="2" falsecount="0"/>
        <line num="229" count="20" type="stmt"/>
        <line num="230" count="26" type="stmt"/>
        <line num="231" count="26" type="stmt"/>
        <line num="234" count="20" type="stmt"/>
        <line num="235" count="1" type="stmt"/>
        <line num="236" count="1" type="stmt"/>
        <line num="237" count="1" type="cond" truecount="1" falsecount="1"/>
        <line num="238" count="1" type="stmt"/>
        <line num="240" count="0" type="stmt"/>
        <line num="245" count="20" type="stmt"/>
        <line num="246" count="1" type="stmt"/>
        <line num="247" count="1" type="cond" truecount="1" falsecount="1"/>
        <line num="248" count="1" type="stmt"/>
        <line num="250" count="0" type="stmt"/>
        <line num="255" count="20" type="stmt"/>
        <line num="256" count="1" type="stmt"/>
        <line num="257" count="1" type="cond" truecount="1" falsecount="1"/>
        <line num="258" count="1" type="stmt"/>
        <line num="260" count="0" type="stmt"/>
        <line num="265" count="20" type="stmt"/>
        <line num="266" count="1" type="stmt"/>
        <line num="267" count="1" type="stmt"/>
        <line num="268" count="1" type="stmt"/>
        <line num="272" count="128" type="stmt"/>
        <line num="276" count="64" type="stmt"/>
        <line num="283" count="20" type="stmt"/>
        <line num="284" count="20" type="stmt"/>
        <line num="285" count="20" type="stmt"/>
        <line num="286" count="20" type="stmt"/>
        <line num="288" count="20" type="stmt"/>
        <line num="290" count="20" type="stmt"/>
        <line num="306" count="20" type="stmt"/>
        <line num="312" count="22" type="stmt"/>
        <line num="314" count="1" type="stmt"/>
        <line num="317" count="22" type="cond" truecount="2" falsecount="0"/>
        <line num="318" count="2" type="stmt"/>
        <line num="321" count="1" type="stmt"/>
        <line num="325" count="1" type="stmt"/>
        <line num="338" count="2" type="stmt"/>
        <line num="342" count="21" type="stmt"/>
        <line num="344" count="20" type="stmt"/>
        <line num="346" count="20" type="stmt"/>
        <line num="348" count="20" type="stmt"/>
        <line num="368" count="1" type="cond" truecount="2" falsecount="0"/>
        <line num="369" count="1" type="cond" truecount="2" falsecount="0"/>
        <line num="376" count="40" type="cond" truecount="2" falsecount="0"/>
      </file>
    </package>
    <package name="src.ui.screens">
      <metrics statements="0" coveredstatements="0" conditionals="0" coveredconditionals="0" methods="0" coveredmethods="0"/>
      <file name="index.tsx" path="/Users/PPPPPPPPPP/Projects/aanleverloket-v2/src/ui/screens/index.tsx">
        <metrics statements="0" coveredstatements="0" conditionals="0" coveredconditionals="0" methods="0" coveredmethods="0"/>
      </file>
    </package>
    <package name="src.ui.screens.create">
      <metrics statements="5" coveredstatements="5" conditionals="0" coveredconditionals="0" methods="2" coveredmethods="2"/>
      <file name="index.tsx" path="/Users/PPPPPPPPPP/Projects/aanleverloket-v2/src/ui/screens/create/index.tsx">
        <metrics statements="5" coveredstatements="5" conditionals="0" coveredconditionals="0" methods="2" coveredmethods="2"/>
        <line num="13" count="2" type="stmt"/>
        <line num="15" count="1" type="stmt"/>
        <line num="16" count="1" type="stmt"/>
        <line num="17" count="1" type="stmt"/>
        <line num="20" count="1" type="stmt"/>
      </file>
    </package>
    <package name="src.ui.screens.documenten">
      <metrics statements="1" coveredstatements="1" conditionals="0" coveredconditionals="0" methods="1" coveredmethods="1"/>
      <file name="index.tsx" path="/Users/PPPPPPPPPP/Projects/aanleverloket-v2/src/ui/screens/documenten/index.tsx">
        <metrics statements="1" coveredstatements="1" conditionals="0" coveredconditionals="0" methods="1" coveredmethods="1"/>
        <line num="10" count="2" type="stmt"/>
      </file>
    </package>
    <package name="src.ui.screens.login">
      <metrics statements="1" coveredstatements="1" conditionals="0" coveredconditionals="0" methods="1" coveredmethods="1"/>
      <file name="index.tsx" path="/Users/PPPPPPPPPP/Projects/aanleverloket-v2/src/ui/screens/login/index.tsx">
        <metrics statements="1" coveredstatements="1" conditionals="0" coveredconditionals="0" methods="1" coveredmethods="1"/>
        <line num="11" count="2" type="stmt"/>
      </file>
    </package>
    <package name="src.ui.screens.over">
      <metrics statements="1" coveredstatements="1" conditionals="0" coveredconditionals="0" methods="1" coveredmethods="1"/>
      <file name="index.tsx" path="/Users/PPPPPPPPPP/Projects/aanleverloket-v2/src/ui/screens/over/index.tsx">
        <metrics statements="1" coveredstatements="1" conditionals="0" coveredconditionals="0" methods="1" coveredmethods="1"/>
        <line num="11" count="1" type="stmt"/>
      </file>
    </package>
    <package name="src.ui.screens.start">
      <metrics statements="3" coveredstatements="3" conditionals="0" coveredconditionals="0" methods="2" coveredmethods="2"/>
      <file name="index.tsx" path="/Users/PPPPPPPPPP/Projects/aanleverloket-v2/src/ui/screens/start/index.tsx">
        <metrics statements="3" coveredstatements="3" conditionals="0" coveredconditionals="0" methods="2" coveredmethods="2"/>
        <line num="12" count="3" type="stmt"/>
        <line num="14" count="3" type="stmt"/>
        <line num="32" count="1" type="stmt"/>
      </file>
    </package>
    <package name="src.ui.screens.update">
      <metrics statements="8" coveredstatements="7" conditionals="13" coveredconditionals="6" methods="2" coveredmethods="2"/>
      <file name="index.tsx" path="/Users/PPPPPPPPPP/Projects/aanleverloket-v2/src/ui/screens/update/index.tsx">
        <metrics statements="8" coveredstatements="7" conditionals="13" coveredconditionals="6" methods="2" coveredmethods="2"/>
        <line num="16" count="1" type="stmt"/>
        <line num="17" count="1" type="stmt"/>
        <line num="18" count="1" type="stmt"/>
        <line num="19" count="1" type="cond" truecount="2" falsecount="0"/>
        <line num="21" count="1" type="stmt"/>
        <line num="22" count="1" type="cond" truecount="1" falsecount="1"/>
        <line num="23" count="0" type="stmt"/>
        <line num="26" count="1" type="stmt"/>
      </file>
    </package>
    <package name="src.utils">
      <metrics statements="77" coveredstatements="68" conditionals="32" coveredconditionals="23" methods="25" coveredmethods="18"/>
      <file name="DateFormatter.ts" path="/Users/PPPPPPPPPP/Projects/aanleverloket-v2/src/utils/DateFormatter.ts">
        <metrics statements="7" coveredstatements="7" conditionals="3" coveredconditionals="2" methods="3" coveredmethods="3"/>
        <line num="2" count="67" type="stmt"/>
        <line num="3" count="44" type="stmt"/>
        <line num="4" count="44" type="stmt"/>
        <line num="7" count="67" type="stmt"/>
        <line num="8" count="88" type="stmt"/>
        <line num="11" count="67" type="cond" truecount="0" falsecount="1"/>
        <line num="12" count="44" type="stmt"/>
      </file>
      <file name="FileReader.ts" path="/Users/PPPPPPPPPP/Projects/aanleverloket-v2/src/utils/FileReader.ts">
        <metrics statements="10" coveredstatements="3" conditionals="2" coveredconditionals="0" methods="6" coveredmethods="2"/>
        <line num="8" count="2" type="stmt"/>
        <line num="11" count="2" type="stmt"/>
        <line num="12" count="0" type="stmt"/>
        <line num="14" count="0" type="stmt"/>
        <line num="15" count="0" type="stmt"/>
        <line num="16" count="0" type="stmt"/>
        <line num="17" count="0" type="cond" truecount="0" falsecount="2"/>
        <line num="19" count="0" type="stmt"/>
        <line num="23" count="0" type="stmt"/>
        <line num="28" count="2" type="stmt"/>
      </file>
      <file name="Storage.ts" path="/Users/PPPPPPPPPP/Projects/aanleverloket-v2/src/utils/Storage.ts">
        <metrics statements="3" coveredstatements="3" conditionals="0" coveredconditionals="0" methods="3" coveredmethods="3"/>
        <line num="8" count="37" type="stmt"/>
        <line num="9" count="37" type="stmt"/>
        <line num="10" count="37" type="stmt"/>
      </file>
      <file name="StringSanitizer.ts" path="/Users/PPPPPPPPPP/Projects/aanleverloket-v2/src/utils/StringSanitizer.ts">
        <metrics statements="34" coveredstatements="32" conditionals="20" coveredconditionals="14" methods="9" coveredmethods="6"/>
        <line num="3" count="38" type="cond" truecount="0" falsecount="2"/>
        <line num="6" count="183" type="stmt"/>
        <line num="7" count="4" type="stmt"/>
        <line num="8" count="4" type="stmt"/>
        <line num="10" count="4" type="cond" truecount="2" falsecount="2"/>
        <line num="11" count="0" type="stmt"/>
        <line num="14" count="4" type="cond" truecount="1" falsecount="1"/>
        <line num="15" count="0" type="stmt"/>
        <line num="18" count="4" type="cond" truecount="2" falsecount="0"/>
        <line num="19" count="1" type="stmt"/>
        <line num="21" count="3" type="stmt"/>
        <line num="24" count="183" type="stmt"/>
        <line num="25" count="2" type="stmt"/>
        <line num="26" count="2" type="stmt"/>
        <line num="27" count="2" type="stmt"/>
        <line num="29" count="2" type="cond" truecount="2" falsecount="0"/>
        <line num="30" count="1" type="stmt"/>
        <line num="32" count="1" type="stmt"/>
        <line num="34" count="2" type="cond" truecount="1" falsecount="1"/>
        <line num="35" count="2" type="stmt"/>
        <line num="37" count="2" type="stmt"/>
        <line num="40" count="4833" type="stmt"/>
        <line num="45" count="183" type="stmt"/>
        <line num="47" count="183" type="stmt"/>
        <line num="48" count="89400" type="cond" truecount="2" falsecount="0"/>
        <line num="50" count="89400" type="stmt"/>
        <line num="51" count="89400" type="stmt"/>
        <line num="52" count="89400" type="stmt"/>
        <line num="54" count="89400" type="stmt"/>
        <line num="57" count="7520" type="cond" truecount="2" falsecount="0"/>
        <line num="60" count="183" type="stmt"/>
        <line num="61" count="964" type="cond" truecount="2" falsecount="0"/>
        <line num="62" count="42" type="stmt"/>
        <line num="64" count="922" type="stmt"/>
      </file>
      <file name="WaardelijstCrawler.ts" path="/Users/PPPPPPPPPP/Projects/aanleverloket-v2/src/utils/WaardelijstCrawler.ts">
        <metrics statements="23" coveredstatements="23" conditionals="7" coveredconditionals="7" methods="4" coveredmethods="4"/>
        <line num="1" count="37" type="stmt"/>
        <line num="2" count="37" type="stmt"/>
        <line num="3" count="37" type="stmt"/>
        <line num="4" count="37" type="stmt"/>
        <line num="5" count="37" type="stmt"/>
        <line num="6" count="37" type="stmt"/>
        <line num="10" count="37" type="stmt"/>
        <line num="11" count="30" type="stmt"/>
        <line num="12" count="30" type="stmt"/>
        <line num="15" count="37" type="stmt"/>
        <line num="16" count="30" type="cond" truecount="7" falsecount="0"/>
        <line num="17" count="1" type="stmt"/>
        <line num="18" count="1" type="stmt"/>
        <line num="19" count="24" type="stmt"/>
        <line num="20" count="1" type="stmt"/>
        <line num="21" count="1" type="stmt"/>
        <line num="22" count="1" type="stmt"/>
        <line num="23" count="1" type="stmt"/>
        <line num="27" count="37" type="stmt"/>
        <line num="28" count="483" type="stmt"/>
        <line num="30" count="29" type="stmt"/>
        <line num="31" count="29" type="stmt"/>
        <line num="33" count="29" type="stmt"/>
      </file>
    </package>
    <package name="src.validations">
      <metrics statements="17" coveredstatements="11" conditionals="25" coveredconditionals="14" methods="9" coveredmethods="6"/>
      <file name="maxSizeValidator.ts" path="/Users/PPPPPPPPPP/Projects/aanleverloket-v2/src/validations/maxSizeValidator.ts">
        <metrics statements="3" coveredstatements="3" conditionals="4" coveredconditionals="4" methods="2" coveredmethods="2"/>
        <line num="8" count="41" type="stmt"/>
        <line num="12" count="6" type="cond" truecount="4" falsecount="0"/>
        <line num="13" count="1" type="stmt"/>
      </file>
      <file name="minimumLengthValidator.ts" path="/Users/PPPPPPPPPP/Projects/aanleverloket-v2/src/validations/minimumLengthValidator.ts">
        <metrics statements="8" coveredstatements="2" conditionals="9" coveredconditionals="0" methods="4" coveredmethods="1"/>
        <line num="5" count="40" type="stmt"/>
        <line num="9" count="40" type="stmt"/>
        <line num="13" count="0" type="cond" truecount="0" falsecount="4"/>
        <line num="14" count="0" type="stmt"/>
        <line num="20" count="0" type="stmt"/>
        <line num="24" count="0" type="stmt"/>
        <line num="28" count="0" type="cond" truecount="0" falsecount="5"/>
        <line num="29" count="0" type="stmt"/>
      </file>
      <file name="requiredValidator.ts" path="/Users/PPPPPPPPPP/Projects/aanleverloket-v2/src/validations/requiredValidator.ts">
        <metrics statements="6" coveredstatements="6" conditionals="12" coveredconditionals="10" methods="3" coveredmethods="3"/>
        <line num="6" count="4" type="cond" truecount="2" falsecount="2"/>
        <line num="7" count="4" type="stmt"/>
        <line num="14" count="221" type="cond" truecount="4" falsecount="0"/>
        <line num="15" count="133" type="stmt"/>
        <line num="22" count="6" type="cond" truecount="4" falsecount="0"/>
        <line num="23" count="2" type="stmt"/>
      </file>
    </package>
  </project>
</coverage>
