{"/Users/PPPPPPPPPP/Projects/aanleverloket-v2/src/index.tsx": {"path":"/Users/PPPPPPPPPP/Projects/aanleverloket-v2/src/index.tsx","statementMap":{"0":{"start":{"line":8,"column":0},"end":{"line":8,"column":59}},"1":{"start":{"line":9,"column":0},"end":{"line":9,"column":44}},"2":{"start":{"line":10,"column":0},"end":{"line":10,"column":59}},"3":{"start":{"line":12,"column":13},"end":{"line":14,"column":1}},"4":{"start":{"line":16,"column":14},"end":{"line":16,"column":26}},"5":{"start":{"line":18,"column":0},"end":{"line":24,"column":2}}},"fnMap":{},"branchMap":{},"s":{"0":0,"1":0,"2":0,"3":0,"4":0,"5":0},"f":{},"b":{}}
,"/Users/PPPPPPPPPP/Projects/aanleverloket-v2/src/react-app-env.d.ts": {"path":"/Users/PPPPPPPPPP/Projects/aanleverloket-v2/src/react-app-env.d.ts","statementMap":{},"fnMap":{},"branchMap":{},"s":{},"f":{},"b":{}}
,"/Users/PPPPPPPPPP/Projects/aanleverloket-v2/src/api/auth.ts": {"path":"/Users/PPPPPPPPPP/Projects/aanleverloket-v2/src/api/auth.ts","statementMap":{"0":{"start":{"line":1,"column":16},"end":{"line":1,"column":867}},"1":{"start":{"line":13,"column":8},"end":{"line":13,"column":49}},"2":{"start":{"line":14,"column":8},"end":{"line":14,"column":40}},"3":{"start":{"line":21,"column":20},"end":{"line":21,"column":72}},"4":{"start":{"line":24,"column":25},"end":{"line":24,"column":42}},"5":{"start":{"line":26,"column":8},"end":{"line":26,"column":75}},"6":{"start":{"line":28,"column":8},"end":{"line":28,"column":51}},"7":{"start":{"line":32,"column":25},"end":{"line":32,"column":42}},"8":{"start":{"line":34,"column":8},"end":{"line":34,"column":41}},"9":{"start":{"line":36,"column":8},"end":{"line":36,"column":51}},"10":{"start":{"line":38,"column":25},"end":{"line":38,"column":77}},"11":{"start":{"line":39,"column":8},"end":{"line":40,"column":44}},"12":{"start":{"line":40,"column":12},"end":{"line":40,"column":44}},"13":{"start":{"line":42,"column":8},"end":{"line":42,"column":31}}},"fnMap":{"0":{"name":"(anonymous_0)","decl":{"start":{"line":11,"column":4},"end":{"line":11,"column":5}},"loc":{"start":{"line":11,"column":19},"end":{"line":11,"column":22}},"line":11},"1":{"name":"(anonymous_1)","decl":{"start":{"line":12,"column":4},"end":{"line":12,"column":5}},"loc":{"start":{"line":12,"column":51},"end":{"line":15,"column":5}},"line":12},"2":{"name":"(anonymous_2)","decl":{"start":{"line":21,"column":4},"end":{"line":21,"column":5}},"loc":{"start":{"line":21,"column":18},"end":{"line":21,"column":74}},"line":21},"3":{"name":"(anonymous_3)","decl":{"start":{"line":23,"column":4},"end":{"line":23,"column":5}},"loc":{"start":{"line":23,"column":19},"end":{"line":29,"column":5}},"line":23},"4":{"name":"(anonymous_4)","decl":{"start":{"line":31,"column":4},"end":{"line":31,"column":5}},"loc":{"start":{"line":31,"column":57},"end":{"line":43,"column":5}},"line":31}},"branchMap":{"0":{"loc":{"start":{"line":39,"column":8},"end":{"line":40,"column":44}},"type":"if","locations":[{"start":{"line":39,"column":8},"end":{"line":40,"column":44}},{"start":{},"end":{}}],"line":39}},"s":{"0":36,"1":1,"2":1,"3":0,"4":0,"5":0,"6":0,"7":0,"8":0,"9":0,"10":0,"11":0,"12":0,"13":0},"f":{"0":1,"1":1,"2":0,"3":0,"4":0},"b":{"0":[0,0]},"_coverageSchema":"1a1c01bbd47fc00a2c39e90264f33305004495a9","hash":"1c3cc3c8dc2312f328cd05917f1da51d88f0f930"}
,"/Users/PPPPPPPPPP/Projects/aanleverloket-v2/src/api/baseClient.ts": {"path":"/Users/PPPPPPPPPP/Projects/aanleverloket-v2/src/api/baseClient.ts","statementMap":{"0":{"start":{"line":14,"column":8},"end":{"line":14,"column":48}},"1":{"start":{"line":15,"column":8},"end":{"line":15,"column":59}},"2":{"start":{"line":17,"column":8},"end":{"line":17,"column":40}},"3":{"start":{"line":18,"column":8},"end":{"line":18,"column":46}},"4":{"start":{"line":21,"column":20},"end":{"line":32,"column":5}},"5":{"start":{"line":22,"column":29},"end":{"line":22,"column":112}},"6":{"start":{"line":23,"column":21},"end":{"line":23,"column":60}},"7":{"start":{"line":25,"column":8},"end":{"line":31,"column":62}},"8":{"start":{"line":31,"column":23},"end":{"line":31,"column":60}},"9":{"start":{"line":34,"column":31},"end":{"line":55,"column":5}},"10":{"start":{"line":35,"column":8},"end":{"line":37,"column":9}},"11":{"start":{"line":36,"column":12},"end":{"line":36,"column":83}},"12":{"start":{"line":39,"column":28},"end":{"line":39,"column":64}},"13":{"start":{"line":41,"column":8},"end":{"line":42,"column":42}},"14":{"start":{"line":42,"column":12},"end":{"line":42,"column":42}},"15":{"start":{"line":44,"column":31},"end":{"line":44,"column":131}},"16":{"start":{"line":45,"column":8},"end":{"line":50,"column":9}},"17":{"start":{"line":46,"column":12},"end":{"line":49,"column":14}},"18":{"start":{"line":52,"column":8},"end":{"line":54,"column":9}}},"fnMap":{"0":{"name":"(anonymous_0)","decl":{"start":{"line":13,"column":4},"end":{"line":13,"column":5}},"loc":{"start":{"line":13,"column":69},"end":{"line":19,"column":5}},"line":13},"1":{"name":"(anonymous_1)","decl":{"start":{"line":21,"column":20},"end":{"line":21,"column":21}},"loc":{"start":{"line":21,"column":143},"end":{"line":32,"column":5}},"line":21},"2":{"name":"(anonymous_2)","decl":{"start":{"line":31,"column":18},"end":{"line":31,"column":19}},"loc":{"start":{"line":31,"column":23},"end":{"line":31,"column":60}},"line":31},"3":{"name":"(anonymous_3)","decl":{"start":{"line":34,"column":31},"end":{"line":34,"column":32}},"loc":{"start":{"line":34,"column":132},"end":{"line":55,"column":5}},"line":34}},"branchMap":{"0":{"loc":{"start":{"line":23,"column":21},"end":{"line":23,"column":60}},"type":"cond-expr","locations":[{"start":{"line":23,"column":28},"end":{"line":23,"column":48}},{"start":{"line":23,"column":51},"end":{"line":23,"column":60}}],"line":23},"1":{"loc":{"start":{"line":27,"column":20},"end":{"line":27,"column":35}},"type":"binary-expr","locations":[{"start":{"line":27,"column":20},"end":{"line":27,"column":26}},{"start":{"line":27,"column":30},"end":{"line":27,"column":35}}],"line":27},"2":{"loc":{"start":{"line":35,"column":8},"end":{"line":37,"column":9}},"type":"if","locations":[{"start":{"line":35,"column":8},"end":{"line":37,"column":9}},{"start":{},"end":{}}],"line":35},"3":{"loc":{"start":{"line":41,"column":8},"end":{"line":42,"column":42}},"type":"if","locations":[{"start":{"line":41,"column":8},"end":{"line":42,"column":42}},{"start":{},"end":{}}],"line":41},"4":{"loc":{"start":{"line":44,"column":31},"end":{"line":44,"column":131}},"type":"binary-expr","locations":[{"start":{"line":44,"column":31},"end":{"line":44,"column":77}},{"start":{"line":44,"column":81},"end":{"line":44,"column":131}}],"line":44},"5":{"loc":{"start":{"line":45,"column":8},"end":{"line":50,"column":9}},"type":"if","locations":[{"start":{"line":45,"column":8},"end":{"line":50,"column":9}},{"start":{},"end":{}}],"line":45},"6":{"loc":{"start":{"line":45,"column":12},"end":{"line":45,"column":40}},"type":"binary-expr","locations":[{"start":{"line":45,"column":12},"end":{"line":45,"column":23}},{"start":{"line":45,"column":27},"end":{"line":45,"column":40}}],"line":45}},"s":{"0":1,"1":1,"2":1,"3":1,"4":1,"5":1,"6":1,"7":1,"8":0,"9":1,"10":0,"11":0,"12":0,"13":0,"14":0,"15":0,"16":0,"17":0,"18":0},"f":{"0":1,"1":1,"2":0,"3":0},"b":{"0":[0,1],"1":[1,0],"2":[0,0],"3":[0,0],"4":[0,0],"5":[0,0],"6":[0,0]},"_coverageSchema":"1a1c01bbd47fc00a2c39e90264f33305004495a9","hash":"14a652f0e341d8e7f3da94aa1e2f454abae85cc2"}
,"/Users/PPPPPPPPPP/Projects/aanleverloket-v2/src/api/document.ts": {"path":"/Users/PPPPPPPPPP/Projects/aanleverloket-v2/src/api/document.ts","statementMap":{"0":{"start":{"line":17,"column":8},"end":{"line":17,"column":33}},"1":{"start":{"line":20,"column":8},"end":{"line":20,"column":33}},"2":{"start":{"line":24,"column":8},"end":{"line":24,"column":61}},"3":{"start":{"line":30,"column":28},"end":{"line":30,"column":41}},"4":{"start":{"line":32,"column":8},"end":{"line":35,"column":67}},"5":{"start":{"line":38,"column":21},"end":{"line":49,"column":5}},"6":{"start":{"line":39,"column":8},"end":{"line":48,"column":61}},"7":{"start":{"line":48,"column":23},"end":{"line":48,"column":59}},"8":{"start":{"line":51,"column":21},"end":{"line":62,"column":5}},"9":{"start":{"line":52,"column":8},"end":{"line":61,"column":61}},"10":{"start":{"line":61,"column":23},"end":{"line":61,"column":59}},"11":{"start":{"line":64,"column":25},"end":{"line":66,"column":5}},"12":{"start":{"line":65,"column":8},"end":{"line":65,"column":62}}},"fnMap":{"0":{"name":"(anonymous_0)","decl":{"start":{"line":16,"column":4},"end":{"line":16,"column":5}},"loc":{"start":{"line":16,"column":108},"end":{"line":18,"column":5}},"line":16},"1":{"name":"(anonymous_1)","decl":{"start":{"line":19,"column":4},"end":{"line":19,"column":5}},"loc":{"start":{"line":19,"column":108},"end":{"line":21,"column":5}},"line":19},"2":{"name":"(anonymous_2)","decl":{"start":{"line":23,"column":4},"end":{"line":23,"column":5}},"loc":{"start":{"line":23,"column":98},"end":{"line":25,"column":5}},"line":23},"3":{"name":"(anonymous_3)","decl":{"start":{"line":31,"column":4},"end":{"line":31,"column":5}},"loc":{"start":{"line":31,"column":18},"end":{"line":36,"column":5}},"line":31},"4":{"name":"(anonymous_4)","decl":{"start":{"line":38,"column":21},"end":{"line":38,"column":22}},"loc":{"start":{"line":38,"column":100},"end":{"line":49,"column":5}},"line":38},"5":{"name":"(anonymous_5)","decl":{"start":{"line":48,"column":18},"end":{"line":48,"column":19}},"loc":{"start":{"line":48,"column":23},"end":{"line":48,"column":59}},"line":48},"6":{"name":"(anonymous_6)","decl":{"start":{"line":51,"column":21},"end":{"line":51,"column":22}},"loc":{"start":{"line":51,"column":100},"end":{"line":62,"column":5}},"line":51},"7":{"name":"(anonymous_7)","decl":{"start":{"line":61,"column":18},"end":{"line":61,"column":19}},"loc":{"start":{"line":61,"column":23},"end":{"line":61,"column":59}},"line":61},"8":{"name":"(anonymous_8)","decl":{"start":{"line":64,"column":25},"end":{"line":64,"column":26}},"loc":{"start":{"line":64,"column":41},"end":{"line":66,"column":5}},"line":64}},"branchMap":{},"s":{"0":0,"1":0,"2":1,"3":0,"4":0,"5":0,"6":0,"7":0,"8":0,"9":0,"10":0,"11":0,"12":0},"f":{"0":0,"1":0,"2":1,"3":0,"4":0,"5":0,"6":0,"7":0,"8":0},"b":{},"_coverageSchema":"1a1c01bbd47fc00a2c39e90264f33305004495a9","hash":"34e748e5dc94655f591be91c6e336dc036b3bda3"}
,"/Users/PPPPPPPPPP/Projects/aanleverloket-v2/src/api/index.tsx": {"path":"/Users/PPPPPPPPPP/Projects/aanleverloket-v2/src/api/index.tsx","statementMap":{"0":{"start":{"line":7,"column":32},"end":{"line":7,"column":37}},"1":{"start":{"line":8,"column":36},"end":{"line":8,"column":117}},"2":{"start":{"line":8,"column":54},"end":{"line":8,"column":117}},"3":{"start":{"line":9,"column":38},"end":{"line":9,"column":125}},"4":{"start":{"line":9,"column":58},"end":{"line":9,"column":125}},"5":{"start":{"line":10,"column":38},"end":{"line":10,"column":125}},"6":{"start":{"line":10,"column":58},"end":{"line":10,"column":125}},"7":{"start":{"line":11,"column":34},"end":{"line":11,"column":109}},"8":{"start":{"line":11,"column":50},"end":{"line":11,"column":109}}},"fnMap":{"0":{"name":"(anonymous_0)","decl":{"start":{"line":8,"column":36},"end":{"line":8,"column":37}},"loc":{"start":{"line":8,"column":54},"end":{"line":8,"column":117}},"line":8},"1":{"name":"(anonymous_1)","decl":{"start":{"line":9,"column":38},"end":{"line":9,"column":39}},"loc":{"start":{"line":9,"column":58},"end":{"line":9,"column":125}},"line":9},"2":{"name":"(anonymous_2)","decl":{"start":{"line":10,"column":38},"end":{"line":10,"column":39}},"loc":{"start":{"line":10,"column":58},"end":{"line":10,"column":125}},"line":10},"3":{"name":"(anonymous_3)","decl":{"start":{"line":11,"column":34},"end":{"line":11,"column":35}},"loc":{"start":{"line":11,"column":50},"end":{"line":11,"column":109}},"line":11}},"branchMap":{"0":{"loc":{"start":{"line":8,"column":54},"end":{"line":8,"column":117}},"type":"cond-expr","locations":[{"start":{"line":8,"column":80},"end":{"line":8,"column":95}},{"start":{"line":8,"column":98},"end":{"line":8,"column":117}}],"line":8},"1":{"loc":{"start":{"line":9,"column":58},"end":{"line":9,"column":125}},"type":"cond-expr","locations":[{"start":{"line":9,"column":84},"end":{"line":9,"column":101}},{"start":{"line":9,"column":104},"end":{"line":9,"column":125}}],"line":9},"2":{"loc":{"start":{"line":10,"column":58},"end":{"line":10,"column":125}},"type":"cond-expr","locations":[{"start":{"line":10,"column":84},"end":{"line":10,"column":101}},{"start":{"line":10,"column":104},"end":{"line":10,"column":125}}],"line":10},"3":{"loc":{"start":{"line":11,"column":50},"end":{"line":11,"column":109}},"type":"cond-expr","locations":[{"start":{"line":11,"column":76},"end":{"line":11,"column":89}},{"start":{"line":11,"column":92},"end":{"line":11,"column":109}}],"line":11}},"s":{"0":36,"1":36,"2":6,"3":36,"4":2,"5":36,"6":3,"7":36,"8":2},"f":{"0":6,"1":2,"2":3,"3":2},"b":{"0":[1,5],"1":[0,2],"2":[0,3],"3":[0,2]},"_coverageSchema":"1a1c01bbd47fc00a2c39e90264f33305004495a9","hash":"d42305a801f2813cad50126f9d9b57d4c2e99ce5"}
,"/Users/PPPPPPPPPP/Projects/aanleverloket-v2/src/api/metadata.ts": {"path":"/Users/PPPPPPPPPP/Projects/aanleverloket-v2/src/api/metadata.ts","statementMap":{"0":{"start":{"line":11,"column":21},"end":{"line":14,"column":3}},"1":{"start":{"line":12,"column":18},"end":{"line":12,"column":45}},"2":{"start":{"line":13,"column":4},"end":{"line":13,"column":55}},"3":{"start":{"line":16,"column":28},"end":{"line":39,"column":1}},"4":{"start":{"line":43,"column":8},"end":{"line":43,"column":91}},"5":{"start":{"line":46,"column":8},"end":{"line":46,"column":45}},"6":{"start":{"line":49,"column":8},"end":{"line":49,"column":45}},"7":{"start":{"line":57,"column":8},"end":{"line":62,"column":10}},"8":{"start":{"line":66,"column":28},"end":{"line":76,"column":5}},"9":{"start":{"line":67,"column":25},"end":{"line":67,"column":86}},"10":{"start":{"line":69,"column":8},"end":{"line":70,"column":37}},"11":{"start":{"line":70,"column":12},"end":{"line":70,"column":37}},"12":{"start":{"line":72,"column":29},"end":{"line":72,"column":69}},"13":{"start":{"line":73,"column":20},"end":{"line":73,"column":57}},"14":{"start":{"line":75,"column":8},"end":{"line":75,"column":100}},"15":{"start":{"line":78,"column":28},"end":{"line":85,"column":5}},"16":{"start":{"line":79,"column":25},"end":{"line":79,"column":78}},"17":{"start":{"line":81,"column":8},"end":{"line":82,"column":37}},"18":{"start":{"line":82,"column":12},"end":{"line":82,"column":37}},"19":{"start":{"line":84,"column":8},"end":{"line":84,"column":20}},"20":{"start":{"line":87,"column":25},"end":{"line":94,"column":5}},"21":{"start":{"line":88,"column":25},"end":{"line":88,"column":83}},"22":{"start":{"line":90,"column":8},"end":{"line":91,"column":37}},"23":{"start":{"line":91,"column":12},"end":{"line":91,"column":37}},"24":{"start":{"line":93,"column":8},"end":{"line":93,"column":20}}},"fnMap":{"0":{"name":"(anonymous_0)","decl":{"start":{"line":11,"column":21},"end":{"line":11,"column":22}},"loc":{"start":{"line":11,"column":41},"end":{"line":14,"column":3}},"line":11},"1":{"name":"(anonymous_1)","decl":{"start":{"line":42,"column":4},"end":{"line":42,"column":5}},"loc":{"start":{"line":42,"column":85},"end":{"line":44,"column":5}},"line":42},"2":{"name":"(anonymous_2)","decl":{"start":{"line":45,"column":4},"end":{"line":45,"column":5}},"loc":{"start":{"line":45,"column":73},"end":{"line":47,"column":5}},"line":45},"3":{"name":"(anonymous_3)","decl":{"start":{"line":48,"column":4},"end":{"line":48,"column":5}},"loc":{"start":{"line":48,"column":54},"end":{"line":50,"column":5}},"line":48},"4":{"name":"(anonymous_4)","decl":{"start":{"line":56,"column":4},"end":{"line":56,"column":5}},"loc":{"start":{"line":56,"column":18},"end":{"line":63,"column":5}},"line":56},"5":{"name":"(anonymous_5)","decl":{"start":{"line":66,"column":28},"end":{"line":66,"column":29}},"loc":{"start":{"line":66,"column":97},"end":{"line":76,"column":5}},"line":66},"6":{"name":"(anonymous_6)","decl":{"start":{"line":78,"column":28},"end":{"line":78,"column":29}},"loc":{"start":{"line":78,"column":66},"end":{"line":85,"column":5}},"line":78},"7":{"name":"(anonymous_7)","decl":{"start":{"line":87,"column":25},"end":{"line":87,"column":26}},"loc":{"start":{"line":87,"column":47},"end":{"line":94,"column":5}},"line":87}},"branchMap":{"0":{"loc":{"start":{"line":69,"column":8},"end":{"line":70,"column":37}},"type":"if","locations":[{"start":{"line":69,"column":8},"end":{"line":70,"column":37}},{"start":{},"end":{}}],"line":69},"1":{"loc":{"start":{"line":81,"column":8},"end":{"line":82,"column":37}},"type":"if","locations":[{"start":{"line":81,"column":8},"end":{"line":82,"column":37}},{"start":{},"end":{}}],"line":81},"2":{"loc":{"start":{"line":90,"column":8},"end":{"line":91,"column":37}},"type":"if","locations":[{"start":{"line":90,"column":8},"end":{"line":91,"column":37}},{"start":{},"end":{}}],"line":90}},"s":{"0":36,"1":72,"2":72,"3":36,"4":0,"5":1,"6":1,"7":0,"8":0,"9":0,"10":0,"11":0,"12":0,"13":0,"14":0,"15":0,"16":0,"17":0,"18":0,"19":0,"20":0,"21":0,"22":0,"23":0,"24":0},"f":{"0":72,"1":0,"2":1,"3":1,"4":0,"5":0,"6":0,"7":0},"b":{"0":[0,0],"1":[0,0],"2":[0,0]},"_coverageSchema":"1a1c01bbd47fc00a2c39e90264f33305004495a9","hash":"615fea3bf8a8419e14d477a3614572ec2c105c9a"}
,"/Users/PPPPPPPPPP/Projects/aanleverloket-v2/src/api/search.ts": {"path":"/Users/PPPPPPPPPP/Projects/aanleverloket-v2/src/api/search.ts","statementMap":{"0":{"start":{"line":11,"column":8},"end":{"line":20,"column":10}},"1":{"start":{"line":23,"column":25},"end":{"line":28,"column":5}},"2":{"start":{"line":24,"column":23},"end":{"line":24,"column":63}},"3":{"start":{"line":25,"column":25},"end":{"line":25,"column":100}},"4":{"start":{"line":27,"column":8},"end":{"line":27,"column":39}},"5":{"start":{"line":32,"column":25},"end":{"line":103,"column":5}},"6":{"start":{"line":33,"column":8},"end":{"line":34,"column":48}},"7":{"start":{"line":34,"column":12},"end":{"line":34,"column":48}},"8":{"start":{"line":36,"column":21},"end":{"line":100,"column":26}},"9":{"start":{"line":102,"column":8},"end":{"line":102,"column":20}}},"fnMap":{"0":{"name":"(anonymous_0)","decl":{"start":{"line":10,"column":4},"end":{"line":10,"column":5}},"loc":{"start":{"line":10,"column":18},"end":{"line":21,"column":5}},"line":10},"1":{"name":"(anonymous_1)","decl":{"start":{"line":23,"column":25},"end":{"line":23,"column":26}},"loc":{"start":{"line":23,"column":65},"end":{"line":28,"column":5}},"line":23},"2":{"name":"(anonymous_2)","decl":{"start":{"line":32,"column":25},"end":{"line":32,"column":26}},"loc":{"start":{"line":32,"column":65},"end":{"line":103,"column":5}},"line":32}},"branchMap":{"0":{"loc":{"start":{"line":24,"column":52},"end":{"line":24,"column":61}},"type":"binary-expr","locations":[{"start":{"line":24,"column":52},"end":{"line":24,"column":56}},{"start":{"line":24,"column":60},"end":{"line":24,"column":61}}],"line":24},"1":{"loc":{"start":{"line":33,"column":8},"end":{"line":34,"column":48}},"type":"if","locations":[{"start":{"line":33,"column":8},"end":{"line":34,"column":48}},{"start":{},"end":{}}],"line":33},"2":{"loc":{"start":{"line":33,"column":12},"end":{"line":33,"column":42}},"type":"binary-expr","locations":[{"start":{"line":33,"column":12},"end":{"line":33,"column":30}},{"start":{"line":33,"column":34},"end":{"line":33,"column":42}}],"line":33}},"s":{"0":1,"1":1,"2":1,"3":1,"4":0,"5":6,"6":6,"7":1,"8":5,"9":5},"f":{"0":1,"1":1,"2":6},"b":{"0":[1,0],"1":[1,5],"2":[6,5]},"_coverageSchema":"1a1c01bbd47fc00a2c39e90264f33305004495a9","hash":"d1f4498848bb63590c0cf45305820b9ed045a6fe"}
,"/Users/PPPPPPPPPP/Projects/aanleverloket-v2/src/factories/checkbox.ts": {"path":"/Users/PPPPPPPPPP/Projects/aanleverloket-v2/src/factories/checkbox.ts","statementMap":{"0":{"start":{"line":5,"column":18},"end":{"line":18,"column":4}},"1":{"start":{"line":11,"column":19},"end":{"line":18,"column":3}}},"fnMap":{"0":{"name":"(anonymous_0)","decl":{"start":{"line":5,"column":18},"end":{"line":5,"column":19}},"loc":{"start":{"line":11,"column":19},"end":{"line":18,"column":3}},"line":11}},"branchMap":{"0":{"loc":{"start":{"line":13,"column":11},"end":{"line":13,"column":54}},"type":"binary-expr","locations":[{"start":{"line":13,"column":11},"end":{"line":13,"column":32}},{"start":{"line":13,"column":36},"end":{"line":13,"column":54}}],"line":13}},"s":{"0":60,"1":7552},"f":{"0":7552},"b":{"0":[7552,238]},"_coverageSchema":"1a1c01bbd47fc00a2c39e90264f33305004495a9","hash":"85467f0dc24e0d42f19bd03531c492ba366f3a13"}
,"/Users/PPPPPPPPPP/Projects/aanleverloket-v2/src/factories/documentsorten.ts": {"path":"/Users/PPPPPPPPPP/Projects/aanleverloket-v2/src/factories/documentsorten.ts","statementMap":{"0":{"start":{"line":8,"column":31},"end":{"line":8,"column":32}},"1":{"start":{"line":10,"column":31},"end":{"line":10,"column":36}},"2":{"start":{"line":13,"column":8},"end":{"line":13,"column":37}},"3":{"start":{"line":14,"column":8},"end":{"line":14,"column":31}},"4":{"start":{"line":16,"column":8},"end":{"line":18,"column":9}},"5":{"start":{"line":17,"column":12},"end":{"line":17,"column":54}},"6":{"start":{"line":22,"column":8},"end":{"line":24,"column":14}},"7":{"start":{"line":28,"column":8},"end":{"line":28,"column":57}},"8":{"start":{"line":32,"column":8},"end":{"line":32,"column":29}},"9":{"start":{"line":36,"column":21},"end":{"line":36,"column":62}},"10":{"start":{"line":37,"column":8},"end":{"line":37,"column":47}},"11":{"start":{"line":38,"column":8},"end":{"line":38,"column":20}},"12":{"start":{"line":42,"column":8},"end":{"line":44,"column":9}},"13":{"start":{"line":43,"column":12},"end":{"line":43,"column":38}},"14":{"start":{"line":46,"column":8},"end":{"line":46,"column":58}},"15":{"start":{"line":51,"column":39},"end":{"line":51,"column":41}},"16":{"start":{"line":54,"column":8},"end":{"line":54,"column":26}},"17":{"start":{"line":58,"column":8},"end":{"line":58,"column":33}},"18":{"start":{"line":62,"column":8},"end":{"line":62,"column":30}},"19":{"start":{"line":66,"column":8},"end":{"line":66,"column":27}},"20":{"start":{"line":70,"column":8},"end":{"line":70,"column":55}},"21":{"start":{"line":74,"column":8},"end":{"line":74,"column":61}}},"fnMap":{"0":{"name":"(anonymous_0)","decl":{"start":{"line":12,"column":4},"end":{"line":12,"column":5}},"loc":{"start":{"line":12,"column":77},"end":{"line":19,"column":5}},"line":12},"1":{"name":"(anonymous_1)","decl":{"start":{"line":21,"column":4},"end":{"line":21,"column":5}},"loc":{"start":{"line":21,"column":20},"end":{"line":25,"column":5}},"line":21},"2":{"name":"(anonymous_2)","decl":{"start":{"line":27,"column":4},"end":{"line":27,"column":5}},"loc":{"start":{"line":27,"column":38},"end":{"line":29,"column":5}},"line":27},"3":{"name":"(anonymous_3)","decl":{"start":{"line":31,"column":4},"end":{"line":31,"column":5}},"loc":{"start":{"line":31,"column":25},"end":{"line":33,"column":5}},"line":31},"4":{"name":"(anonymous_4)","decl":{"start":{"line":35,"column":4},"end":{"line":35,"column":5}},"loc":{"start":{"line":35,"column":35},"end":{"line":39,"column":5}},"line":35},"5":{"name":"(anonymous_5)","decl":{"start":{"line":41,"column":4},"end":{"line":41,"column":5}},"loc":{"start":{"line":41,"column":28},"end":{"line":47,"column":5}},"line":41},"6":{"name":"(anonymous_6)","decl":{"start":{"line":53,"column":4},"end":{"line":53,"column":5}},"loc":{"start":{"line":53,"column":41},"end":{"line":55,"column":5}},"line":53},"7":{"name":"(anonymous_7)","decl":{"start":{"line":57,"column":4},"end":{"line":57,"column":5}},"loc":{"start":{"line":57,"column":30},"end":{"line":59,"column":5}},"line":57},"8":{"name":"(anonymous_8)","decl":{"start":{"line":61,"column":4},"end":{"line":61,"column":5}},"loc":{"start":{"line":61,"column":48},"end":{"line":63,"column":5}},"line":61},"9":{"name":"(anonymous_9)","decl":{"start":{"line":65,"column":4},"end":{"line":65,"column":5}},"loc":{"start":{"line":65,"column":52},"end":{"line":67,"column":5}},"line":65},"10":{"name":"(anonymous_10)","decl":{"start":{"line":69,"column":4},"end":{"line":69,"column":5}},"loc":{"start":{"line":69,"column":52},"end":{"line":71,"column":5}},"line":69},"11":{"name":"(anonymous_11)","decl":{"start":{"line":73,"column":4},"end":{"line":73,"column":5}},"loc":{"start":{"line":73,"column":59},"end":{"line":75,"column":5}},"line":73}},"branchMap":{"0":{"loc":{"start":{"line":12,"column":51},"end":{"line":12,"column":75}},"type":"default-arg","locations":[{"start":{"line":12,"column":70},"end":{"line":12,"column":75}}],"line":12},"1":{"loc":{"start":{"line":16,"column":8},"end":{"line":18,"column":9}},"type":"if","locations":[{"start":{"line":16,"column":8},"end":{"line":18,"column":9}},{"start":{},"end":{}}],"line":16},"2":{"loc":{"start":{"line":22,"column":24},"end":{"line":24,"column":13}},"type":"cond-expr","locations":[{"start":{"line":23,"column":12},"end":{"line":23,"column":42}},{"start":{"line":24,"column":12},"end":{"line":24,"column":13}}],"line":22},"3":{"loc":{"start":{"line":37,"column":25},"end":{"line":37,"column":46}},"type":"cond-expr","locations":[{"start":{"line":37,"column":40},"end":{"line":37,"column":42}},{"start":{"line":37,"column":45},"end":{"line":37,"column":46}}],"line":37},"4":{"loc":{"start":{"line":42,"column":8},"end":{"line":44,"column":9}},"type":"if","locations":[{"start":{"line":42,"column":8},"end":{"line":44,"column":9}},{"start":{},"end":{}}],"line":42}},"s":{"0":2,"1":2,"2":2,"3":2,"4":2,"5":0,"6":1,"7":3,"8":0,"9":2,"10":2,"11":2,"12":2,"13":0,"14":2,"15":4,"16":5,"17":4,"18":3,"19":1,"20":2,"21":0},"f":{"0":2,"1":1,"2":3,"3":0,"4":2,"5":2,"6":5,"7":4,"8":3,"9":1,"10":2,"11":0},"b":{"0":[2],"1":[0,2],"2":[0,1],"3":[0,2],"4":[0,2]},"_coverageSchema":"1a1c01bbd47fc00a2c39e90264f33305004495a9","hash":"2e3703bcd445daa149b3c4831f6a01c2e5ea371c"}
,"/Users/PPPPPPPPPP/Projects/aanleverloket-v2/src/factories/dropdownInfoFactory.ts": {"path":"/Users/PPPPPPPPPP/Projects/aanleverloket-v2/src/factories/dropdownInfoFactory.ts","statementMap":{"0":{"start":{"line":13,"column":8},"end":{"line":13,"column":47}},"1":{"start":{"line":14,"column":8},"end":{"line":14,"column":47}},"2":{"start":{"line":17,"column":31},"end":{"line":24,"column":5}},"3":{"start":{"line":18,"column":8},"end":{"line":21,"column":9}},"4":{"start":{"line":18,"column":39},"end":{"line":18,"column":55}},"5":{"start":{"line":19,"column":12},"end":{"line":19,"column":72}},"6":{"start":{"line":19,"column":52},"end":{"line":19,"column":68}},"7":{"start":{"line":20,"column":12},"end":{"line":20,"column":19}},"8":{"start":{"line":23,"column":8},"end":{"line":23,"column":42}},"9":{"start":{"line":27,"column":37},"end":{"line":45,"column":5}},"10":{"start":{"line":28,"column":34},"end":{"line":42,"column":9}},"11":{"start":{"line":33,"column":45},"end":{"line":39,"column":13}},"12":{"start":{"line":35,"column":43},"end":{"line":35,"column":60}},"13":{"start":{"line":36,"column":22},"end":{"line":36,"column":42}},"14":{"start":{"line":41,"column":48},"end":{"line":41,"column":58}},"15":{"start":{"line":41,"column":69},"end":{"line":41,"column":138}},"16":{"start":{"line":44,"column":8},"end":{"line":44,"column":20}},"17":{"start":{"line":48,"column":38},"end":{"line":63,"column":5}},"18":{"start":{"line":49,"column":33},"end":{"line":60,"column":9}},"19":{"start":{"line":51,"column":70},"end":{"line":51,"column":82}},"20":{"start":{"line":51,"column":96},"end":{"line":57,"column":13}},"21":{"start":{"line":53,"column":43},"end":{"line":53,"column":57}},"22":{"start":{"line":54,"column":22},"end":{"line":54,"column":79}},"23":{"start":{"line":59,"column":50},"end":{"line":59,"column":60}},"24":{"start":{"line":59,"column":73},"end":{"line":59,"column":136}},"25":{"start":{"line":62,"column":8},"end":{"line":62,"column":20}},"26":{"start":{"line":65,"column":39},"end":{"line":76,"column":5}},"27":{"start":{"line":66,"column":32},"end":{"line":73,"column":9}},"28":{"start":{"line":66,"column":53},"end":{"line":72,"column":9}},"29":{"start":{"line":69,"column":18},"end":{"line":69,"column":81}},"30":{"start":{"line":75,"column":8},"end":{"line":75,"column":20}}},"fnMap":{"0":{"name":"(anonymous_0)","decl":{"start":{"line":12,"column":4},"end":{"line":12,"column":5}},"loc":{"start":{"line":12,"column":18},"end":{"line":15,"column":5}},"line":12},"1":{"name":"(anonymous_1)","decl":{"start":{"line":17,"column":31},"end":{"line":17,"column":32}},"loc":{"start":{"line":17,"column":123},"end":{"line":24,"column":5}},"line":17},"2":{"name":"(anonymous_2)","decl":{"start":{"line":18,"column":32},"end":{"line":18,"column":33}},"loc":{"start":{"line":18,"column":39},"end":{"line":18,"column":55}},"line":18},"3":{"name":"(anonymous_3)","decl":{"start":{"line":19,"column":45},"end":{"line":19,"column":46}},"loc":{"start":{"line":19,"column":52},"end":{"line":19,"column":68}},"line":19},"4":{"name":"(anonymous_4)","decl":{"start":{"line":27,"column":37},"end":{"line":27,"column":38}},"loc":{"start":{"line":27,"column":183},"end":{"line":45,"column":5}},"line":27},"5":{"name":"(anonymous_5)","decl":{"start":{"line":33,"column":36},"end":{"line":33,"column":37}},"loc":{"start":{"line":33,"column":45},"end":{"line":39,"column":13}},"line":33},"6":{"name":"(anonymous_6)","decl":{"start":{"line":35,"column":36},"end":{"line":35,"column":37}},"loc":{"start":{"line":35,"column":43},"end":{"line":35,"column":60}},"line":35},"7":{"name":"(anonymous_7)","decl":{"start":{"line":36,"column":16},"end":{"line":36,"column":17}},"loc":{"start":{"line":36,"column":22},"end":{"line":36,"column":42}},"line":36},"8":{"name":"(anonymous_8)","decl":{"start":{"line":41,"column":43},"end":{"line":41,"column":44}},"loc":{"start":{"line":41,"column":48},"end":{"line":41,"column":58}},"line":41},"9":{"name":"(anonymous_9)","decl":{"start":{"line":41,"column":64},"end":{"line":41,"column":65}},"loc":{"start":{"line":41,"column":69},"end":{"line":41,"column":138}},"line":41},"10":{"name":"(anonymous_10)","decl":{"start":{"line":48,"column":38},"end":{"line":48,"column":39}},"loc":{"start":{"line":48,"column":156},"end":{"line":63,"column":5}},"line":48},"11":{"name":"(anonymous_11)","decl":{"start":{"line":51,"column":64},"end":{"line":51,"column":65}},"loc":{"start":{"line":51,"column":70},"end":{"line":51,"column":82}},"line":51},"12":{"name":"(anonymous_12)","decl":{"start":{"line":51,"column":88},"end":{"line":51,"column":89}},"loc":{"start":{"line":51,"column":96},"end":{"line":57,"column":13}},"line":51},"13":{"name":"(anonymous_13)","decl":{"start":{"line":53,"column":36},"end":{"line":53,"column":37}},"loc":{"start":{"line":53,"column":43},"end":{"line":53,"column":57}},"line":53},"14":{"name":"(anonymous_14)","decl":{"start":{"line":54,"column":16},"end":{"line":54,"column":17}},"loc":{"start":{"line":54,"column":22},"end":{"line":54,"column":79}},"line":54},"15":{"name":"(anonymous_15)","decl":{"start":{"line":59,"column":43},"end":{"line":59,"column":44}},"loc":{"start":{"line":59,"column":50},"end":{"line":59,"column":60}},"line":59},"16":{"name":"(anonymous_16)","decl":{"start":{"line":59,"column":66},"end":{"line":59,"column":67}},"loc":{"start":{"line":59,"column":73},"end":{"line":59,"column":136}},"line":59},"17":{"name":"(anonymous_17)","decl":{"start":{"line":65,"column":39},"end":{"line":65,"column":40}},"loc":{"start":{"line":65,"column":177},"end":{"line":76,"column":5}},"line":65},"18":{"name":"(anonymous_18)","decl":{"start":{"line":66,"column":41},"end":{"line":66,"column":42}},"loc":{"start":{"line":66,"column":53},"end":{"line":72,"column":9}},"line":66},"19":{"name":"(anonymous_19)","decl":{"start":{"line":69,"column":12},"end":{"line":69,"column":13}},"loc":{"start":{"line":69,"column":18},"end":{"line":69,"column":81}},"line":69}},"branchMap":{"0":{"loc":{"start":{"line":18,"column":8},"end":{"line":21,"column":9}},"type":"if","locations":[{"start":{"line":18,"column":8},"end":{"line":21,"column":9}},{"start":{},"end":{}}],"line":18},"1":{"loc":{"start":{"line":31,"column":21},"end":{"line":39,"column":14}},"type":"cond-expr","locations":[{"start":{"line":32,"column":18},"end":{"line":32,"column":20}},{"start":{"line":33,"column":18},"end":{"line":39,"column":14}}],"line":31},"2":{"loc":{"start":{"line":51,"column":21},"end":{"line":58,"column":13}},"type":"cond-expr","locations":[{"start":{"line":51,"column":38},"end":{"line":51,"column":40}},{"start":{"line":51,"column":43},"end":{"line":58,"column":13}}],"line":51},"3":{"loc":{"start":{"line":69,"column":25},"end":{"line":69,"column":80}},"type":"cond-expr","locations":[{"start":{"line":69,"column":59},"end":{"line":69,"column":71}},{"start":{"line":69,"column":74},"end":{"line":69,"column":80}}],"line":69}},"s":{"0":40,"1":40,"2":40,"3":0,"4":0,"5":0,"6":0,"7":0,"8":0,"9":40,"10":44,"11":726,"12":726,"13":2,"14":726,"15":0,"16":44,"17":40,"18":920,"19":4560,"20":4040,"21":1260,"22":0,"23":4560,"24":520,"25":920,"26":40,"27":80,"28":1200,"29":1,"30":80},"f":{"0":40,"1":0,"2":0,"3":0,"4":44,"5":726,"6":726,"7":2,"8":726,"9":0,"10":920,"11":4560,"12":4040,"13":1260,"14":0,"15":4560,"16":520,"17":80,"18":1200,"19":1},"b":{"0":[0,0],"1":[0,44],"2":[40,880],"3":[1,0]},"_coverageSchema":"1a1c01bbd47fc00a2c39e90264f33305004495a9","hash":"563500d276daad002f788198b4c73bd09e090acb"}
,"/Users/PPPPPPPPPP/Projects/aanleverloket-v2/src/factories/index.ts": {"path":"/Users/PPPPPPPPPP/Projects/aanleverloket-v2/src/factories/index.ts","statementMap":{},"fnMap":{},"branchMap":{},"s":{},"f":{},"b":{},"_coverageSchema":"1a1c01bbd47fc00a2c39e90264f33305004495a9","hash":"6cc89bfbbdbf15299391f93772008c1734e69ed8"}
,"/Users/PPPPPPPPPP/Projects/aanleverloket-v2/src/factories/metadata.ts": {"path":"/Users/PPPPPPPPPP/Projects/aanleverloket-v2/src/factories/metadata.ts","statementMap":{"0":{"start":{"line":6,"column":20},"end":{"line":63,"column":5}},"1":{"start":{"line":36,"column":8},"end":{"line":62,"column":9}}},"fnMap":{"0":{"name":"(anonymous_0)","decl":{"start":{"line":6,"column":20},"end":{"line":6,"column":21}},"loc":{"start":{"line":32,"column":19},"end":{"line":63,"column":5}},"line":32}},"branchMap":{},"s":{"0":20,"1":11},"f":{"0":11},"b":{},"_coverageSchema":"1a1c01bbd47fc00a2c39e90264f33305004495a9","hash":"6f879dca7b8de260f2a14e5ea9b6b83a41be4649"}
,"/Users/PPPPPPPPPP/Projects/aanleverloket-v2/src/factories/responseCodes.ts": {"path":"/Users/PPPPPPPPPP/Projects/aanleverloket-v2/src/factories/responseCodes.ts","statementMap":{"0":{"start":{"line":8,"column":8},"end":{"line":17,"column":9}},"1":{"start":{"line":10,"column":16},"end":{"line":10,"column":72}},"2":{"start":{"line":13,"column":16},"end":{"line":13,"column":74}},"3":{"start":{"line":16,"column":16},"end":{"line":16,"column":52}},"4":{"start":{"line":23,"column":8},"end":{"line":36,"column":9}},"5":{"start":{"line":25,"column":16},"end":{"line":25,"column":78}},"6":{"start":{"line":27,"column":16},"end":{"line":27,"column":79}},"7":{"start":{"line":29,"column":16},"end":{"line":29,"column":66}},"8":{"start":{"line":31,"column":16},"end":{"line":31,"column":62}},"9":{"start":{"line":33,"column":16},"end":{"line":33,"column":44}},"10":{"start":{"line":35,"column":16},"end":{"line":35,"column":51}},"11":{"start":{"line":42,"column":8},"end":{"line":59,"column":9}},"12":{"start":{"line":44,"column":16},"end":{"line":44,"column":62}},"13":{"start":{"line":46,"column":16},"end":{"line":46,"column":79}},"14":{"start":{"line":48,"column":16},"end":{"line":48,"column":67}},"15":{"start":{"line":50,"column":16},"end":{"line":50,"column":62}},"16":{"start":{"line":52,"column":16},"end":{"line":52,"column":77}},"17":{"start":{"line":54,"column":16},"end":{"line":54,"column":50}},"18":{"start":{"line":56,"column":16},"end":{"line":56,"column":44}},"19":{"start":{"line":58,"column":16},"end":{"line":58,"column":51}}},"fnMap":{"0":{"name":"(anonymous_0)","decl":{"start":{"line":4,"column":4},"end":{"line":4,"column":5}},"loc":{"start":{"line":7,"column":14},"end":{"line":18,"column":5}},"line":7},"1":{"name":"(anonymous_1)","decl":{"start":{"line":22,"column":4},"end":{"line":22,"column":5}},"loc":{"start":{"line":22,"column":48},"end":{"line":37,"column":5}},"line":22},"2":{"name":"(anonymous_2)","decl":{"start":{"line":41,"column":4},"end":{"line":41,"column":5}},"loc":{"start":{"line":41,"column":48},"end":{"line":60,"column":5}},"line":41}},"branchMap":{"0":{"loc":{"start":{"line":8,"column":8},"end":{"line":17,"column":9}},"type":"switch","locations":[{"start":{"line":9,"column":12},"end":{"line":10,"column":72}},{"start":{"line":12,"column":12},"end":{"line":13,"column":74}},{"start":{"line":15,"column":12},"end":{"line":16,"column":52}}],"line":8},"1":{"loc":{"start":{"line":23,"column":8},"end":{"line":36,"column":9}},"type":"switch","locations":[{"start":{"line":24,"column":12},"end":{"line":25,"column":78}},{"start":{"line":26,"column":12},"end":{"line":27,"column":79}},{"start":{"line":28,"column":12},"end":{"line":29,"column":66}},{"start":{"line":30,"column":12},"end":{"line":31,"column":62}},{"start":{"line":32,"column":12},"end":{"line":33,"column":44}},{"start":{"line":34,"column":12},"end":{"line":35,"column":51}}],"line":23},"2":{"loc":{"start":{"line":42,"column":8},"end":{"line":59,"column":9}},"type":"switch","locations":[{"start":{"line":43,"column":12},"end":{"line":44,"column":62}},{"start":{"line":45,"column":12},"end":{"line":46,"column":79}},{"start":{"line":47,"column":12},"end":{"line":48,"column":67}},{"start":{"line":49,"column":12},"end":{"line":50,"column":62}},{"start":{"line":51,"column":12},"end":{"line":52,"column":77}},{"start":{"line":53,"column":12},"end":{"line":54,"column":50}},{"start":{"line":55,"column":12},"end":{"line":56,"column":44}},{"start":{"line":57,"column":12},"end":{"line":58,"column":51}}],"line":42}},"s":{"0":9,"1":3,"2":6,"3":0,"4":3,"5":1,"6":0,"7":0,"8":1,"9":1,"10":0,"11":6,"12":1,"13":1,"14":1,"15":1,"16":0,"17":1,"18":1,"19":0},"f":{"0":9,"1":3,"2":6},"b":{"0":[3,6,0],"1":[1,0,0,1,1,0],"2":[1,1,1,1,0,1,1,0]},"_coverageSchema":"1a1c01bbd47fc00a2c39e90264f33305004495a9","hash":"987dec3d77d7e70862d13013df8cde6828f6a57d"}
,"/Users/PPPPPPPPPP/Projects/aanleverloket-v2/src/factories/tableData.ts": {"path":"/Users/PPPPPPPPPP/Projects/aanleverloket-v2/src/factories/tableData.ts","statementMap":{"0":{"start":{"line":4,"column":18},"end":{"line":16,"column":3}},"1":{"start":{"line":7,"column":4},"end":{"line":15,"column":7}},"2":{"start":{"line":7,"column":60},"end":{"line":15,"column":5}}},"fnMap":{"0":{"name":"(anonymous_0)","decl":{"start":{"line":4,"column":18},"end":{"line":4,"column":19}},"loc":{"start":{"line":6,"column":19},"end":{"line":16,"column":3}},"line":6},"1":{"name":"(anonymous_1)","decl":{"start":{"line":7,"column":41},"end":{"line":7,"column":42}},"loc":{"start":{"line":7,"column":60},"end":{"line":15,"column":5}},"line":7}},"branchMap":{},"s":{"0":1,"1":1,"2":2},"f":{"0":1,"1":2},"b":{},"_coverageSchema":"1a1c01bbd47fc00a2c39e90264f33305004495a9","hash":"49f86652ae21bb49bd97d71c2e281369ab21f6d9"}
,"/Users/PPPPPPPPPP/Projects/aanleverloket-v2/src/factories/waardelijst.ts": {"path":"/Users/PPPPPPPPPP/Projects/aanleverloket-v2/src/factories/waardelijst.ts","statementMap":{"0":{"start":{"line":4,"column":19},"end":{"line":4,"column":65}},"1":{"start":{"line":5,"column":18},"end":{"line":5,"column":63}},"2":{"start":{"line":6,"column":24},"end":{"line":6,"column":90}},"3":{"start":{"line":7,"column":29},"end":{"line":7,"column":84}},"4":{"start":{"line":8,"column":33},"end":{"line":8,"column":92}},"5":{"start":{"line":23,"column":8},"end":{"line":23,"column":47}},"6":{"start":{"line":26,"column":33},"end":{"line":29,"column":6}},"7":{"start":{"line":26,"column":83},"end":{"line":29,"column":5}},"8":{"start":{"line":31,"column":27},"end":{"line":55,"column":5}},"9":{"start":{"line":32,"column":22},"end":{"line":32,"column":31}},"10":{"start":{"line":33,"column":19},"end":{"line":33,"column":72}},"11":{"start":{"line":33,"column":37},"end":{"line":33,"column":71}},"12":{"start":{"line":35,"column":8},"end":{"line":51,"column":11}},"13":{"start":{"line":36,"column":31},"end":{"line":36,"column":73}},"14":{"start":{"line":38,"column":12},"end":{"line":39,"column":23}},"15":{"start":{"line":39,"column":16},"end":{"line":39,"column":23}},"16":{"start":{"line":41,"column":27},"end":{"line":41,"column":109}},"17":{"start":{"line":41,"column":42},"end":{"line":41,"column":108}},"18":{"start":{"line":43,"column":12},"end":{"line":44,"column":23}},"19":{"start":{"line":44,"column":16},"end":{"line":44,"column":23}},"20":{"start":{"line":46,"column":12},"end":{"line":47,"column":37}},"21":{"start":{"line":47,"column":16},"end":{"line":47,"column":37}},"22":{"start":{"line":49,"column":12},"end":{"line":49,"column":45}},"23":{"start":{"line":50,"column":12},"end":{"line":50,"column":60}},"24":{"start":{"line":50,"column":36},"end":{"line":50,"column":58}},"25":{"start":{"line":53,"column":8},"end":{"line":53,"column":20}},"26":{"start":{"line":57,"column":31},"end":{"line":109,"column":5}},"27":{"start":{"line":58,"column":31},"end":{"line":58,"column":170}},"28":{"start":{"line":58,"column":104},"end":{"line":58,"column":169}},"29":{"start":{"line":60,"column":45},"end":{"line":74,"column":47}},"30":{"start":{"line":65,"column":12},"end":{"line":66,"column":33}},"31":{"start":{"line":66,"column":16},"end":{"line":66,"column":33}},"32":{"start":{"line":68,"column":30},"end":{"line":68,"column":46}},"33":{"start":{"line":69,"column":12},"end":{"line":70,"column":74}},"34":{"start":{"line":70,"column":16},"end":{"line":70,"column":74}},"35":{"start":{"line":72,"column":12},"end":{"line":72,"column":24}},"36":{"start":{"line":74,"column":28},"end":{"line":74,"column":46}},"37":{"start":{"line":76,"column":8},"end":{"line":77,"column":24}},"38":{"start":{"line":77,"column":12},"end":{"line":77,"column":24}},"39":{"start":{"line":79,"column":42},"end":{"line":79,"column":44}},"40":{"start":{"line":81,"column":8},"end":{"line":105,"column":11}},"41":{"start":{"line":82,"column":27},"end":{"line":82,"column":38}},"42":{"start":{"line":84,"column":27},"end":{"line":87,"column":14}},"43":{"start":{"line":85,"column":32},"end":{"line":85,"column":79}},"44":{"start":{"line":86,"column":16},"end":{"line":86,"column":85}},"45":{"start":{"line":86,"column":59},"end":{"line":86,"column":83}},"46":{"start":{"line":90,"column":12},"end":{"line":91,"column":23}},"47":{"start":{"line":91,"column":16},"end":{"line":91,"column":23}},"48":{"start":{"line":93,"column":29},"end":{"line":93,"column":42}},"49":{"start":{"line":94,"column":33},"end":{"line":94,"column":66}},"50":{"start":{"line":94,"column":48},"end":{"line":94,"column":65}},"51":{"start":{"line":95,"column":32},"end":{"line":95,"column":63}},"52":{"start":{"line":95,"column":47},"end":{"line":95,"column":62}},"53":{"start":{"line":97,"column":12},"end":{"line":98,"column":23}},"54":{"start":{"line":98,"column":16},"end":{"line":98,"column":23}},"55":{"start":{"line":100,"column":12},"end":{"line":101,"column":43}},"56":{"start":{"line":101,"column":16},"end":{"line":101,"column":43}},"57":{"start":{"line":103,"column":12},"end":{"line":103,"column":52}},"58":{"start":{"line":104,"column":12},"end":{"line":104,"column":49}},"59":{"start":{"line":107,"column":24},"end":{"line":107,"column":80}},"60":{"start":{"line":107,"column":41},"end":{"line":107,"column":79}},"61":{"start":{"line":107,"column":68},"end":{"line":107,"column":78}},"62":{"start":{"line":108,"column":8},"end":{"line":108,"column":23}},"63":{"start":{"line":111,"column":32},"end":{"line":117,"column":5}},"64":{"start":{"line":112,"column":21},"end":{"line":112,"column":40}},"65":{"start":{"line":113,"column":24},"end":{"line":113,"column":45}},"66":{"start":{"line":114,"column":32},"end":{"line":114,"column":64}},"67":{"start":{"line":116,"column":8},"end":{"line":116,"column":31}},"68":{"start":{"line":119,"column":24},"end":{"line":136,"column":5}},"69":{"start":{"line":120,"column":26},"end":{"line":120,"column":73}},"70":{"start":{"line":121,"column":25},"end":{"line":121,"column":69}},"71":{"start":{"line":123,"column":8},"end":{"line":124,"column":22}},"72":{"start":{"line":124,"column":12},"end":{"line":124,"column":22}},"73":{"start":{"line":126,"column":30},"end":{"line":126,"column":32}},"74":{"start":{"line":128,"column":8},"end":{"line":131,"column":39}},"75":{"start":{"line":129,"column":12},"end":{"line":129,"column":40}},"76":{"start":{"line":130,"column":13},"end":{"line":131,"column":39}},"77":{"start":{"line":131,"column":12},"end":{"line":131,"column":39}},"78":{"start":{"line":133,"column":32},"end":{"line":133,"column":81}},"79":{"start":{"line":135,"column":8},"end":{"line":135,"column":31}},"80":{"start":{"line":138,"column":30},"end":{"line":138,"column":70}},"81":{"start":{"line":138,"column":36},"end":{"line":138,"column":70}},"82":{"start":{"line":139,"column":29},"end":{"line":139,"column":60}},"83":{"start":{"line":139,"column":35},"end":{"line":139,"column":60}},"84":{"start":{"line":140,"column":35},"end":{"line":140,"column":72}},"85":{"start":{"line":140,"column":41},"end":{"line":140,"column":72}},"86":{"start":{"line":141,"column":40},"end":{"line":141,"column":82}},"87":{"start":{"line":141,"column":46},"end":{"line":141,"column":82}},"88":{"start":{"line":142,"column":44},"end":{"line":142,"column":90}},"89":{"start":{"line":142,"column":50},"end":{"line":142,"column":90}}},"fnMap":{"0":{"name":"(anonymous_0)","decl":{"start":{"line":22,"column":4},"end":{"line":22,"column":5}},"loc":{"start":{"line":22,"column":18},"end":{"line":24,"column":5}},"line":22},"1":{"name":"(anonymous_1)","decl":{"start":{"line":26,"column":33},"end":{"line":26,"column":34}},"loc":{"start":{"line":26,"column":83},"end":{"line":29,"column":5}},"line":26},"2":{"name":"(anonymous_2)","decl":{"start":{"line":31,"column":27},"end":{"line":31,"column":28}},"loc":{"start":{"line":31,"column":80},"end":{"line":55,"column":5}},"line":31},"3":{"name":"(anonymous_3)","decl":{"start":{"line":33,"column":29},"end":{"line":33,"column":30}},"loc":{"start":{"line":33,"column":37},"end":{"line":33,"column":71}},"line":33},"4":{"name":"(anonymous_4)","decl":{"start":{"line":35,"column":22},"end":{"line":35,"column":23}},"loc":{"start":{"line":35,"column":38},"end":{"line":51,"column":9}},"line":35},"5":{"name":"(anonymous_5)","decl":{"start":{"line":41,"column":37},"end":{"line":41,"column":38}},"loc":{"start":{"line":41,"column":42},"end":{"line":41,"column":108}},"line":41},"6":{"name":"(anonymous_6)","decl":{"start":{"line":50,"column":31},"end":{"line":50,"column":32}},"loc":{"start":{"line":50,"column":36},"end":{"line":50,"column":58}},"line":50},"7":{"name":"(anonymous_7)","decl":{"start":{"line":57,"column":31},"end":{"line":57,"column":32}},"loc":{"start":{"line":57,"column":106},"end":{"line":109,"column":5}},"line":57},"8":{"name":"(anonymous_8)","decl":{"start":{"line":58,"column":50},"end":{"line":58,"column":51}},"loc":{"start":{"line":58,"column":104},"end":{"line":58,"column":169}},"line":58},"9":{"name":"(anonymous_9)","decl":{"start":{"line":60,"column":61},"end":{"line":60,"column":62}},"loc":{"start":{"line":64,"column":14},"end":{"line":74,"column":9}},"line":64},"10":{"name":"(anonymous_10)","decl":{"start":{"line":74,"column":18},"end":{"line":74,"column":19}},"loc":{"start":{"line":74,"column":28},"end":{"line":74,"column":46}},"line":74},"11":{"name":"(anonymous_11)","decl":{"start":{"line":81,"column":28},"end":{"line":81,"column":29}},"loc":{"start":{"line":81,"column":36},"end":{"line":105,"column":9}},"line":81},"12":{"name":"(anonymous_12)","decl":{"start":{"line":84,"column":44},"end":{"line":84,"column":45}},"loc":{"start":{"line":84,"column":51},"end":{"line":87,"column":13}},"line":84},"13":{"name":"(anonymous_13)","decl":{"start":{"line":86,"column":47},"end":{"line":86,"column":48}},"loc":{"start":{"line":86,"column":59},"end":{"line":86,"column":83}},"line":86},"14":{"name":"(anonymous_14)","decl":{"start":{"line":94,"column":43},"end":{"line":94,"column":44}},"loc":{"start":{"line":94,"column":48},"end":{"line":94,"column":65}},"line":94},"15":{"name":"(anonymous_15)","decl":{"start":{"line":95,"column":42},"end":{"line":95,"column":43}},"loc":{"start":{"line":95,"column":47},"end":{"line":95,"column":62}},"line":95},"16":{"name":"(anonymous_16)","decl":{"start":{"line":107,"column":36},"end":{"line":107,"column":37}},"loc":{"start":{"line":107,"column":41},"end":{"line":107,"column":79}},"line":107},"17":{"name":"(anonymous_17)","decl":{"start":{"line":107,"column":63},"end":{"line":107,"column":64}},"loc":{"start":{"line":107,"column":68},"end":{"line":107,"column":78}},"line":107},"18":{"name":"(anonymous_18)","decl":{"start":{"line":111,"column":32},"end":{"line":111,"column":33}},"loc":{"start":{"line":111,"column":78},"end":{"line":117,"column":5}},"line":111},"19":{"name":"(anonymous_19)","decl":{"start":{"line":119,"column":24},"end":{"line":119,"column":25}},"loc":{"start":{"line":119,"column":72},"end":{"line":136,"column":5}},"line":119},"20":{"name":"(anonymous_20)","decl":{"start":{"line":138,"column":30},"end":{"line":138,"column":31}},"loc":{"start":{"line":138,"column":36},"end":{"line":138,"column":70}},"line":138},"21":{"name":"(anonymous_21)","decl":{"start":{"line":139,"column":29},"end":{"line":139,"column":30}},"loc":{"start":{"line":139,"column":35},"end":{"line":139,"column":60}},"line":139},"22":{"name":"(anonymous_22)","decl":{"start":{"line":140,"column":35},"end":{"line":140,"column":36}},"loc":{"start":{"line":140,"column":41},"end":{"line":140,"column":72}},"line":140},"23":{"name":"(anonymous_23)","decl":{"start":{"line":141,"column":40},"end":{"line":141,"column":41}},"loc":{"start":{"line":141,"column":46},"end":{"line":141,"column":82}},"line":141},"24":{"name":"(anonymous_24)","decl":{"start":{"line":142,"column":44},"end":{"line":142,"column":45}},"loc":{"start":{"line":142,"column":50},"end":{"line":142,"column":90}},"line":142}},"branchMap":{"0":{"loc":{"start":{"line":38,"column":12},"end":{"line":39,"column":23}},"type":"if","locations":[{"start":{"line":38,"column":12},"end":{"line":39,"column":23}},{"start":{},"end":{}}],"line":38},"1":{"loc":{"start":{"line":43,"column":12},"end":{"line":44,"column":23}},"type":"if","locations":[{"start":{"line":43,"column":12},"end":{"line":44,"column":23}},{"start":{},"end":{}}],"line":43},"2":{"loc":{"start":{"line":46,"column":12},"end":{"line":47,"column":37}},"type":"if","locations":[{"start":{"line":46,"column":12},"end":{"line":47,"column":37}},{"start":{},"end":{}}],"line":46},"3":{"loc":{"start":{"line":65,"column":12},"end":{"line":66,"column":33}},"type":"if","locations":[{"start":{"line":65,"column":12},"end":{"line":66,"column":33}},{"start":{},"end":{}}],"line":65},"4":{"loc":{"start":{"line":69,"column":12},"end":{"line":70,"column":74}},"type":"if","locations":[{"start":{"line":69,"column":12},"end":{"line":70,"column":74}},{"start":{},"end":{}}],"line":69},"5":{"loc":{"start":{"line":70,"column":29},"end":{"line":70,"column":73}},"type":"binary-expr","locations":[{"start":{"line":70,"column":29},"end":{"line":70,"column":60}},{"start":{"line":70,"column":64},"end":{"line":70,"column":73}}],"line":70},"6":{"loc":{"start":{"line":76,"column":8},"end":{"line":77,"column":24}},"type":"if","locations":[{"start":{"line":76,"column":8},"end":{"line":77,"column":24}},{"start":{},"end":{}}],"line":76},"7":{"loc":{"start":{"line":86,"column":23},"end":{"line":86,"column":84}},"type":"binary-expr","locations":[{"start":{"line":86,"column":23},"end":{"line":86,"column":30}},{"start":{"line":86,"column":34},"end":{"line":86,"column":84}}],"line":86},"8":{"loc":{"start":{"line":90,"column":12},"end":{"line":91,"column":23}},"type":"if","locations":[{"start":{"line":90,"column":12},"end":{"line":91,"column":23}},{"start":{},"end":{}}],"line":90},"9":{"loc":{"start":{"line":97,"column":12},"end":{"line":98,"column":23}},"type":"if","locations":[{"start":{"line":97,"column":12},"end":{"line":98,"column":23}},{"start":{},"end":{}}],"line":97},"10":{"loc":{"start":{"line":97,"column":16},"end":{"line":97,"column":45}},"type":"binary-expr","locations":[{"start":{"line":97,"column":16},"end":{"line":97,"column":29}},{"start":{"line":97,"column":33},"end":{"line":97,"column":45}}],"line":97},"11":{"loc":{"start":{"line":100,"column":12},"end":{"line":101,"column":43}},"type":"if","locations":[{"start":{"line":100,"column":12},"end":{"line":101,"column":43}},{"start":{},"end":{}}],"line":100},"12":{"loc":{"start":{"line":123,"column":8},"end":{"line":124,"column":22}},"type":"if","locations":[{"start":{"line":123,"column":8},"end":{"line":124,"column":22}},{"start":{},"end":{}}],"line":123},"13":{"loc":{"start":{"line":128,"column":8},"end":{"line":131,"column":39}},"type":"if","locations":[{"start":{"line":128,"column":8},"end":{"line":131,"column":39}},{"start":{"line":130,"column":13},"end":{"line":131,"column":39}}],"line":128},"14":{"loc":{"start":{"line":130,"column":13},"end":{"line":131,"column":39}},"type":"if","locations":[{"start":{"line":130,"column":13},"end":{"line":131,"column":39}},{"start":{},"end":{}}],"line":130}},"s":{"0":37,"1":37,"2":37,"3":37,"4":37,"5":120,"6":120,"7":7520,"8":120,"9":40,"10":40,"11":3760,"12":40,"13":3760,"14":3760,"15":720,"16":3040,"17":81880,"18":3040,"19":0,"20":3040,"21":640,"22":3040,"23":3040,"24":171760,"25":40,"26":120,"27":162,"28":6548,"29":162,"30":6548,"31":0,"32":6548,"33":6548,"34":6328,"35":6548,"36":6548,"37":162,"38":60,"39":102,"40":102,"41":4788,"42":4788,"43":327672,"44":327672,"45":181758,"46":4788,"47":102,"48":4686,"49":4686,"50":322884,"51":4686,"52":176232,"53":4686,"54":0,"55":4686,"56":882,"57":4686,"58":4686,"59":102,"60":4788,"61":180498,"62":102,"63":120,"64":40,"65":40,"66":40,"67":40,"68":120,"69":162,"70":162,"71":162,"72":0,"73":162,"74":162,"75":142,"76":20,"77":20,"78":162,"79":162,"80":120,"81":40,"82":120,"83":40,"84":120,"85":20,"86":120,"87":60,"88":120,"89":42},"f":{"0":120,"1":7520,"2":40,"3":3760,"4":3760,"5":81880,"6":171760,"7":162,"8":6548,"9":6548,"10":6548,"11":4788,"12":327672,"13":181758,"14":322884,"15":176232,"16":4788,"17":180498,"18":40,"19":162,"20":40,"21":40,"22":20,"23":60,"24":42},"b":{"0":[720,3040],"1":[0,3040],"2":[640,2400],"3":[0,6548],"4":[6328,220],"5":[6328,0],"6":[60,102],"7":[327672,36108],"8":[102,4686],"9":[0,4686],"10":[4686,4686],"11":[882,3804],"12":[0,162],"13":[142,20],"14":[20,0]},"_coverageSchema":"1a1c01bbd47fc00a2c39e90264f33305004495a9","hash":"859acf2ca8b613426e0dbc251f9dba4e5e515a3d"}
,"/Users/PPPPPPPPPP/Projects/aanleverloket-v2/src/models/controllers.ts": {"path":"/Users/PPPPPPPPPP/Projects/aanleverloket-v2/src/models/controllers.ts","statementMap":{},"fnMap":{},"branchMap":{},"s":{},"f":{},"b":{}}
,"/Users/PPPPPPPPPP/Projects/aanleverloket-v2/src/models/fileformat.ts": {"path":"/Users/PPPPPPPPPP/Projects/aanleverloket-v2/src/models/fileformat.ts","statementMap":{},"fnMap":{},"branchMap":{},"s":{},"f":{},"b":{}}
,"/Users/PPPPPPPPPP/Projects/aanleverloket-v2/src/models/identifier.ts": {"path":"/Users/PPPPPPPPPP/Projects/aanleverloket-v2/src/models/identifier.ts","statementMap":{},"fnMap":{},"branchMap":{},"s":{},"f":{},"b":{}}
,"/Users/PPPPPPPPPP/Projects/aanleverloket-v2/src/models/index.ts": {"path":"/Users/PPPPPPPPPP/Projects/aanleverloket-v2/src/models/index.ts","statementMap":{},"fnMap":{},"branchMap":{},"s":{},"f":{},"b":{}}
,"/Users/PPPPPPPPPP/Projects/aanleverloket-v2/src/models/metadata.ts": {"path":"/Users/PPPPPPPPPP/Projects/aanleverloket-v2/src/models/metadata.ts","statementMap":{},"fnMap":{},"branchMap":{},"s":{},"f":{},"b":{}}
,"/Users/PPPPPPPPPP/Projects/aanleverloket-v2/src/models/search-result.ts": {"path":"/Users/PPPPPPPPPP/Projects/aanleverloket-v2/src/models/search-result.ts","statementMap":{},"fnMap":{},"branchMap":{},"s":{},"f":{},"b":{}}
,"/Users/PPPPPPPPPP/Projects/aanleverloket-v2/src/models/validator.ts": {"path":"/Users/PPPPPPPPPP/Projects/aanleverloket-v2/src/models/validator.ts","statementMap":{},"fnMap":{},"branchMap":{},"s":{},"f":{},"b":{}}
,"/Users/PPPPPPPPPP/Projects/aanleverloket-v2/src/models/waardelijsten/filetypes.ts": {"path":"/Users/PPPPPPPPPP/Projects/aanleverloket-v2/src/models/waardelijsten/filetypes.ts","statementMap":{"0":{"start":{"line":3,"column":39},"end":{"line":6,"column":1}}},"fnMap":{},"branchMap":{},"s":{"0":0},"f":{},"b":{}}
,"/Users/PPPPPPPPPP/Projects/aanleverloket-v2/src/models/waardelijsten/index.ts": {"path":"/Users/PPPPPPPPPP/Projects/aanleverloket-v2/src/models/waardelijsten/index.ts","statementMap":{},"fnMap":{},"branchMap":{},"s":{},"f":{},"b":{}}
,"/Users/PPPPPPPPPP/Projects/aanleverloket-v2/src/routes/index.tsx": {"path":"/Users/PPPPPPPPPP/Projects/aanleverloket-v2/src/routes/index.tsx","statementMap":{"0":{"start":{"line":8,"column":20},"end":{"line":8,"column":67}},"1":{"start":{"line":8,"column":37},"end":{"line":8,"column":66}},"2":{"start":{"line":9,"column":20},"end":{"line":9,"column":67}},"3":{"start":{"line":9,"column":37},"end":{"line":9,"column":66}},"4":{"start":{"line":10,"column":25},"end":{"line":10,"column":77}},"5":{"start":{"line":10,"column":42},"end":{"line":10,"column":76}},"6":{"start":{"line":11,"column":25},"end":{"line":11,"column":73}},"7":{"start":{"line":11,"column":42},"end":{"line":11,"column":72}},"8":{"start":{"line":12,"column":21},"end":{"line":12,"column":69}},"9":{"start":{"line":12,"column":38},"end":{"line":12,"column":68}},"10":{"start":{"line":13,"column":19},"end":{"line":13,"column":65}},"11":{"start":{"line":13,"column":36},"end":{"line":13,"column":64}},"12":{"start":{"line":16,"column":2},"end":{"line":31,"column":4}},"13":{"start":{"line":35,"column":2},"end":{"line":74,"column":4}},"14":{"start":{"line":79,"column":30},"end":{"line":79,"column":56}},"15":{"start":{"line":81,"column":19},"end":{"line":81,"column":35}},"16":{"start":{"line":83,"column":21},"end":{"line":83,"column":42}},"17":{"start":{"line":84,"column":23},"end":{"line":84,"column":46}},"18":{"start":{"line":86,"column":2},"end":{"line":101,"column":9}},"19":{"start":{"line":87,"column":18},"end":{"line":87,"column":52}},"20":{"start":{"line":88,"column":23},"end":{"line":88,"column":43}},"21":{"start":{"line":89,"column":24},"end":{"line":91,"column":19}},"22":{"start":{"line":93,"column":4},"end":{"line":100,"column":5}},"23":{"start":{"line":95,"column":6},"end":{"line":95,"column":24}},"24":{"start":{"line":97,"column":9},"end":{"line":100,"column":5}},"25":{"start":{"line":99,"column":6},"end":{"line":99,"column":40}},"26":{"start":{"line":107,"column":2},"end":{"line":112,"column":4}}},"fnMap":{"0":{"name":"(anonymous_0)","decl":{"start":{"line":8,"column":31},"end":{"line":8,"column":32}},"loc":{"start":{"line":8,"column":37},"end":{"line":8,"column":66}},"line":8},"1":{"name":"(anonymous_1)","decl":{"start":{"line":9,"column":31},"end":{"line":9,"column":32}},"loc":{"start":{"line":9,"column":37},"end":{"line":9,"column":66}},"line":9},"2":{"name":"(anonymous_2)","decl":{"start":{"line":10,"column":36},"end":{"line":10,"column":37}},"loc":{"start":{"line":10,"column":42},"end":{"line":10,"column":76}},"line":10},"3":{"name":"(anonymous_3)","decl":{"start":{"line":11,"column":36},"end":{"line":11,"column":37}},"loc":{"start":{"line":11,"column":42},"end":{"line":11,"column":72}},"line":11},"4":{"name":"(anonymous_4)","decl":{"start":{"line":12,"column":32},"end":{"line":12,"column":33}},"loc":{"start":{"line":12,"column":38},"end":{"line":12,"column":68}},"line":12},"5":{"name":"(anonymous_5)","decl":{"start":{"line":13,"column":30},"end":{"line":13,"column":31}},"loc":{"start":{"line":13,"column":36},"end":{"line":13,"column":64}},"line":13},"6":{"name":"UnauthenticatedRoutes","decl":{"start":{"line":15,"column":9},"end":{"line":15,"column":30}},"loc":{"start":{"line":15,"column":33},"end":{"line":32,"column":1}},"line":15},"7":{"name":"AuthenticatedRoutes","decl":{"start":{"line":34,"column":9},"end":{"line":34,"column":28}},"loc":{"start":{"line":34,"column":31},"end":{"line":75,"column":1}},"line":34},"8":{"name":"RootRouter","decl":{"start":{"line":77,"column":24},"end":{"line":77,"column":34}},"loc":{"start":{"line":77,"column":37},"end":{"line":113,"column":1}},"line":77},"9":{"name":"(anonymous_9)","decl":{"start":{"line":86,"column":18},"end":{"line":86,"column":19}},"loc":{"start":{"line":86,"column":24},"end":{"line":101,"column":3}},"line":86}},"branchMap":{"0":{"loc":{"start":{"line":89,"column":24},"end":{"line":91,"column":19}},"type":"cond-expr","locations":[{"start":{"line":90,"column":10},"end":{"line":90,"column":75}},{"start":{"line":91,"column":10},"end":{"line":91,"column":19}}],"line":89},"1":{"loc":{"start":{"line":93,"column":4},"end":{"line":100,"column":5}},"type":"if","locations":[{"start":{"line":93,"column":4},"end":{"line":100,"column":5}},{"start":{"line":97,"column":9},"end":{"line":100,"column":5}}],"line":93},"2":{"loc":{"start":{"line":97,"column":9},"end":{"line":100,"column":5}},"type":"if","locations":[{"start":{"line":97,"column":9},"end":{"line":100,"column":5}},{"start":{},"end":{}}],"line":97},"3":{"loc":{"start":{"line":109,"column":7},"end":{"line":109,"column":36}},"type":"binary-expr","locations":[{"start":{"line":109,"column":7},"end":{"line":109,"column":22}},{"start":{"line":109,"column":26},"end":{"line":109,"column":36}}],"line":109},"4":{"loc":{"start":{"line":110,"column":7},"end":{"line":110,"column":39}},"type":"binary-expr","locations":[{"start":{"line":110,"column":7},"end":{"line":110,"column":23}},{"start":{"line":110,"column":27},"end":{"line":110,"column":39}}],"line":110}},"s":{"0":1,"1":1,"2":1,"3":0,"4":1,"5":0,"6":1,"7":0,"8":1,"9":0,"10":1,"11":0,"12":1,"13":1,"14":1,"15":1,"16":1,"17":1,"18":1,"19":1,"20":1,"21":1,"22":1,"23":0,"24":1,"25":0,"26":1},"f":{"0":1,"1":0,"2":0,"3":0,"4":0,"5":0,"6":1,"7":1,"8":1,"9":1},"b":{"0":[0,1],"1":[0,1],"2":[0,1],"3":[1,0],"4":[1,1]},"_coverageSchema":"1a1c01bbd47fc00a2c39e90264f33305004495a9","hash":"2304073a5250cc1aecec3cc1a03a8a0ed88c8472"}
,"/Users/PPPPPPPPPP/Projects/aanleverloket-v2/src/store/hooks.ts": {"path":"/Users/PPPPPPPPPP/Projects/aanleverloket-v2/src/store/hooks.ts","statementMap":{"0":{"start":{"line":5,"column":30},"end":{"line":5,"column":62}},"1":{"start":{"line":5,"column":36},"end":{"line":5,"column":62}},"2":{"start":{"line":6,"column":63},"end":{"line":6,"column":74}}},"fnMap":{"0":{"name":"(anonymous_0)","decl":{"start":{"line":5,"column":30},"end":{"line":5,"column":31}},"loc":{"start":{"line":5,"column":36},"end":{"line":5,"column":62}},"line":5}},"branchMap":{},"s":{"0":32,"1":82,"2":32},"f":{"0":82},"b":{},"_coverageSchema":"1a1c01bbd47fc00a2c39e90264f33305004495a9","hash":"7dcc316c70658c7d789c3b44266688bbfa585405"}
,"/Users/PPPPPPPPPP/Projects/aanleverloket-v2/src/store/index.tsx": {"path":"/Users/PPPPPPPPPP/Projects/aanleverloket-v2/src/store/index.tsx","statementMap":{"0":{"start":{"line":4,"column":20},"end":{"line":9,"column":2}},"1":{"start":{"line":12,"column":2},"end":{"line":15,"column":4}}},"fnMap":{"0":{"name":"setupStore","decl":{"start":{"line":11,"column":16},"end":{"line":11,"column":26}},"loc":{"start":{"line":11,"column":71},"end":{"line":16,"column":1}},"line":11}},"branchMap":{},"s":{"0":18,"1":52},"f":{"0":52},"b":{},"_coverageSchema":"1a1c01bbd47fc00a2c39e90264f33305004495a9","hash":"a97b5043c2952032f613315bcaddbf31a5bf05f7"}
,"/Users/PPPPPPPPPP/Projects/aanleverloket-v2/src/store/selectors.ts": {"path":"/Users/PPPPPPPPPP/Projects/aanleverloket-v2/src/store/selectors.ts","statementMap":{"0":{"start":{"line":3,"column":26},"end":{"line":3,"column":58}},"1":{"start":{"line":3,"column":48},"end":{"line":3,"column":58}},"2":{"start":{"line":4,"column":27},"end":{"line":4,"column":60}},"3":{"start":{"line":4,"column":49},"end":{"line":4,"column":60}},"4":{"start":{"line":5,"column":30},"end":{"line":5,"column":62}},"5":{"start":{"line":5,"column":52},"end":{"line":5,"column":62}},"6":{"start":{"line":6,"column":28},"end":{"line":6,"column":62}},"7":{"start":{"line":6,"column":50},"end":{"line":6,"column":62}}},"fnMap":{"0":{"name":"(anonymous_0)","decl":{"start":{"line":3,"column":26},"end":{"line":3,"column":27}},"loc":{"start":{"line":3,"column":48},"end":{"line":3,"column":58}},"line":3},"1":{"name":"(anonymous_1)","decl":{"start":{"line":4,"column":27},"end":{"line":4,"column":28}},"loc":{"start":{"line":4,"column":49},"end":{"line":4,"column":60}},"line":4},"2":{"name":"(anonymous_2)","decl":{"start":{"line":5,"column":30},"end":{"line":5,"column":31}},"loc":{"start":{"line":5,"column":52},"end":{"line":5,"column":62}},"line":5},"3":{"name":"(anonymous_3)","decl":{"start":{"line":6,"column":28},"end":{"line":6,"column":29}},"loc":{"start":{"line":6,"column":50},"end":{"line":6,"column":62}},"line":6}},"branchMap":{},"s":{"0":32,"1":24,"2":32,"3":11,"4":32,"5":12,"6":32,"7":8},"f":{"0":24,"1":11,"2":12,"3":8},"b":{},"_coverageSchema":"1a1c01bbd47fc00a2c39e90264f33305004495a9","hash":"78b56688191a13756c93cbdf861fc9a3a4146e95"}
,"/Users/PPPPPPPPPP/Projects/aanleverloket-v2/src/store/reducers/auth.ts": {"path":"/Users/PPPPPPPPPP/Projects/aanleverloket-v2/src/store/reducers/auth.ts","statementMap":{"0":{"start":{"line":16,"column":32},"end":{"line":21,"column":1}},"1":{"start":{"line":23,"column":29},"end":{"line":29,"column":1}},"2":{"start":{"line":26,"column":4},"end":{"line":26,"column":41}},"3":{"start":{"line":27,"column":4},"end":{"line":27,"column":39}},"4":{"start":{"line":31,"column":21},"end":{"line":39,"column":2}},"5":{"start":{"line":32,"column":16},"end":{"line":32,"column":50}},"6":{"start":{"line":33,"column":2},"end":{"line":36,"column":3}},"7":{"start":{"line":34,"column":20},"end":{"line":34,"column":37}},"8":{"start":{"line":35,"column":4},"end":{"line":35,"column":19}},"9":{"start":{"line":38,"column":2},"end":{"line":38,"column":19}},"10":{"start":{"line":41,"column":22},"end":{"line":46,"column":1}},"11":{"start":{"line":44,"column":5},"end":{"line":44,"column":42}},"12":{"start":{"line":48,"column":26},"end":{"line":55,"column":1}},"13":{"start":{"line":51,"column":4},"end":{"line":51,"column":45}},"14":{"start":{"line":52,"column":4},"end":{"line":52,"column":85}},"15":{"start":{"line":53,"column":4},"end":{"line":53,"column":37}},"16":{"start":{"line":57,"column":24},"end":{"line":66,"column":1}},"17":{"start":{"line":60,"column":18},"end":{"line":60,"column":65}},"18":{"start":{"line":61,"column":4},"end":{"line":61,"column":46}},"19":{"start":{"line":63,"column":4},"end":{"line":63,"column":77}},"20":{"start":{"line":64,"column":4},"end":{"line":64,"column":37}},"21":{"start":{"line":68,"column":18},"end":{"line":87,"column":2}},"22":{"start":{"line":73,"column":4},"end":{"line":78,"column":7}},"23":{"start":{"line":74,"column":6},"end":{"line":74,"column":29}},"24":{"start":{"line":75,"column":6},"end":{"line":75,"column":35}},"25":{"start":{"line":76,"column":6},"end":{"line":76,"column":44}},"26":{"start":{"line":77,"column":6},"end":{"line":77,"column":117}},"27":{"start":{"line":77,"column":68},"end":{"line":77,"column":115}},"28":{"start":{"line":79,"column":4},"end":{"line":84,"column":7}},"29":{"start":{"line":80,"column":6},"end":{"line":80,"column":29}},"30":{"start":{"line":81,"column":6},"end":{"line":81,"column":36}},"31":{"start":{"line":82,"column":6},"end":{"line":82,"column":31}},"32":{"start":{"line":83,"column":6},"end":{"line":83,"column":23}}},"fnMap":{"0":{"name":"(anonymous_0)","decl":{"start":{"line":25,"column":2},"end":{"line":25,"column":3}},"loc":{"start":{"line":25,"column":14},"end":{"line":28,"column":3}},"line":25},"1":{"name":"(anonymous_1)","decl":{"start":{"line":31,"column":52},"end":{"line":31,"column":53}},"loc":{"start":{"line":31,"column":64},"end":{"line":39,"column":1}},"line":31},"2":{"name":"(anonymous_2)","decl":{"start":{"line":43,"column":3},"end":{"line":43,"column":4}},"loc":{"start":{"line":43,"column":15},"end":{"line":45,"column":3}},"line":43},"3":{"name":"(anonymous_3)","decl":{"start":{"line":50,"column":2},"end":{"line":50,"column":3}},"loc":{"start":{"line":50,"column":36},"end":{"line":54,"column":3}},"line":50},"4":{"name":"(anonymous_4)","decl":{"start":{"line":59,"column":2},"end":{"line":59,"column":3}},"loc":{"start":{"line":59,"column":36},"end":{"line":65,"column":3}},"line":59},"5":{"name":"(anonymous_5)","decl":{"start":{"line":72,"column":17},"end":{"line":72,"column":18}},"loc":{"start":{"line":72,"column":34},"end":{"line":86,"column":3}},"line":72},"6":{"name":"(anonymous_6)","decl":{"start":{"line":73,"column":41},"end":{"line":73,"column":42}},"loc":{"start":{"line":73,"column":79},"end":{"line":78,"column":5}},"line":73},"7":{"name":"(anonymous_7)","decl":{"start":{"line":77,"column":54},"end":{"line":77,"column":55}},"loc":{"start":{"line":77,"column":68},"end":{"line":77,"column":115}},"line":77},"8":{"name":"(anonymous_8)","decl":{"start":{"line":79,"column":42},"end":{"line":79,"column":43}},"loc":{"start":{"line":79,"column":61},"end":{"line":84,"column":5}},"line":79}},"branchMap":{"0":{"loc":{"start":{"line":33,"column":2},"end":{"line":36,"column":3}},"type":"if","locations":[{"start":{"line":33,"column":2},"end":{"line":36,"column":3}},{"start":{},"end":{}}],"line":33}},"s":{"0":36,"1":36,"2":1,"3":1,"4":36,"5":24,"6":24,"7":24,"8":23,"9":0,"10":36,"11":1,"12":36,"13":12,"14":12,"15":12,"16":36,"17":1,"18":1,"19":1,"20":1,"21":36,"22":18,"23":23,"24":23,"25":23,"26":23,"27":23,"28":18,"29":1,"30":1,"31":1,"32":1},"f":{"0":1,"1":24,"2":1,"3":12,"4":1,"5":18,"6":23,"7":23,"8":1},"b":{"0":[24,0]},"_coverageSchema":"1a1c01bbd47fc00a2c39e90264f33305004495a9","hash":"88249ed02147da527dcf5bead5dd8ef17a9e969d"}
,"/Users/PPPPPPPPPP/Projects/aanleverloket-v2/src/store/reducers/index.tsx": {"path":"/Users/PPPPPPPPPP/Projects/aanleverloket-v2/src/store/reducers/index.tsx","statementMap":{},"fnMap":{},"branchMap":{},"s":{},"f":{},"b":{},"_coverageSchema":"1a1c01bbd47fc00a2c39e90264f33305004495a9","hash":"74347fd260ec602c846f150b8339eb2fa93a4e04"}
,"/Users/PPPPPPPPPP/Projects/aanleverloket-v2/src/store/reducers/metadata.ts": {"path":"/Users/PPPPPPPPPP/Projects/aanleverloket-v2/src/store/reducers/metadata.ts","statementMap":{"0":{"start":{"line":9,"column":18},"end":{"line":9,"column":39}},"1":{"start":{"line":18,"column":25},"end":{"line":41,"column":1}},"2":{"start":{"line":19,"column":2},"end":{"line":40,"column":4}},"3":{"start":{"line":43,"column":21},"end":{"line":61,"column":1}},"4":{"start":{"line":44,"column":25},"end":{"line":50,"column":3}},"5":{"start":{"line":52,"column":31},"end":{"line":52,"column":72}},"6":{"start":{"line":53,"column":30},"end":{"line":53,"column":70}},"7":{"start":{"line":55,"column":2},"end":{"line":58,"column":3}},"8":{"start":{"line":56,"column":4},"end":{"line":56,"column":84}},"9":{"start":{"line":57,"column":4},"end":{"line":57,"column":86}},"10":{"start":{"line":60,"column":2},"end":{"line":60,"column":54}},"11":{"start":{"line":60,"column":35},"end":{"line":60,"column":52}},"12":{"start":{"line":68,"column":36},"end":{"line":73,"column":1}},"13":{"start":{"line":75,"column":26},"end":{"line":154,"column":1}},"14":{"start":{"line":81,"column":25},"end":{"line":81,"column":55}},"15":{"start":{"line":82,"column":25},"end":{"line":82,"column":55}},"16":{"start":{"line":84,"column":33},"end":{"line":84,"column":66}},"17":{"start":{"line":85,"column":38},"end":{"line":85,"column":51}},"18":{"start":{"line":87,"column":4},"end":{"line":93,"column":5}},"19":{"start":{"line":87,"column":17},"end":{"line":87,"column":18}},"20":{"start":{"line":88,"column":22},"end":{"line":88,"column":35}},"21":{"start":{"line":89,"column":6},"end":{"line":92,"column":7}},"22":{"start":{"line":90,"column":8},"end":{"line":90,"column":47}},"23":{"start":{"line":91,"column":8},"end":{"line":91,"column":14}},"24":{"start":{"line":96,"column":4},"end":{"line":99,"column":13}},"25":{"start":{"line":97,"column":6},"end":{"line":97,"column":55}},"26":{"start":{"line":99,"column":6},"end":{"line":99,"column":13}},"27":{"start":{"line":101,"column":4},"end":{"line":152,"column":5}},"28":{"start":{"line":102,"column":6},"end":{"line":102,"column":15}},"29":{"start":{"line":103,"column":27},"end":{"line":103,"column":88}},"30":{"start":{"line":104,"column":25},"end":{"line":104,"column":54}},"31":{"start":{"line":106,"column":28},"end":{"line":106,"column":280}},"32":{"start":{"line":107,"column":6},"end":{"line":107,"column":111}},"33":{"start":{"line":109,"column":6},"end":{"line":130,"column":7}},"34":{"start":{"line":109,"column":19},"end":{"line":109,"column":20}},"35":{"start":{"line":110,"column":22},"end":{"line":110,"column":35}},"36":{"start":{"line":111,"column":8},"end":{"line":112,"column":17}},"37":{"start":{"line":112,"column":10},"end":{"line":112,"column":17}},"38":{"start":{"line":119,"column":36},"end":{"line":122,"column":11}},"39":{"start":{"line":124,"column":30},"end":{"line":124,"column":62}},"40":{"start":{"line":125,"column":30},"end":{"line":125,"column":66}},"41":{"start":{"line":127,"column":32},"end":{"line":127,"column":277}},"42":{"start":{"line":128,"column":36},"end":{"line":128,"column":91}},"43":{"start":{"line":129,"column":8},"end":{"line":129,"column":124}},"44":{"start":{"line":132,"column":6},"end":{"line":140,"column":8}},"45":{"start":{"line":142,"column":6},"end":{"line":150,"column":8}},"46":{"start":{"line":151,"column":6},"end":{"line":151,"column":14}},"47":{"start":{"line":156,"column":31},"end":{"line":196,"column":1}},"48":{"start":{"line":165,"column":25},"end":{"line":165,"column":55}},"49":{"start":{"line":166,"column":19},"end":{"line":166,"column":48}},"50":{"start":{"line":168,"column":4},"end":{"line":194,"column":5}},"51":{"start":{"line":169,"column":25},"end":{"line":169,"column":54}},"52":{"start":{"line":171,"column":23},"end":{"line":171,"column":255}},"53":{"start":{"line":172,"column":6},"end":{"line":172,"column":172}},"54":{"start":{"line":174,"column":6},"end":{"line":182,"column":8}},"55":{"start":{"line":184,"column":6},"end":{"line":192,"column":8}},"56":{"start":{"line":193,"column":6},"end":{"line":193,"column":14}},"57":{"start":{"line":198,"column":25},"end":{"line":219,"column":1}},"58":{"start":{"line":201,"column":16},"end":{"line":201,"column":46}},"59":{"start":{"line":203,"column":4},"end":{"line":217,"column":5}},"60":{"start":{"line":204,"column":22},"end":{"line":204,"column":54}},"61":{"start":{"line":205,"column":6},"end":{"line":205,"column":21}},"62":{"start":{"line":207,"column":6},"end":{"line":215,"column":8}},"63":{"start":{"line":216,"column":6},"end":{"line":216,"column":14}},"64":{"start":{"line":221,"column":25},"end":{"line":250,"column":1}},"65":{"start":{"line":224,"column":16},"end":{"line":224,"column":46}},"66":{"start":{"line":225,"column":4},"end":{"line":248,"column":5}},"67":{"start":{"line":226,"column":6},"end":{"line":226,"column":39}},"68":{"start":{"line":228,"column":6},"end":{"line":236,"column":8}},"69":{"start":{"line":238,"column":6},"end":{"line":246,"column":8}},"70":{"start":{"line":247,"column":6},"end":{"line":247,"column":14}},"71":{"start":{"line":252,"column":30},"end":{"line":284,"column":1}},"72":{"start":{"line":255,"column":16},"end":{"line":255,"column":46}},"73":{"start":{"line":257,"column":4},"end":{"line":282,"column":5}},"74":{"start":{"line":258,"column":21},"end":{"line":258,"column":101}},"75":{"start":{"line":260,"column":6},"end":{"line":268,"column":8}},"76":{"start":{"line":270,"column":6},"end":{"line":270,"column":20}},"77":{"start":{"line":272,"column":6},"end":{"line":280,"column":8}},"78":{"start":{"line":281,"column":6},"end":{"line":281,"column":14}},"79":{"start":{"line":286,"column":23},"end":{"line":302,"column":1}},"80":{"start":{"line":289,"column":23},"end":{"line":289,"column":42}},"81":{"start":{"line":290,"column":16},"end":{"line":290,"column":43}},"82":{"start":{"line":292,"column":18},"end":{"line":294,"column":43}},"83":{"start":{"line":296,"column":17},"end":{"line":296,"column":45}},"84":{"start":{"line":298,"column":4},"end":{"line":300,"column":8}},"85":{"start":{"line":304,"column":26},"end":{"line":309,"column":1}},"86":{"start":{"line":307,"column":4},"end":{"line":307,"column":42}},"87":{"start":{"line":311,"column":22},"end":{"line":389,"column":2}},"88":{"start":{"line":316,"column":6},"end":{"line":316,"column":34}},"89":{"start":{"line":319,"column":6},"end":{"line":319,"column":51}},"90":{"start":{"line":322,"column":6},"end":{"line":322,"column":38}},"91":{"start":{"line":323,"column":6},"end":{"line":323,"column":46}},"92":{"start":{"line":326,"column":6},"end":{"line":326,"column":43}},"93":{"start":{"line":327,"column":6},"end":{"line":328,"column":48}},"94":{"start":{"line":328,"column":8},"end":{"line":328,"column":48}},"95":{"start":{"line":331,"column":6},"end":{"line":331,"column":22}},"96":{"start":{"line":332,"column":6},"end":{"line":332,"column":26}},"97":{"start":{"line":335,"column":6},"end":{"line":335,"column":39}},"98":{"start":{"line":339,"column":4},"end":{"line":341,"column":7}},"99":{"start":{"line":340,"column":6},"end":{"line":340,"column":28}},"100":{"start":{"line":342,"column":4},"end":{"line":344,"column":7}},"101":{"start":{"line":343,"column":6},"end":{"line":343,"column":29}},"102":{"start":{"line":345,"column":4},"end":{"line":347,"column":7}},"103":{"start":{"line":346,"column":6},"end":{"line":346,"column":29}},"104":{"start":{"line":348,"column":4},"end":{"line":350,"column":7}},"105":{"start":{"line":349,"column":6},"end":{"line":349,"column":28}},"106":{"start":{"line":351,"column":4},"end":{"line":353,"column":7}},"107":{"start":{"line":352,"column":6},"end":{"line":352,"column":29}},"108":{"start":{"line":354,"column":4},"end":{"line":356,"column":7}},"109":{"start":{"line":355,"column":6},"end":{"line":355,"column":29}},"110":{"start":{"line":358,"column":4},"end":{"line":360,"column":7}},"111":{"start":{"line":359,"column":6},"end":{"line":359,"column":28}},"112":{"start":{"line":361,"column":4},"end":{"line":363,"column":7}},"113":{"start":{"line":362,"column":6},"end":{"line":362,"column":29}},"114":{"start":{"line":364,"column":4},"end":{"line":367,"column":7}},"115":{"start":{"line":365,"column":6},"end":{"line":365,"column":29}},"116":{"start":{"line":366,"column":6},"end":{"line":366,"column":41}},"117":{"start":{"line":368,"column":4},"end":{"line":370,"column":7}},"118":{"start":{"line":369,"column":6},"end":{"line":369,"column":28}},"119":{"start":{"line":371,"column":4},"end":{"line":373,"column":7}},"120":{"start":{"line":372,"column":6},"end":{"line":372,"column":29}},"121":{"start":{"line":374,"column":4},"end":{"line":377,"column":7}},"122":{"start":{"line":375,"column":6},"end":{"line":375,"column":29}},"123":{"start":{"line":376,"column":6},"end":{"line":376,"column":41}},"124":{"start":{"line":378,"column":4},"end":{"line":380,"column":7}},"125":{"start":{"line":379,"column":6},"end":{"line":379,"column":28}},"126":{"start":{"line":381,"column":4},"end":{"line":383,"column":7}},"127":{"start":{"line":382,"column":6},"end":{"line":382,"column":29}},"128":{"start":{"line":384,"column":4},"end":{"line":387,"column":7}},"129":{"start":{"line":385,"column":6},"end":{"line":385,"column":29}},"130":{"start":{"line":386,"column":6},"end":{"line":386,"column":22}},"131":{"start":{"line":391,"column":34},"end":{"line":391,"column":55}},"132":{"start":{"line":392,"column":63},"end":{"line":392,"column":84}}},"fnMap":{"0":{"name":"(anonymous_0)","decl":{"start":{"line":18,"column":25},"end":{"line":18,"column":26}},"loc":{"start":{"line":18,"column":70},"end":{"line":41,"column":1}},"line":18},"1":{"name":"(anonymous_1)","decl":{"start":{"line":43,"column":21},"end":{"line":43,"column":22}},"loc":{"start":{"line":43,"co
[...]
,"/Users/PPPPPPPPPP/Projects/aanleverloket-v2/src/utils/Storage.ts": {"path":"/Users/PPPPPPPPPP/Projects/aanleverloket-v2/src/utils/Storage.ts","statementMap":{"0":{"start":{"line":8,"column":24},"end":{"line":8,"column":107}},"1":{"start":{"line":8,"column":70},"end":{"line":8,"column":107}},"2":{"start":{"line":9,"column":26},"end":{"line":9,"column":90}},"3":{"start":{"line":9,"column":57},"end":{"line":9,"column":90}},"4":{"start":{"line":10,"column":24},"end":{"line":10,"column":86}},"5":{"start":{"line":10,"column":56},"end":{"line":10,"column":86}}},"fnMap":{"0":{"name":"(anonymous_0)","decl":{"start":{"line":8,"column":24},"end":{"line":8,"column":25}},"loc":{"start":{"line":8,"column":70},"end":{"line":8,"column":107}},"line":8},"1":{"name":"(anonymous_1)","decl":{"start":{"line":9,"column":26},"end":{"line":9,"column":27}},"loc":{"start":{"line":9,"column":57},"end":{"line":9,"column":90}},"line":9},"2":{"name":"(anonymous_2)","decl":{"start":{"line":10,"column":24},"end":{"line":10,"column":25}},"loc":{"start":{"line":10,"column":56},"end":{"line":10,"column":86}},"line":10}},"branchMap":{},"s":{"0":37,"1":13,"2":37,"3":2,"4":37,"5":29},"f":{"0":13,"1":2,"2":29},"b":{},"_coverageSchema":"1a1c01bbd47fc00a2c39e90264f33305004495a9","hash":"5b417b20f1fd9238cde520fd58153c3039e4b391"}
,"/Users/PPPPPPPPPP/Projects/aanleverloket-v2/src/utils/StringSanitizer.ts": {"path":"/Users/PPPPPPPPPP/Projects/aanleverloket-v2/src/utils/StringSanitizer.ts","statementMap":{"0":{"start":{"line":3,"column":27},"end":{"line":3,"column":106}},"1":{"start":{"line":3,"column":46},"end":{"line":3,"column":106}},"2":{"start":{"line":6,"column":28},"end":{"line":22,"column":5}},"3":{"start":{"line":7,"column":26},"end":{"line":7,"column":41}},"4":{"start":{"line":8,"column":25},"end":{"line":8,"column":55}},"5":{"start":{"line":10,"column":8},"end":{"line":11,"column":56}},"6":{"start":{"line":11,"column":12},"end":{"line":11,"column":56}},"7":{"start":{"line":14,"column":8},"end":{"line":15,"column":38}},"8":{"start":{"line":15,"column":12},"end":{"line":15,"column":38}},"9":{"start":{"line":18,"column":8},"end":{"line":19,"column":56}},"10":{"start":{"line":19,"column":12},"end":{"line":19,"column":56}},"11":{"start":{"line":21,"column":8},"end":{"line":21,"column":21}},"12":{"start":{"line":24,"column":33},"end":{"line":38,"column":5}},"13":{"start":{"line":25,"column":37},"end":{"line":25,"column":68}},"14":{"start":{"line":26,"column":36},"end":{"line":26,"column":66}},"15":{"start":{"line":27,"column":18},"end":{"line":27,"column":20}},"16":{"start":{"line":29,"column":8},"end":{"line":32,"column":67}},"17":{"start":{"line":30,"column":12},"end":{"line":30,"column":73}},"18":{"start":{"line":32,"column":12},"end":{"line":32,"column":67}},"19":{"start":{"line":34,"column":8},"end":{"line":35,"column":31}},"20":{"start":{"line":35,"column":12},"end":{"line":35,"column":31}},"21":{"start":{"line":37,"column":8},"end":{"line":37,"column":19}},"22":{"start":{"line":40,"column":37},"end":{"line":43,"column":6}},"23":{"start":{"line":40,"column":72},"end":{"line":43,"column":5}},"24":{"start":{"line":45,"column":33},"end":{"line":45,"column":97}},"25":{"start":{"line":45,"column":62},"end":{"line":45,"column":97}},"26":{"start":{"line":45,"column":88},"end":{"line":45,"column":96}},"27":{"start":{"line":47,"column":26},"end":{"line":55,"column":5}},"28":{"start":{"line":48,"column":23},"end":{"line":48,"column":46}},"29":{"start":{"line":50,"column":26},"end":{"line":50,"column":46}},"30":{"start":{"line":51,"column":27},"end":{"line":51,"column":47}},"31":{"start":{"line":52,"column":28},"end":{"line":52,"column":46}},"32":{"start":{"line":54,"column":8},"end":{"line":54,"column":45}},"33":{"start":{"line":57,"column":33},"end":{"line":57,"column":134}},"34":{"start":{"line":57,"column":48},"end":{"line":57,"column":134}},"35":{"start":{"line":60,"column":35},"end":{"line":65,"column":5}},"36":{"start":{"line":61,"column":8},"end":{"line":62,"column":21}},"37":{"start":{"line":62,"column":12},"end":{"line":62,"column":21}},"38":{"start":{"line":64,"column":8},"end":{"line":64,"column":54}}},"fnMap":{"0":{"name":"(anonymous_0)","decl":{"start":{"line":3,"column":27},"end":{"line":3,"column":28}},"loc":{"start":{"line":3,"column":46},"end":{"line":3,"column":106}},"line":3},"1":{"name":"(anonymous_1)","decl":{"start":{"line":6,"column":28},"end":{"line":6,"column":29}},"loc":{"start":{"line":6,"column":47},"end":{"line":22,"column":5}},"line":6},"2":{"name":"(anonymous_2)","decl":{"start":{"line":24,"column":33},"end":{"line":24,"column":34}},"loc":{"start":{"line":24,"column":112},"end":{"line":38,"column":5}},"line":24},"3":{"name":"(anonymous_3)","decl":{"start":{"line":40,"column":37},"end":{"line":40,"column":38}},"loc":{"start":{"line":40,"column":72},"end":{"line":43,"column":5}},"line":40},"4":{"name":"(anonymous_4)","decl":{"start":{"line":45,"column":33},"end":{"line":45,"column":34}},"loc":{"start":{"line":45,"column":62},"end":{"line":45,"column":97}},"line":45},"5":{"name":"(anonymous_5)","decl":{"start":{"line":45,"column":83},"end":{"line":45,"column":84}},"loc":{"start":{"line":45,"column":88},"end":{"line":45,"column":96}},"line":45},"6":{"name":"(anonymous_6)","decl":{"start":{"line":47,"column":26},"end":{"line":47,"column":27}},"loc":{"start":{"line":47,"column":57},"end":{"line":55,"column":5}},"line":47},"7":{"name":"(anonymous_7)","decl":{"start":{"line":57,"column":33},"end":{"line":57,"column":34}},"loc":{"start":{"line":57,"column":48},"end":{"line":57,"column":134}},"line":57},"8":{"name":"(anonymous_8)","decl":{"start":{"line":60,"column":35},"end":{"line":60,"column":36}},"loc":{"start":{"line":60,"column":50},"end":{"line":65,"column":5}},"line":60}},"branchMap":{"0":{"loc":{"start":{"line":3,"column":46},"end":{"line":3,"column":106}},"type":"cond-expr","locations":[{"start":{"line":3,"column":87},"end":{"line":3,"column":92}},{"start":{"line":3,"column":95},"end":{"line":3,"column":106}}],"line":3},"1":{"loc":{"start":{"line":10,"column":8},"end":{"line":11,"column":56}},"type":"if","locations":[{"start":{"line":10,"column":8},"end":{"line":11,"column":56}},{"start":{},"end":{}}],"line":10},"2":{"loc":{"start":{"line":10,"column":12},"end":{"line":10,"column":49}},"type":"binary-expr","locations":[{"start":{"line":10,"column":12},"end":{"line":10,"column":29}},{"start":{"line":10,"column":33},"end":{"line":10,"column":49}}],"line":10},"3":{"loc":{"start":{"line":14,"column":8},"end":{"line":15,"column":38}},"type":"if","locations":[{"start":{"line":14,"column":8},"end":{"line":15,"column":38}},{"start":{},"end":{}}],"line":14},"4":{"loc":{"start":{"line":18,"column":8},"end":{"line":19,"column":56}},"type":"if","locations":[{"start":{"line":18,"column":8},"end":{"line":19,"column":56}},{"start":{},"end":{}}],"line":18},"5":{"loc":{"start":{"line":29,"column":8},"end":{"line":32,"column":67}},"type":"if","locations":[{"start":{"line":29,"column":8},"end":{"line":32,"column":67}},{"start":{"line":32,"column":12},"end":{"line":32,"column":67}}],"line":29},"6":{"loc":{"start":{"line":34,"column":8},"end":{"line":35,"column":31}},"type":"if","locations":[{"start":{"line":34,"column":8},"end":{"line":35,"column":31}},{"start":{},"end":{}}],"line":34},"7":{"loc":{"start":{"line":48,"column":23},"end":{"line":48,"column":46}},"type":"binary-expr","locations":[{"start":{"line":48,"column":23},"end":{"line":48,"column":36}},{"start":{"line":48,"column":40},"end":{"line":48,"column":46}}],"line":48},"8":{"loc":{"start":{"line":57,"column":48},"end":{"line":57,"column":134}},"type":"cond-expr","locations":[{"start":{"line":57,"column":80},"end":{"line":57,"column":107}},{"start":{"line":57,"column":110},"end":{"line":57,"column":134}}],"line":57},"9":{"loc":{"start":{"line":61,"column":8},"end":{"line":62,"column":21}},"type":"if","locations":[{"start":{"line":61,"column":8},"end":{"line":62,"column":21}},{"start":{},"end":{}}],"line":61}},"s":{"0":38,"1":0,"2":183,"3":4,"4":4,"5":4,"6":0,"7":4,"8":0,"9":4,"10":1,"11":3,"12":183,"13":2,"14":2,"15":2,"16":2,"17":1,"18":1,"19":2,"20":2,"21":2,"22":183,"23":4833,"24":183,"25":0,"26":0,"27":183,"28":89400,"29":89400,"30":89400,"31":89400,"32":89400,"33":183,"34":7520,"35":183,"36":964,"37":42,"38":922},"f":{"0":0,"1":4,"2":2,"3":4833,"4":0,"5":0,"6":89400,"7":7520,"8":964},"b":{"0":[0,0],"1":[0,4],"2":[4,0],"3":[0,4],"4":[1,3],"5":[1,1],"6":[2,0],"7":[89400,81880],"8":[7360,160],"9":[42,922]},"_coverageSchema":"1a1c01bbd47fc00a2c39e90264f33305004495a9","hash":"8a8be277f2a21e1e7edd8eddde9045bbbccb4c45"}
,"/Users/PPPPPPPPPP/Projects/aanleverloket-v2/src/utils/WaardelijstCrawler.ts": {"path":"/Users/PPPPPPPPPP/Projects/aanleverloket-v2/src/utils/WaardelijstCrawler.ts","statementMap":{"0":{"start":{"line":1,"column":12},"end":{"line":1,"column":95}},"1":{"start":{"line":2,"column":18},"end":{"line":2,"column":82}},"2":{"start":{"line":3,"column":20},"end":{"line":3,"column":86}},"3":{"start":{"line":4,"column":16},"end":{"line":4,"column":100}},"4":{"start":{"line":5,"column":19},"end":{"line":5,"column":84}},"5":{"start":{"line":6,"column":22},"end":{"line":6,"column":90}},"6":{"start":{"line":10,"column":44},"end":{"line":13,"column":5}},"7":{"start":{"line":11,"column":28},"end":{"line":11,"column":66}},"8":{"start":{"line":12,"column":8},"end":{"line":12,"column":69}},"9":{"start":{"line":15,"column":37},"end":{"line":25,"column":5}},"10":{"start":{"line":16,"column":8},"end":{"line":24,"column":9}},"11":{"start":{"line":17,"column":24},"end":{"line":17,"column":35}},"12":{"start":{"line":18,"column":23},"end":{"line":18,"column":40}},"13":{"start":{"line":19,"column":25},"end":{"line":19,"column":44}},"14":{"start":{"line":20,"column":25},"end":{"line":20,"column":40}},"15":{"start":{"line":21,"column":23},"end":{"line":21,"column":41}},"16":{"start":{"line":22,"column":23},"end":{"line":22,"column":44}},"17":{"start":{"line":23,"column":21},"end":{"line":23,"column":33}},"18":{"start":{"line":27,"column":39},"end":{"line":34,"column":5}},"19":{"start":{"line":28,"column":29},"end":{"line":28,"column":97}},"20":{"start":{"line":28,"column":59},"end":{"line":28,"column":96}},"21":{"start":{"line":30,"column":19},"end":{"line":30,"column":38}},"22":{"start":{"line":31,"column":22},"end":{"line":31,"column":93}},"23":{"start":{"line":33,"column":8},"end":{"line":33,"column":27}}},"fnMap":{"0":{"name":"(anonymous_0)","decl":{"start":{"line":10,"column":44},"end":{"line":10,"column":45}},"loc":{"start":{"line":10,"column":74},"end":{"line":13,"column":5}},"line":10},"1":{"name":"(anonymous_1)","decl":{"start":{"line":15,"column":37},"end":{"line":15,"column":38}},"loc":{"start":{"line":15,"column":67},"end":{"line":25,"column":5}},"line":15},"2":{"name":"(anonymous_2)","decl":{"start":{"line":27,"column":39},"end":{"line":27,"column":40}},"loc":{"start":{"line":27,"column":87},"end":{"line":34,"column":5}},"line":27},"3":{"name":"(anonymous_3)","decl":{"start":{"line":28,"column":46},"end":{"line":28,"column":47}},"loc":{"start":{"line":28,"column":59},"end":{"line":28,"column":96}},"line":28}},"branchMap":{"0":{"loc":{"start":{"line":16,"column":8},"end":{"line":24,"column":9}},"type":"switch","locations":[{"start":{"line":17,"column":12},"end":{"line":17,"column":35}},{"start":{"line":18,"column":12},"end":{"line":18,"column":40}},{"start":{"line":19,"column":12},"end":{"line":19,"column":44}},{"start":{"line":20,"column":12},"end":{"line":20,"column":40}},{"start":{"line":21,"column":12},"end":{"line":21,"column":41}},{"start":{"line":22,"column":12},"end":{"line":22,"column":44}},{"start":{"line":23,"column":12},"end":{"line":23,"column":33}}],"line":16}},"s":{"0":37,"1":37,"2":37,"3":37,"4":37,"5":37,"6":37,"7":30,"8":30,"9":37,"10":30,"11":1,"12":1,"13":24,"14":1,"15":1,"16":1,"17":1,"18":37,"19":30,"20":483,"21":29,"22":29,"23":29},"f":{"0":30,"1":30,"2":30,"3":483},"b":{"0":[1,1,24,1,1,1,1]},"_coverageSchema":"1a1c01bbd47fc00a2c39e90264f33305004495a9","hash":"29a0eaaffdae95bce9b5d7bd0428af98f99d63f1"}
,"/Users/PPPPPPPPPP/Projects/aanleverloket-v2/src/validations/maxSizeValidator.ts": {"path":"/Users/PPPPPPPPPP/Projects/aanleverloket-v2/src/validations/maxSizeValidator.ts","statementMap":{"0":{"start":{"line":8,"column":8},"end":{"line":8,"column":32}},"1":{"start":{"line":12,"column":8},"end":{"line":13,"column":41}},"2":{"start":{"line":13,"column":12},"end":{"line":13,"column":41}}},"fnMap":{"0":{"name":"(anonymous_0)","decl":{"start":{"line":6,"column":4},"end":{"line":6,"column":5}},"loc":{"start":{"line":7,"column":4},"end":{"line":9,"column":5}},"line":7},"1":{"name":"(anonymous_1)","decl":{"start":{"line":11,"column":4},"end":{"line":11,"column":5}},"loc":{"start":{"line":11,"column":58},"end":{"line":14,"column":5}},"line":11}},"branchMap":{"0":{"loc":{"start":{"line":12,"column":8},"end":{"line":13,"column":41}},"type":"if","locations":[{"start":{"line":12,"column":8},"end":{"line":13,"column":41}},{"start":{},"end":{}}],"line":12},"1":{"loc":{"start":{"line":12,"column":11},"end":{"line":12,"column":44}},"type":"binary-expr","locations":[{"start":{"line":12,"column":11},"end":{"line":12,"column":15}},{"start":{"line":12,"column":19},"end":{"line":12,"column":44}}],"line":12}},"s":{"0":41,"1":6,"2":1},"f":{"0":41,"1":6},"b":{"0":[1,5],"1":[6,4]},"_coverageSchema":"1a1c01bbd47fc00a2c39e90264f33305004495a9","hash":"64150a7fdaabb4d8bcc94dcfd427efcdaefb29bb"}
,"/Users/PPPPPPPPPP/Projects/aanleverloket-v2/src/validations/minimumLengthValidator.ts": {"path":"/Users/PPPPPPPPPP/Projects/aanleverloket-v2/src/validations/minimumLengthValidator.ts","statementMap":{"0":{"start":{"line":5,"column":25},"end":{"line":5,"column":26}},"1":{"start":{"line":9,"column":8},"end":{"line":9,"column":33}},"2":{"start":{"line":13,"column":8},"end":{"line":14,"column":78}},"3":{"start":{"line":14,"column":12},"end":{"line":14,"column":78}},"4":{"start":{"line":20,"column":25},"end":{"line":20,"column":26}},"5":{"start":{"line":24,"column":8},"end":{"line":24,"column":33}},"6":{"start":{"line":28,"column":8},"end":{"line":29,"column":70}},"7":{"start":{"line":29,"column":12},"end":{"line":29,"column":70}}},"fnMap":{"0":{"name":"(anonymous_0)","decl":{"start":{"line":7,"column":4},"end":{"line":7,"column":5}},"loc":{"start":{"line":8,"column":4},"end":{"line":10,"column":5}},"line":8},"1":{"name":"(anonymous_1)","decl":{"start":{"line":12,"column":4},"end":{"line":12,"column":5}},"loc":{"start":{"line":12,"column":49},"end":{"line":15,"column":5}},"line":12},"2":{"name":"(anonymous_2)","decl":{"start":{"line":22,"column":4},"end":{"line":22,"column":5}},"loc":{"start":{"line":23,"column":4},"end":{"line":25,"column":5}},"line":23},"3":{"name":"(anonymous_3)","decl":{"start":{"line":27,"column":4},"end":{"line":27,"column":5}},"loc":{"start":{"line":27,"column":49},"end":{"line":30,"column":5}},"line":27}},"branchMap":{"0":{"loc":{"start":{"line":13,"column":8},"end":{"line":14,"column":78}},"type":"if","locations":[{"start":{"line":13,"column":8},"end":{"line":14,"column":78}},{"start":{},"end":{}}],"line":13},"1":{"loc":{"start":{"line":13,"column":12},"end":{"line":13,"column":64}},"type":"binary-expr","locations":[{"start":{"line":13,"column":12},"end":{"line":13,"column":29}},{"start":{"line":13,"column":33},"end":{"line":13,"column":64}}],"line":13},"2":{"loc":{"start":{"line":28,"column":8},"end":{"line":29,"column":70}},"type":"if","locations":[{"start":{"line":28,"column":8},"end":{"line":29,"column":70}},{"start":{},"end":{}}],"line":28},"3":{"loc":{"start":{"line":28,"column":12},"end":{"line":28,"column":72}},"type":"binary-expr","locations":[{"start":{"line":28,"column":12},"end":{"line":28,"column":19}},{"start":{"line":28,"column":23},"end":{"line":28,"column":37}},{"start":{"line":28,"column":41},"end":{"line":28,"column":72}}],"line":28}},"s":{"0":40,"1":40,"2":0,"3":0,"4":0,"5":0,"6":0,"7":0},"f":{"0":40,"1":0,"2":0,"3":0},"b":{"0":[0,0],"1":[0,0],"2":[0,0],"3":[0,0,0]},"_coverageSchema":"1a1c01bbd47fc00a2c39e90264f33305004495a9","hash":"6c8b958d8285540bc91c891f3db1a74b8bcffda1"}
,"/Users/PPPPPPPPPP/Projects/aanleverloket-v2/src/validations/requiredValidator.ts": {"path":"/Users/PPPPPPPPPP/Projects/aanleverloket-v2/src/validations/requiredValidator.ts","statementMap":{"0":{"start":{"line":6,"column":8},"end":{"line":7,"column":47}},"1":{"start":{"line":7,"column":12},"end":{"line":7,"column":47}},"2":{"start":{"line":14,"column":8},"end":{"line":15,"column":47}},"3":{"start":{"line":15,"column":12},"end":{"line":15,"column":47}},"4":{"start":{"line":22,"column":8},"end":{"line":23,"column":44}},"5":{"start":{"line":23,"column":12},"end":{"line":23,"column":44}}},"fnMap":{"0":{"name":"(anonymous_0)","decl":{"start":{"line":5,"column":4},"end":{"line":5,"column":5}},"loc":{"start":{"line":5,"column":49},"end":{"line":8,"column":5}},"line":5},"1":{"name":"(anonymous_1)","decl":{"start":{"line":13,"column":4},"end":{"line":13,"column":5}},"loc":{"start":{"line":13,"column":48},"end":{"line":16,"column":5}},"line":13},"2":{"name":"(anonymous_2)","decl":{"start":{"line":21,"column":4},"end":{"line":21,"column":5}},"loc":{"start":{"line":21,"column":46},"end":{"line":24,"column":5}},"line":21}},"branchMap":{"0":{"loc":{"start":{"line":6,"column":8},"end":{"line":7,"column":47}},"type":"if","locations":[{"start":{"line":6,"column":8},"end":{"line":7,"column":47}},{"start":{},"end":{}}],"line":6},"1":{"loc":{"start":{"line":6,"column":12},"end":{"line":6,"column":35}},"type":"binary-expr","locations":[{"start":{"line":6,"column":12},"end":{"line":6,"column":18}},{"start":{"line":6,"column":22},"end":{"line":6,"column":35}}],"line":6},"2":{"loc":{"start":{"line":14,"column":8},"end":{"line":15,"column":47}},"type":"if","locations":[{"start":{"line":14,"column":8},"end":{"line":15,"column":47}},{"start":{},"end":{}}],"line":14},"3":{"loc":{"start":{"line":14,"column":12},"end":{"line":14,"column":35}},"type":"binary-expr","locations":[{"start":{"line":14,"column":12},"end":{"line":14,"column":18}},{"start":{"line":14,"column":22},"end":{"line":14,"column":35}}],"line":14},"4":{"loc":{"start":{"line":22,"column":8},"end":{"line":23,"column":44}},"type":"if","locations":[{"start":{"line":22,"column":8},"end":{"line":23,"column":44}},{"start":{},"end":{}}],"line":22},"5":{"loc":{"start":{"line":22,"column":12},"end":{"line":22,"column":31}},"type":"binary-expr","locations":[{"start":{"line":22,"column":12},"end":{"line":22,"column":17}},{"start":{"line":22,"column":21},"end":{"line":22,"column":31}}],"line":22}},"s":{"0":4,"1":4,"2":221,"3":133,"4":6,"5":2},"f":{"0":4,"1":221,"2":6},"b":{"0":[4,0],"1":[4,0],"2":[133,88],"3":[221,221],"4":[2,4],"5":[6,4]},"_coverageSchema":"1a1c01bbd47fc00a2c39e90264f33305004495a9","hash":"68c2c39e583320f82ec7ea113b102f96c9f35e58"}
}
