TN:
SF:src/index.tsx
FNF:0
FNH:0
DA:8,0
DA:9,0
DA:10,0
DA:12,0
DA:16,0
DA:18,0
LF:6
LH:0
BRF:0
BRH:0
end_of_record
TN:
SF:src/react-app-env.d.ts
FNF:0
FNH:0
LF:0
LH:0
BRF:0
BRH:0
end_of_record
TN:
SF:src/api/auth.ts
FN:11,(anonymous_0)
FN:12,(anonymous_1)
FN:21,(anonymous_2)
FN:23,(anonymous_3)
FN:31,(anonymous_4)
FNF:5
FNH:2
FNDA:1,(anonymous_0)
FNDA:1,(anonymous_1)
FNDA:0,(anonymous_2)
FNDA:0,(anonymous_3)
FNDA:0,(anonymous_4)
DA:1,36
DA:13,1
DA:14,1
DA:21,0
DA:24,0
DA:26,0
DA:28,0
DA:32,0
DA:34,0
DA:36,0
DA:38,0
DA:39,0
DA:40,0
DA:42,0
LF:14
LH:3
BRDA:39,0,0,0
BRDA:39,0,1,0
BRF:2
BRH:0
end_of_record
TN:
SF:src/api/baseClient.ts
FN:13,(anonymous_0)
FN:21,(anonymous_1)
FN:31,(anonymous_2)
FN:34,(anonymous_3)
FNF:4
FNH:2
FNDA:1,(anonymous_0)
FNDA:1,(anonymous_1)
FNDA:0,(anonymous_2)
FNDA:0,(anonymous_3)
DA:14,1
DA:15,1
DA:17,1
DA:18,1
DA:21,1
DA:22,1
DA:23,1
DA:25,1
DA:31,0
DA:34,1
DA:35,0
DA:36,0
DA:39,0
DA:41,0
DA:42,0
DA:44,0
DA:45,0
DA:46,0
DA:52,0
LF:19
LH:9
BRDA:23,0,0,0
BRDA:23,0,1,1
BRDA:27,1,0,1
BRDA:27,1,1,0
BRDA:35,2,0,0
BRDA:35,2,1,0
BRDA:41,3,0,0
BRDA:41,3,1,0
BRDA:44,4,0,0
BRDA:44,4,1,0
BRDA:45,5,0,0
BRDA:45,5,1,0
BRDA:45,6,0,0
BRDA:45,6,1,0
BRF:14
BRH:2
end_of_record
TN:
SF:src/api/document.ts
FN:16,(anonymous_0)
FN:19,(anonymous_1)
FN:23,(anonymous_2)
FN:31,(anonymous_3)
FN:38,(anonymous_4)
FN:48,(anonymous_5)
FN:51,(anonymous_6)
FN:61,(anonymous_7)
FN:64,(anonymous_8)
FNF:9
FNH:1
FNDA:0,(anonymous_0)
FNDA:0,(anonymous_1)
FNDA:1,(anonymous_2)
FNDA:0,(anonymous_3)
FNDA:0,(anonymous_4)
FNDA:0,(anonymous_5)
FNDA:0,(anonymous_6)
FNDA:0,(anonymous_7)
FNDA:0,(anonymous_8)
DA:17,0
DA:20,0
DA:24,1
DA:30,0
DA:32,0
DA:38,0
DA:39,0
DA:48,0
DA:51,0
DA:52,0
DA:61,0
DA:64,0
DA:65,0
LF:13
LH:1
BRF:0
BRH:0
end_of_record
TN:
SF:src/api/index.tsx
FN:8,(anonymous_0)
FN:9,(anonymous_1)
FN:10,(anonymous_2)
FN:11,(anonymous_3)
FNF:4
FNH:4
FNDA:6,(anonymous_0)
FNDA:2,(anonymous_1)
FNDA:3,(anonymous_2)
FNDA:2,(anonymous_3)
DA:7,36
DA:8,36
DA:9,36
DA:10,36
DA:11,36
LF:5
LH:5
BRDA:8,0,0,1
BRDA:8,0,1,5
BRDA:9,1,0,0
BRDA:9,1,1,2
BRDA:10,2,0,0
BRDA:10,2,1,3
BRDA:11,3,0,0
BRDA:11,3,1,2
BRF:8
BRH:5
end_of_record
TN:
SF:src/api/metadata.ts
FN:11,(anonymous_0)
FN:42,(anonymous_1)
FN:45,(anonymous_2)
FN:48,(anonymous_3)
FN:56,(anonymous_4)
FN:66,(anonymous_5)
FN:78,(anonymous_6)
FN:87,(anonymous_7)
FNF:8
FNH:3
FNDA:72,(anonymous_0)
FNDA:0,(anonymous_1)
FNDA:1,(anonymous_2)
FNDA:1,(anonymous_3)
FNDA:0,(anonymous_4)
FNDA:0,(anonymous_5)
FNDA:0,(anonymous_6)
FNDA:0,(anonymous_7)
DA:11,36
DA:12,72
DA:13,72
DA:16,36
DA:43,0
DA:46,1
DA:49,1
DA:57,0
DA:66,0
DA:67,0
DA:69,0
DA:70,0
DA:72,0
DA:73,0
DA:75,0
DA:78,0
DA:79,0
DA:81,0
DA:82,0
DA:84,0
DA:87,0
DA:88,0
DA:90,0
DA:91,0
DA:93,0
LF:25
LH:6
BRDA:69,0,0,0
BRDA:69,0,1,0
BRDA:81,1,0,0
BRDA:81,1,1,0
BRDA:90,2,0,0
BRDA:90,2,1,0
BRF:6
BRH:0
end_of_record
TN:
SF:src/api/search.ts
FN:10,(anonymous_0)
FN:23,(anonymous_1)
FN:32,(anonymous_2)
FNF:3
FNH:3
FNDA:1,(anonymous_0)
FNDA:1,(anonymous_1)
FNDA:6,(anonymous_2)
DA:11,1
DA:23,1
DA:24,1
DA:25,1
DA:27,0
DA:32,6
DA:33,6
DA:34,1
DA:36,5
DA:102,5
LF:10
LH:9
BRDA:24,0,0,1
BRDA:24,0,1,0
BRDA:33,1,0,1
BRDA:33,1,1,5
BRDA:33,2,0,6
BRDA:33,2,1,5
BRF:6
BRH:5
end_of_record
TN:
SF:src/factories/checkbox.ts
FN:5,(anonymous_0)
FNF:1
FNH:1
FNDA:7552,(anonymous_0)
DA:5,60
DA:11,7552
LF:2
LH:2
BRDA:13,0,0,7552
BRDA:13,0,1,238
BRF:2
BRH:2
end_of_record
TN:
SF:src/factories/documentsorten.ts
FN:12,(anonymous_0)
FN:21,(anonymous_1)
FN:27,(anonymous_2)
FN:31,(anonymous_3)
FN:35,(anonymous_4)
FN:41,(anonymous_5)
FN:53,(anonymous_6)
FN:57,(anonymous_7)
FN:61,(anonymous_8)
FN:65,(anonymous_9)
FN:69,(anonymous_10)
FN:73,(anonymous_11)
FNF:12
FNH:10
FNDA:2,(anonymous_0)
FNDA:1,(anonymous_1)
FNDA:3,(anonymous_2)
FNDA:0,(anonymous_3)
FNDA:2,(anonymous_4)
FNDA:2,(anonymous_5)
FNDA:5,(anonymous_6)
FNDA:4,(anonymous_7)
FNDA:3,(anonymous_8)
FNDA:1,(anonymous_9)
FNDA:2,(anonymous_10)
FNDA:0,(anonymous_11)
DA:8,2
DA:10,2
DA:13,2
DA:14,2
DA:16,2
DA:17,0
DA:22,1
DA:28,3
DA:32,0
DA:36,2
DA:37,2
DA:38,2
DA:42,2
DA:43,0
DA:46,2
DA:51,4
DA:54,5
DA:58,4
DA:62,3
DA:66,1
DA:70,2
DA:74,0
LF:22
LH:18
BRDA:12,0,0,2
BRDA:16,1,0,0
BRDA:16,1,1,2
BRDA:22,2,0,0
BRDA:22,2,1,1
BRDA:37,3,0,0
BRDA:37,3,1,2
BRDA:42,4,0,0
BRDA:42,4,1,2
BRF:9
BRH:5
end_of_record
TN:
SF:src/factories/dropdownInfoFactory.ts
FN:12,(anonymous_0)
FN:17,(anonymous_1)
FN:18,(anonymous_2)
FN:19,(anonymous_3)
FN:27,(anonymous_4)
FN:33,(anonymous_5)
FN:35,(anonymous_6)
FN:36,(anonymous_7)
FN:41,(anonymous_8)
FN:41,(anonymous_9)
FN:48,(anonymous_10)
FN:51,(anonymous_11)
FN:51,(anonymous_12)
FN:53,(anonymous_13)
FN:54,(anonymous_14)
FN:59,(anonymous_15)
FN:59,(anonymous_16)
FN:65,(anonymous_17)
FN:66,(anonymous_18)
FN:69,(anonymous_19)
FNF:20
FNH:15
FNDA:40,(anonymous_0)
FNDA:0,(anonymous_1)
FNDA:0,(anonymous_2)
FNDA:0,(anonymous_3)
FNDA:44,(anonymous_4)
FNDA:726,(anonymous_5)
FNDA:726,(anonymous_6)
FNDA:2,(anonymous_7)
FNDA:726,(anonymous_8)
FNDA:0,(anonymous_9)
FNDA:920,(anonymous_10)
FNDA:4560,(anonymous_11)
FNDA:4040,(anonymous_12)
FNDA:1260,(anonymous_13)
FNDA:0,(anonymous_14)
FNDA:4560,(anonymous_15)
FNDA:520,(anonymous_16)
FNDA:80,(anonymous_17)
FNDA:1200,(anonymous_18)
FNDA:1,(anonymous_19)
DA:13,40
DA:14,40
DA:17,40
DA:18,0
DA:19,0
DA:20,0
DA:23,0
DA:27,40
DA:28,44
DA:33,726
DA:35,726
DA:36,2
DA:41,726
DA:44,44
DA:48,40
DA:49,920
DA:51,4560
DA:53,1260
DA:54,0
DA:59,4560
DA:62,920
DA:65,40
DA:66,1200
DA:69,1
DA:75,80
LF:25
LH:20
BRDA:18,0,0,0
BRDA:18,0,1,0
BRDA:31,1,0,0
BRDA:31,1,1,44
BRDA:51,2,0,40
BRDA:51,2,1,880
BRDA:69,3,0,1
BRDA:69,3,1,0
BRF:8
BRH:4
end_of_record
TN:
SF:src/factories/index.ts
FNF:0
FNH:0
LF:0
LH:0
BRF:0
BRH:0
end_of_record
TN:
SF:src/factories/metadata.ts
FN:6,(anonymous_0)
FNF:1
FNH:1
FNDA:11,(anonymous_0)
DA:6,20
DA:36,11
LF:2
LH:2
BRF:0
BRH:0
end_of_record
TN:
SF:src/factories/responseCodes.ts
FN:4,(anonymous_0)
FN:22,(anonymous_1)
FN:41,(anonymous_2)
FNF:3
FNH:3
FNDA:9,(anonymous_0)
FNDA:3,(anonymous_1)
FNDA:6,(anonymous_2)
DA:8,9
DA:10,3
DA:13,6
DA:16,0
DA:23,3
DA:25,1
DA:27,0
DA:29,0
DA:31,1
DA:33,1
DA:35,0
DA:42,6
DA:44,1
DA:46,1
DA:48,1
DA:50,1
DA:52,0
DA:54,1
DA:56,1
DA:58,0
LF:20
LH:14
BRDA:8,0,0,3
BRDA:8,0,1,6
BRDA:8,0,2,0
BRDA:23,1,0,1
BRDA:23,1,1,0
BRDA:23,1,2,0
BRDA:23,1,3,1
BRDA:23,1,4,1
BRDA:23,1,5,0
BRDA:42,2,0,1
BRDA:42,2,1,1
BRDA:42,2,2,1
BRDA:42,2,3,1
BRDA:42,2,4,0
BRDA:42,2,5,1
BRDA:42,2,6,1
BRDA:42,2,7,0
BRF:17
BRH:11
end_of_record
TN:
SF:src/factories/tableData.ts
FN:4,(anonymous_0)
FN:7,(anonymous_1)
FNF:2
FNH:2
FNDA:1,(anonymous_0)
FNDA:2,(anonymous_1)
DA:4,1
DA:7,2
LF:2
LH:2
BRF:0
BRH:0
end_of_record
TN:
SF:src/factories/waardelijst.ts
FN:22,(anonymous_0)
FN:26,(anonymous_1)
FN:31,(anonymous_2)
FN:33,(anonymous_3)
FN:35,(anonymous_4)
FN:41,(anonymous_5)
FN:50,(anonymous_6)
FN:57,(anonymous_7)
FN:58,(anonymous_8)
FN:60,(anonymous_9)
FN:74,(anonymous_10)
FN:81,(anonymous_11)
FN:84,(anonymous_12)
FN:86,(anonymous_13)
FN:94,(anonymous_14)
FN:95,(anonymous_15)
FN:107,(anonymous_16)
FN:107,(anonymous_17)
FN:111,(anonymous_18)
FN:119,(anonymous_19)
FN:138,(anonymous_20)
FN:139,(anonymous_21)
FN:140,(anonymous_22)
FN:141,(anonymous_23)
FN:142,(anonymous_24)
FNF:25
FNH:25
FNDA:120,(anonymous_0)
FNDA:7520,(anonymous_1)
FNDA:40,(anonymous_2)
FNDA:3760,(anonymous_3)
FNDA:3760,(anonymous_4)
FNDA:81880,(anonymous_5)
FNDA:171760,(anonymous_6)
FNDA:162,(anonymous_7)
FNDA:6548,(anonymous_8)
FNDA:6548,(anonymous_9)
FNDA:6548,(anonymous_10)
FNDA:4788,(anonymous_11)
FNDA:327672,(anonymous_12)
FNDA:181758,(anonymous_13)
FNDA:322884,(anonymous_14)
FNDA:176232,(anonymous_15)
FNDA:4788,(anonymous_16)
FNDA:180498,(anonymous_17)
FNDA:40,(anonymous_18)
FNDA:162,(anonymous_19)
FNDA:40,(anonymous_20)
FNDA:40,(anonymous_21)
FNDA:20,(anonymous_22)
FNDA:60,(anonymous_23)
FNDA:42,(anonymous_24)
DA:4,37
DA:5,37
DA:6,37
DA:7,37
DA:8,37
DA:23,120
DA:26,7520
DA:31,120
DA:32,40
DA:33,3760
DA:35,40
DA:36,3760
DA:38,3760
DA:39,720
DA:41,81880
DA:43,3040
DA:44,0
DA:46,3040
DA:47,640
DA:49,3040
DA:50,171760
DA:53,40
DA:57,120
DA:58,6548
DA:60,162
DA:65,6548
DA:66,0
DA:68,6548
DA:69,6548
DA:70,6328
DA:72,6548
DA:74,6548
DA:76,162
DA:77,60
DA:79,102
DA:81,102
DA:82,4788
DA:84,4788
DA:85,327672
DA:86,327672
DA:90,4788
DA:91,102
DA:93,4686
DA:94,322884
DA:95,176232
DA:97,4686
DA:98,0
DA:100,4686
DA:101,882
DA:103,4686
DA:104,4686
DA:107,180498
DA:108,102
DA:111,120
DA:112,40
DA:113,40
DA:114,40
DA:116,40
DA:119,120
DA:120,162
DA:121,162
DA:123,162
DA:124,0
DA:126,162
DA:128,162
DA:129,142
DA:130,20
DA:131,20
DA:133,162
DA:135,162
DA:138,120
DA:139,120
DA:140,120
DA:141,120
DA:142,120
LF:75
LH:71
BRDA:38,0,0,720
BRDA:38,0,1,3040
BRDA:43,1,0,0
BRDA:43,1,1,3040
BRDA:46,2,0,640
BRDA:46,2,1,2400
BRDA:65,3,0,0
BRDA:65,3,1,6548
BRDA:69,4,0,6328
BRDA:69,4,1,220
BRDA:70,5,0,6328
BRDA:70,5,1,0
BRDA:76,6,0,60
BRDA:76,6,1,102
BRDA:86,7,0,327672
BRDA:86,7,1,36108
BRDA:90,8,0,102
BRDA:90,8,1,4686
BRDA:97,9,0,0
BRDA:97,9,1,4686
BRDA:97,10,0,4686
BRDA:97,10,1,4686
BRDA:100,11,0,882
BRDA:100,11,1,3804
BRDA:123,12,0,0
BRDA:123,12,1,162
BRDA:128,13,0,142
BRDA:128,13,1,20
BRDA:130,14,0,20
BRDA:130,14,1,0
BRF:30
BRH:24
end_of_record
TN:
SF:src/models/controllers.ts
FNF:0
FNH:0
LF:0
LH:0
BRF:0
BRH:0
end_of_record
TN:
SF:src/models/fileformat.ts
FNF:0
FNH:0
LF:0
LH:0
BRF:0
BRH:0
end_of_record
TN:
SF:src/models/identifier.ts
FNF:0
FNH:0
LF:0
LH:0
BRF:0
BRH:0
end_of_record
TN:
SF:src/models/index.ts
FNF:0
FNH:0
LF:0
LH:0
BRF:0
BRH:0
end_of_record
TN:
SF:src/models/metadata.ts
FNF:0
FNH:0
LF:0
LH:0
BRF:0
BRH:0
end_of_record
TN:
SF:src/models/search-result.ts
FNF:0
FNH:0
LF:0
LH:0
BRF:0
BRH:0
end_of_record
TN:
SF:src/models/validator.ts
FNF:0
FNH:0
LF:0
LH:0
BRF:0
BRH:0
end_of_record
TN:
SF:src/models/waardelijsten/filetypes.ts
FNF:0
FNH:0
DA:3,0
LF:1
LH:0
BRF:0
BRH:0
end_of_record
TN:
SF:src/models/waardelijsten/index.ts
FNF:0
FNH:0
LF:0
LH:0
BRF:0
BRH:0
end_of_record
TN:
SF:src/routes/index.tsx
FN:8,(anonymous_0)
FN:9,(anonymous_1)
FN:10,(anonymous_2)
FN:11,(anonymous_3)
FN:12,(anonymous_4)
FN:13,(anonymous_5)
FN:15,UnauthenticatedRoutes
FN:34,AuthenticatedRoutes
FN:77,RootRouter
FN:86,(anonymous_9)
FNF:10
FNH:5
FNDA:1,(anonymous_0)
FNDA:0,(anonymous_1)
FNDA:0,(anonymous_2)
FNDA:0,(anonymous_3)
FNDA:0,(anonymous_4)
FNDA:0,(anonymous_5)
FNDA:1,UnauthenticatedRoutes
FNDA:1,AuthenticatedRoutes
FNDA:1,RootRouter
FNDA:1,(anonymous_9)
DA:8,1
DA:9,1
DA:10,1
DA:11,1
DA:12,1
DA:13,1
DA:16,1
DA:35,1
DA:79,1
DA:81,1
DA:83,1
DA:84,1
DA:86,1
DA:87,1
DA:88,1
DA:89,1
DA:93,1
DA:95,0
DA:97,1
DA:99,0
DA:107,1
LF:21
LH:19
BRDA:89,0,0,0
BRDA:89,0,1,1
BRDA:93,1,0,0
BRDA:93,1,1,1
BRDA:97,2,0,0
BRDA:97,2,1,1
BRDA:109,3,0,1
BRDA:109,3,1,0
BRDA:110,4,0,1
BRDA:110,4,1,1
BRF:10
BRH:6
end_of_record
TN:
SF:src/store/hooks.ts
FN:5,(anonymous_0)
FNF:1
FNH:1
FNDA:82,(anonymous_0)
DA:5,82
DA:6,32
LF:2
LH:2
BRF:0
BRH:0
end_of_record
TN:
SF:src/store/index.tsx
FN:11,setupStore
FNF:1
FNH:1
FNDA:52,setupStore
DA:4,18
DA:12,52
LF:2
LH:2
BRF:0
BRH:0
end_of_record
TN:
SF:src/store/selectors.ts
FN:3,(anonymous_0)
FN:4,(anonymous_1)
FN:5,(anonymous_2)
FN:6,(anonymous_3)
FNF:4
FNH:4
FNDA:24,(anonymous_0)
FNDA:11,(anonymous_1)
FNDA:12,(anonymous_2)
FNDA:8,(anonymous_3)
DA:3,32
DA:4,32
DA:5,32
DA:6,32
LF:4
LH:4
BRF:0
BRH:0
end_of_record
TN:
SF:src/store/reducers/auth.ts
FN:25,(anonymous_0)
FN:31,(anonymous_1)
FN:43,(anonymous_2)
FN:50,(anonymous_3)
FN:59,(anonymous_4)
FN:72,(anonymous_5)
FN:73,(anonymous_6)
FN:77,(anonymous_7)
FN:79,(anonymous_8)
FNF:9
FNH:9
FNDA:1,(anonymous_0)
FNDA:24,(anonymous_1)
FNDA:1,(anonymous_2)
FNDA:12,(anonymous_3)
FNDA:1,(anonymous_4)
FNDA:18,(anonymous_5)
FNDA:23,(anonymous_6)
FNDA:23,(anonymous_7)
FNDA:1,(anonymous_8)
DA:16,36
DA:23,36
DA:26,1
DA:27,1
DA:31,36
DA:32,24
DA:33,24
DA:34,24
DA:35,23
DA:38,0
DA:41,36
DA:44,1
DA:48,36
DA:51,12
DA:52,12
DA:53,12
DA:57,36
DA:60,1
DA:61,1
DA:63,1
DA:64,1
DA:68,36
DA:73,18
DA:74,23
DA:75,23
DA:76,23
DA:77,23
DA:79,18
DA:80,1
DA:81,1
DA:82,1
DA:83,1
LF:32
LH:31
BRDA:33,0,0,24
BRDA:33,0,1,0
BRF:2
BRH:1
end_of_record
TN:
SF:src/store/reducers/index.tsx
FNF:0
FNH:0
LF:0
LH:0
BRF:0
BRH:0
end_of_record
TN:
SF:src/store/reducers/metadata.ts
FN:18,(anonymous_0)
FN:43,(anonymous_1)
FN:60,(anonymous_2)
FN:77,(anonymous_3)
FN:158,(anonymous_4)
FN:200,(anonymous_5)
FN:223,(anonymous_6)
FN:254,(anonymous_7)
FN:288,(anonymous_8)
FN:306,(anonymous_9)
FN:315,(anonymous_10)
FN:318,(anonymous_11)
FN:321,(anonymous_12)
FN:325,(anonymous_13)
FN:330,(anonymous_14)
FN:334,(anonymous_15)
FN:338,(anonymous_16)
FN:339,(anonymous_17)
FN:342,(anonymous_18)
FN:345,(anonymous_19)
FN:348,(anonymous_20)
FN:351,(anonymous_21)
FN:354,(anonymous_22)
FN:358,(anonymous_23)
FN:361,(anonymous_24)
FN:364,(anonymous_25)
FN:368,(anonymous_26)
FN:371,(anonymous_27)
FN:374,(anonymous_28)
FN:378,(anonymous_29)
FN:381,(anonymous_30)
FN:384,(anonymous_31)
FNF:32
FNH:18
FNDA:10,(anonymous_0)
FNDA:0,(anonymous_1)
FNDA:0,(anonymous_2)
FNDA:1,(anonymous_3)
FNDA:0,(anonymous_4)
FNDA:1,(anonymous_5)
FNDA:1,(anonymous_6)
FNDA:1,(anonymous_7)
FNDA:10,(anonymous_8)
FNDA:0,(anonymous_9)
FNDA:0,(anonymous_10)
FNDA:10,(anonymous_11)
FNDA:10,(anonymous_12)
FNDA:0,(anonymous_13)
FNDA:10,(anonymous_14)
FNDA:0,(anonymous_15)
FNDA:18,(anonymous_16)
FNDA:1,(anonymous_17)
FNDA:1,(anonymous_18)
FNDA:0,(anonymous_19)
FNDA:0,(anonymous_20)
FNDA:0,(anonymous_21)
FNDA:0,(anonymous_22)
FNDA:1,(anonymous_23)
FNDA:0,(anonymous_24)
FNDA:1,(anonymous_25)
FNDA:1,(anonymous_26)
FNDA:0,(anonymous_27)
FNDA:1,(anonymous_28)
FNDA:1,(anonymous_29)
FNDA:0,(anonymous_30)
FNDA:1,(anonymous_31)
DA:9,19
DA:18,19
DA:19,10
DA:43,19
DA:44,0
DA:52,0
DA:53,0
DA:55,0
DA:56,0
DA:57,0
DA:60,0
DA:68,19
DA:75,19
DA:81,1
DA:82,1
DA:84,1
DA:85,1
DA:87,1
DA:88,0
DA:89,0
DA:90,0
DA:91,0
DA:96,1
DA:97,0
DA:99,0
DA:101,0
DA:102,0
DA:103,0
DA:104,0
DA:106,0
DA:107,0
DA:109,0
DA:110,0
DA:111,0
DA:112,0
DA:119,0
DA:124,0
DA:125,0
DA:127,0
DA:128,0
DA:129,0
DA:132,0
DA:142,0
DA:151,0
DA:156,19
DA:165,0
DA:166,0
DA:168,0
DA:169,0
DA:171,0
DA:172,0
DA:174,0
DA:184,0
DA:193,0
DA:198,19
DA:201,1
DA:203,1
DA:204,1
DA:205,1
DA:207,0
DA:216,0
DA:221,19
DA:224,1
DA:225,1
DA:226,1
DA:228,1
DA:238,0
DA:247,0
DA:252,19
DA:255,1
DA:257,1
DA:258,1
DA:260,1
DA:270,1
DA:272,0
DA:281,0
DA:286,19
DA:289,10
DA:290,10
DA:292,10
DA:296,10
DA:298,10
DA:304,19
DA:307,0
DA:311,19
DA:316,0
DA:319,10
DA:322,10
DA:323,10
DA:326,0
DA:327,0
DA:328,0
DA:331,10
DA:332,10
DA:335,0
DA:339,18
DA:340,1
DA:342,18
DA:343,1
DA:345,18
DA:346,0
DA:348,18
DA:349,0
DA:351,18
DA:352,0
DA:354,18
DA:355,0
DA:358,18
DA:359,1
DA:361,18
DA:362,0
DA:364,18
DA:365,1
DA:366,1
DA:368,18
DA:369,1
DA:371,18
DA:372,0
DA:374,18
DA:375,1
DA:376,1
DA:378,18
DA:379,1
DA:381,18
DA:382,0
DA:384,18
DA:385,1
DA:386,1
DA:391,19
DA:392,19
LF:130
LH:70
BRDA:55,0,0,0
BRDA:55,0,1,0
BRDA:55,1,0,0
BRDA:55,1,1,0
BRDA:56,2,0,0
BRDA:56,2,1,0
BRDA:57,3,0,0
BRDA:57,3,1,0
BRDA:60,4,0,0
BRDA:60,4,1,0
BRDA:89,5,0,0
BRDA:89,5,1,0
BRDA:96,6,0,0
BRDA:96,6,1,0
BRDA:106,7,0,0
BRDA:106,7,1,0
BRDA:106,8,0,0
BRDA:106,8,1,0
BRDA:111,9,0,0
BRDA:111,9,1,0
BRDA:127,10,0,0
BRDA:127,10,1,0
BRDA:127,11,0,0
BRDA:127,11,1,0
BRDA:171,12,0,0
BRDA:171,12,1,0
BRDA:171,13,0,0
BRDA:171,13,1,0
BRDA:258,14,0,1
BRDA:258,14,1,0
BRDA:292,15,0,10
BRDA:292,15,1,0
BRDA:327,16,0,0
BRDA:327,16,1,0
BRF:34
BRH:2
end_of_record
TN:
SF:src/store/reducers/search.ts
FN:17,(anonymous_0)
FN:45,(anonymous_1)
FN:46,(anonymous_2)
FN:49,(anonymous_3)
FN:52,(anonymous_4)
FNF:5
FNH:5
FNDA:6,(anonymous_0)
FNDA:18,(anonymous_1)
FNDA:6,(anonymous_2)
FNDA:1,(anonymous_3)
FNDA:4,(anonymous_4)
DA:11,19
DA:15,19
DA:18,6
DA:20,6
DA:21,6
DA:25,4
DA:27,1
DA:36,1
DA:41,19
DA:46,18
DA:47,6
DA:49,18
DA:50,1
DA:52,18
DA:53,4
DA:56,4
DA:57,1
DA:58,1
DA:59,1
DA:62,4
LF:20
LH:20
BRDA:56,0,0,1
BRDA:56,0,1,3
BRDA:56,1,0,4
BRDA:56,1,1,1
BRF:4
BRH:4
end_of_record
TN:
SF:src/store/reducers/toast.ts
FN:28,(anonymous_0)
FN:34,(anonymous_1)
FN:44,(anonymous_2)
FN:49,(anonymous_3)
FNF:4
FNH:4
FNDA:8,(anonymous_0)
FNDA:1,(anonymous_1)
FNDA:9,(anonymous_2)
FNDA:2,(anonymous_3)
DA:15,19
DA:26,19
DA:29,8
DA:31,8
DA:33,8
DA:34,7
DA:35,1
DA:40,19
DA:45,9
DA:46,9
DA:47,9
DA:50,2
DA:51,2
DA:52,2
DA:57,19
LF:15
LH:15
BRDA:33,0,0,7
BRDA:33,0,1,1
BRF:2
BRH:2
end_of_record
TN:
SF:src/ui/atoms/index.tsx
FNF:0
FNH:0
LF:0
LH:0
BRF:0
BRH:0
end_of_record
TN:
SF:src/ui/atoms/button/index.tsx
FN:12,ButtonAtom
FNF:1
FNH:1
FNDA:669,ButtonAtom
DA:13,669
DA:15,669
DA:17,669
LF:3
LH:3
BRF:0
BRH:0
end_of_record
TN:
SF:src/ui/atoms/checkbox/index.tsx
FN:4,CheckboxAtom
FNF:1
FNH:1
FNDA:7730,CheckboxAtom
DA:5,7730
DA:7,7730
DA:8,7730
DA:10,7730
DA:12,7730
DA:13,73
DA:14,36
DA:16,73
DA:18,7657
DA:19,7538
DA:20,7538
DA:21,119
DA:24,7730
LF:13
LH:13
BRDA:7,0,0,155
BRDA:7,0,1,7575
BRDA:8,1,0,73
BRDA:8,1,1,7657
BRDA:12,2,0,73
BRDA:12,2,1,7657
BRDA:13,3,0,37
BRDA:13,3,1,36
BRDA:18,4,0,7538
BRDA:18,4,1,119
BRDA:30,5,0,73
BRDA:30,5,1,7657
BRDA:32,6,0,7730
BRDA:32,6,1,155
BRDA:41,7,0,7730
BRDA:41,7,1,7730
BRDA:45,8,0,73
BRDA:45,8,1,7657
BRF:18
BRH:18
end_of_record
TN:
SF:src/ui/atoms/chip/index.tsx
FN:8,ChipAtom
FNF:1
FNH:1
FNDA:15,ChipAtom
DA:9,15
LF:1
LH:1
BRF:0
BRH:0
end_of_record
TN:
SF:src/ui/atoms/container/index.tsx
FN:12,ContainerAtom
FNF:1
FNH:1
FNDA:152,ContainerAtom
DA:13,152
DA:15,152
DA:17,148
DA:19,148
DA:21,148
DA:23,148
LF:6
LH:6
BRDA:15,0,0,3
BRDA:15,0,1,145
BRDA:17,1,0,3
BRDA:17,1,1,145
BRDA:19,2,0,51
BRDA:19,2,1,97
BRDA:21,3,0,122
BRDA:21,3,1,26
BRF:8
BRH:8
end_of_record
TN:
SF:src/ui/atoms/divider/index.tsx
FN:8,DividerAtom
FNF:1
FNH:1
FNDA:115,DividerAtom
DA:9,115
DA:11,115
DA:12,4
DA:15,115
DA:16,51
DA:18,115
LF:6
LH:6
BRDA:11,0,0,4
BRDA:11,0,1,111
BRDA:15,1,0,51
BRDA:15,1,1,64
BRF:4
BRH:4
end_of_record
TN:
SF:src/ui/atoms/file-input/index.tsx
FN:11,FileInputAtom
FN:14,(anonymous_1)
FN:20,(anonymous_2)
FN:26,(anonymous_3)
FN:27,(anonymous_4)
FNF:5
FNH:5
FNDA:65,FileInputAtom
FNDA:1,(anonymous_1)
FNDA:8,(anonymous_2)
FNDA:1,(anonymous_3)
FNDA:130,(anonymous_4)
DA:14,65
DA:15,1
DA:17,1
DA:20,65
DA:21,8
DA:24,65
DA:26,1
DA:28,130
DA:29,130
LF:9
LH:9
BRDA:15,0,0,0
BRDA:15,0,1,1
BRDA:21,1,0,7
BRDA:21,1,1,1
BRDA:29,2,0,130
BRDA:29,2,1,80
BRF:6
BRH:5
end_of_record
TN:
SF:src/ui/atoms/footer/index.tsx
FN:7,FooterAtom
FNF:1
FNH:1
FNDA:5,FooterAtom
DA:8,5
LF:1
LH:1
BRF:0
BRH:0
end_of_record
TN:
SF:src/ui/atoms/form/index.tsx
FN:8,FormAtom
FNF:1
FNH:1
FNDA:49,FormAtom
DA:9,49
LF:1
LH:1
BRF:0
BRH:0
end_of_record
TN:
SF:src/ui/atoms/header/index.tsx
FN:7,HeaderAtom
FNF:1
FNH:1
FNDA:16,HeaderAtom
DA:8,16
LF:1
LH:1
BRF:0
BRH:0
end_of_record
TN:
SF:src/ui/atoms/headings/index.tsx
FN:5,HeadingH1Atom
FN:10,HeadingH2Atom
FN:15,HeadingH3Atom
FN:20,HeadingH4Atom
FN:25,HeadingPreviewAtom
FNF:5
FNH:5
FNDA:3,HeadingH1Atom
FNDA:69,HeadingH2Atom
FNDA:9,HeadingH3Atom
FNDA:3,HeadingH4Atom
FNDA:38,HeadingPreviewAtom
DA:6,3
DA:7,3
DA:11,69
DA:12,69
DA:16,9
DA:17,9
DA:21,3
DA:22,3
DA:26,38
DA:27,38
LF:10
LH:10
BRF:0
BRH:0
end_of_record
TN:
SF:src/ui/atoms/hidden/index.tsx
FN:15,Hidden
FN:17,(anonymous_1)
FN:19,(anonymous_2)
FN:30,MobileHiddenAtom
FN:36,DesktopHiddenAtom
FNF:5
FNH:5
FNDA:48,Hidden
FNDA:6,(anonymous_1)
FNDA:38,(anonymous_2)
FNDA:18,MobileHiddenAtom
FNDA:27,DesktopHiddenAtom
DA:5,63
DA:16,48
DA:17,47
DA:19,47
DA:20,38
DA:23,47
DA:24,28
DA:26,19
DA:31,18
DA:37,27
LF:10
LH:10
BRDA:23,0,0,28
BRDA:23,0,1,19
BRDA:24,1,0,5
BRDA:24,1,1,23
BRDA:26,2,0,16
BRDA:26,2,1,3
BRF:6
BRH:6
end_of_record
TN:
SF:src/ui/atoms/icon/index.tsx
FN:9,IconAtom
FNF:1
FNH:1
FNDA:628,IconAtom
DA:10,628
DA:11,628
DA:13,628
LF:3
LH:3
BRF:0
BRH:0
end_of_record
TN:
SF:src/ui/atoms/label/index.tsx
FN:13,LabelAtom
FN:26,(anonymous_1)
FNF:2
FNH:2
FNDA:2138,LabelAtom
FNDA:2,(anonymous_1)
DA:14,2138
DA:16,2137
DA:17,1895
DA:19,2137
DA:20,62
DA:22,2137
DA:23,87
DA:25,2137
DA:26,2
LF:9
LH:9
BRDA:16,0,0,1895
BRDA:16,0,1,242
BRDA:19,1,0,62
BRDA:19,1,1,2075
BRDA:22,2,0,87
BRDA:22,2,1,2050
BRDA:26,3,0,1
BRDA:26,3,1,2136
BRF:8
BRH:8
end_of_record
TN:
SF:src/ui/atoms/link/index.tsx
FN:4,LinkAtom
FNF:1
FNH:1
FNDA:60,LinkAtom
DA:5,60
DA:6,60
DA:8,60
DA:10,60
LF:4
LH:4
BRDA:6,0,0,10
BRDA:6,0,1,50
BRDA:8,1,0,22
BRDA:8,1,1,38
BRF:4
BRH:4
end_of_record
TN:
SF:src/ui/atoms/list/index.tsx
FN:9,ListAtom
FNF:1
FNH:1
FNDA:1509,ListAtom
DA:10,1509
DA:12,1509
DA:13,18
DA:15,1509
DA:16,1488
DA:18,1509
LF:6
LH:6
BRDA:12,0,0,18
BRDA:12,0,1,1491
BRDA:15,1,0,1488
BRDA:15,1,1,21
BRF:4
BRH:4
end_of_record
TN:
SF:src/ui/atoms/list-item/index.tsx
FN:10,ListItemAtom
FNF:1
FNH:1
FNDA:7742,ListItemAtom
DA:12,7742
DA:14,7742
DA:15,35
DA:17,7742
DA:18,57
DA:20,7742
LF:6
LH:6
BRDA:14,0,0,35
BRDA:14,0,1,7707
BRDA:17,1,0,57
BRDA:17,1,1,7685
BRF:4
BRH:4
end_of_record
TN:
SF:src/ui/atoms/logo/index.tsx
FN:10,LogoAtom
FNF:1
FNH:1
FNDA:39,LogoAtom
DA:13,39
DA:15,23
DA:16,23
DA:18,1
DA:19,1
DA:22,1
DA:23,1
DA:26,14
DA:27,14
DA:31,39
DA:35,39
LF:11
LH:11
BRDA:13,0,0,23
BRDA:13,0,1,1
BRDA:13,0,2,1
BRDA:13,0,3,14
BRDA:31,1,0,20
BRDA:31,1,1,19
BRF:6
BRH:6
end_of_record
TN:
SF:src/ui/atoms/select-custom/index.tsx
FN:12,SelectCustomAtom
FN:15,(anonymous_1)
FNF:2
FNH:2
FNDA:8,SelectCustomAtom
FNDA:24,(anonymous_1)
DA:13,8
DA:15,8
DA:16,24
DA:19,8
LF:4
LH:4
BRF:0
BRH:0
end_of_record
TN:
SF:src/ui/atoms/small/index.tsx
FN:8,SmallAtom
FNF:1
FNH:1
FNDA:352,SmallAtom
DA:10,352
LF:1
LH:1
BRF:0
BRH:0
end_of_record
TN:
SF:src/ui/atoms/spacer/index.tsx
FN:7,SpacerAtom
FNF:1
FNH:1
FNDA:3584,SpacerAtom
DA:8,3584
LF:1
LH:1
BRF:0
BRH:0
end_of_record
TN:
SF:src/ui/atoms/spinner/index.tsx
FN:8,SpinnerAtom
FNF:1
FNH:1
FNDA:10,SpinnerAtom
DA:10,10
DA:11,10
DA:12,8
DA:14,10
LF:4
LH:4
BRDA:11,0,0,2
BRDA:11,0,1,8
BRF:2
BRH:2
end_of_record
TN:
SF:src/ui/atoms/table/index.tsx
FN:10,TableAtom
FN:11,(anonymous_1)
FN:26,(anonymous_2)
FN:28,(anonymous_3)
FNF:4
FNH:4
FNDA:7,TableAtom
FNDA:10,(anonymous_1)
FNDA:13,(anonymous_2)
FNDA:26,(anonymous_3)
DA:11,7
DA:12,10
DA:26,5
DA:27,13
DA:29,26
DA:45,5
LF:6
LH:6
BRDA:16,0,0,8
BRDA:16,0,1,2
BRDA:16,1,0,10
BRDA:16,1,1,8
BRDA:27,2,0,1
BRDA:27,2,1,12
BRDA:27,3,0,13
BRDA:27,3,1,1
BRDA:33,4,0,20
BRDA:33,4,1,6
BRDA:33,5,0,26
BRDA:33,5,1,20
BRF:12
BRH:12
end_of_record
TN:
SF:src/ui/atoms/text-input/index.tsx
FN:21,TextInputAtom
FN:26,(anonymous_1)
FN:34,(anonymous_2)
FN:38,(anonymous_3)
FNF:4
FNH:4
FNDA:526,TextInputAtom
FNDA:3,(anonymous_1)
FNDA:1048,(anonymous_2)
FNDA:15,(anonymous_3)
DA:22,526
DA:24,526
DA:26,524
DA:27,3
DA:29,3
DA:32,524
DA:35,1048
DA:39,15
DA:40,0
DA:41,0
DA:42,0
DA:44,0
DA:45,0
DA:46,0
DA:50,15
LF:15
LH:9
BRDA:24,0,0,4
BRDA:24,0,1,520
BRDA:27,1,0,1
BRDA:27,1,1,2
BRDA:27,2,0,1
BRDA:27,2,1,1
BRDA:29,3,0,2
BRDA:29,3,1,1
BRDA:29,4,0,2
BRDA:29,4,1,2
BRDA:35,5,0,1048
BRDA:35,5,1,604
BRDA:35,5,2,302
BRDA:39,6,0,0
BRDA:39,6,1,15
BRDA:39,7,0,15
BRDA:39,7,1,6
BRDA:39,7,2,0
BRDA:44,8,0,0
BRDA:44,8,1,0
BRDA:45,9,0,0
BRDA:45,9,1,0
BRDA:50,10,0,15
BRDA:50,10,1,15
BRF:24
BRH:18
end_of_record
TN:
SF:src/ui/atoms/textarea/index.tsx
FN:14,TextAreaAtom
FN:15,(anonymous_1)
FNF:2
FNH:2
FNDA:13,TextAreaAtom
FNDA:2,(anonymous_1)
DA:15,13
DA:16,2
DA:17,1
DA:19,1
DA:22,13
LF:5
LH:5
BRDA:16,0,0,1
BRDA:16,0,1,1
BRDA:22,1,0,13
BRDA:22,1,1,3
BRF:4
BRH:4
end_of_record
TN:
SF:src/ui/atoms/toast/index.tsx
FN:9,ToastAtom
FNF:1
FNH:1
FNDA:9,ToastAtom
DA:10,9
DA:12,9
LF:2
LH:2
BRF:0
BRH:0
end_of_record
TN:
SF:src/ui/atoms/tooltip/index.tsx
FN:9,TooltipAtom
FNF:1
FNH:1
FNDA:522,TooltipAtom
DA:10,522
LF:1
LH:1
BRF:0
BRH:0
end_of_record
TN:
SF:src/ui/atoms/virtual-table/index.tsx
FN:20,VirtualTableAtom
FN:28,(anonymous_1)
FN:36,(anonymous_2)
FN:39,(anonymous_3)
FN:42,(anonymous_4)
FN:58,(anonymous_5)
FN:61,(anonymous_6)
FN:77,(anonymous_7)
FN:85,(anonymous_8)
FNF:9
FNH:6
FNDA:12,VirtualTableAtom
FNDA:9,(anonymous_1)
FNDA:0,(anonymous_2)
FNDA:0,(anonymous_3)
FNDA:0,(anonymous_4)
FNDA:9,(anonymous_5)
FNDA:60,(anonymous_6)
FNDA:7,(anonymous_7)
FNDA:60,(anonymous_8)
DA:21,12
DA:22,12
DA:23,12
DA:25,12
DA:29,9
DA:37,0
DA:40,0
DA:43,0
DA:59,9
DA:62,60
DA:78,7
DA:82,0
DA:86,60
LF:13
LH:9
BRDA:47,0,0,0
BRDA:47,0,1,0
BRDA:47,1,0,0
BRDA:47,1,1,0
BRDA:66,2,0,60
BRDA:66,2,1,0
BRDA:66,3,0,60
BRDA:66,3,1,60
BRDA:78,4,0,0
BRDA:78,4,1,7
BRDA:79,5,0,7
BRDA:79,5,1,7
BRF:12
BRH:6
end_of_record
TN:
SF:src/ui/interfaces/Checkbox.ts
FNF:0
FNH:0
LF:0
LH:0
BRF:0
BRH:0
end_of_record
TN:
SF:src/ui/interfaces/Iterator.ts
FNF:0
FNH:0
LF:0
LH:0
BRF:0
BRH:0
end_of_record
TN:
SF:src/ui/interfaces/Link.ts
FNF:0
FNH:0
LF:0
LH:0
BRF:0
BRH:0
end_of_record
TN:
SF:src/ui/interfaces/Toast.ts
FNF:0
FNH:0
LF:0
LH:0
BRF:0
BRH:0
end_of_record
TN:
SF:src/ui/layouts/index.tsx
FNF:0
FNH:0
LF:0
LH:0
BRF:0
BRH:0
end_of_record
TN:
SF:src/ui/layouts/centered/index.tsx
FN:7,CenteredLayout
FNF:1
FNH:1
FNDA:3,CenteredLayout
DA:8,3
LF:1
LH:1
BRF:0
BRH:0
end_of_record
TN:
SF:src/ui/layouts/default/index.tsx
FN:10,DefaultLayout
FNF:1
FNH:1
FNDA:7,DefaultLayout
DA:11,7
DA:12,7
DA:14,6
LF:3
LH:3
BRDA:12,0,0,4
BRDA:12,0,1,2
BRF:2
BRH:2
end_of_record
TN:
SF:src/ui/layouts/flex/index.tsx
FN:10,FlexLayout
FNF:1
FNH:1
FNDA:2,FlexLayout
DA:11,2
DA:12,2
DA:14,1
LF:3
LH:3
BRDA:12,0,0,1
BRDA:12,0,1,0
BRF:2
BRH:1
end_of_record
TN:
SF:src/ui/layouts/sidebar/index.tsx
FN:11,SidebarLayout
FNF:1
FNH:1
FNDA:4,SidebarLayout
DA:12,4
DA:13,4
DA:15,3
LF:3
LH:3
BRDA:13,0,0,1
BRDA:13,0,1,2
BRF:2
BRH:2
end_of_record
TN:
SF:src/ui/layouts/small/index.tsx
FN:9,SmallLayout
FNF:1
FNH:1
FNDA:3,SmallLayout
DA:11,3
DA:12,3
DA:14,3
LF:3
LH:3
BRDA:12,0,0,2
BRDA:12,0,1,1
BRF:2
BRH:2
end_of_record
TN:
SF:src/ui/molecules/index.tsx
FNF:0
FNH:0
LF:0
LH:0
BRF:0
BRH:0
end_of_record
TN:
SF:src/ui/molecules/button/index.tsx
FN:26,(anonymous_0)
FN:64,IconButton
FN:101,IconButtonRTL
FN:128,LoadingOverlay
FN:141,IconButtonMolecule
FN:148,ButtonMolecule
FNF:6
FNH:6
FNDA:134,(anonymous_0)
FNDA:68,IconButton
FNDA:7,IconButtonRTL
FNDA:5,LoadingOverlay
FNDA:75,IconButtonMolecule
FNDA:59,ButtonMolecule
DA:26,33
DA:31,134
DA:34,31
DA:41,1
DA:48,0
DA:55,102
DA:65,68
DA:68,68
DA:69,68
DA:70,68
DA:71,68
DA:72,68
DA:74,68
DA:102,7
DA:104,7
DA:105,7
DA:107,7
DA:129,5
DA:130,5
DA:132,5
DA:134,5
DA:142,75
DA:143,7
DA:145,68
DA:149,59
DA:151,59
LF:26
LH:25
BRDA:31,0,0,31
BRDA:31,0,1,1
BRDA:31,0,2,0
BRDA:31,0,3,102
BRDA:70,1,0,0
BRDA:70,1,1,68
BRDA:71,2,0,49
BRDA:71,2,1,19
BRDA:72,3,0,8
BRDA:72,3,1,60
BRDA:76,4,0,68
BRDA:76,4,1,1
BRDA:79,5,0,68
BRDA:79,5,1,60
BRDA:93,6,0,49
BRDA:93,6,1,19
BRDA:105,7,0,1
BRDA:105,7,1,6
BRDA:110,8,0,7
BRDA:110,8,1,1
BRDA:116,9,0,1
BRDA:116,9,1,6
BRDA:120,10,0,7
BRDA:120,10,1,7
BRDA:132,11,0,1
BRDA:132,11,1,4
BRDA:136,12,0,1
BRDA:136,12,1,4
BRDA:142,13,0,7
BRDA:142,13,1,68
BRDA:153,14,0,59
BRDA:153,14,1,3
BRF:32
BRH:30
end_of_record
TN:
SF:src/ui/molecules/button-remove/index.tsx
FN:8,ButtonRemoveMolecule
FNF:1
FNH:1
FNDA:2,ButtonRemoveMolecule
DA:9,2
LF:1
LH:1
BRF:0
BRH:0
end_of_record
TN:
SF:src/ui/molecules/checkbox-list/index.tsx
FN:22,CheckboxListMolecule
FN:23,(anonymous_1)
FN:47,CheckboxListSelectAllMolecule
FN:50,(anonymous_3)
FNF:4
FNH:4
FNDA:1475,CheckboxListMolecule
FNDA:7680,(anonymous_1)
FNDA:20,CheckboxListSelectAllMolecule
FNDA:21,(anonymous_3)
DA:23,1475
DA:24,7680
DA:31,1475
DA:48,20
DA:50,21
DA:56,20
LF:6
LH:6
BRDA:33,0,0,1475
BRDA:33,0,1,1349
BRF:2
BRH:2
end_of_record
TN:
SF:src/ui/molecules/file-input/index.tsx
FN:16,FileInputMolecule
FN:22,(anonymous_1)
FN:24,(anonymous_2)
FN:27,(anonymous_3)
FNF:4
FNH:4
FNDA:60,FileInputMolecule
FNDA:6,(anonymous_1)
FNDA:12,(anonymous_2)
FNDA:12,(anonymous_3)
DA:17,60
DA:19,60
DA:20,60
DA:22,60
DA:24,12
DA:26,6
DA:27,12
DA:29,0
DA:31,6
DA:34,60
LF:10
LH:9
BRDA:20,0,0,3
BRDA:20,0,1,57
BRDA:26,1,0,6
BRDA:26,1,1,0
BRDA:26,2,0,6
BRDA:26,2,1,6
BRDA:38,3,0,60
BRDA:38,3,1,41
BRDA:44,4,0,60
BRDA:44,4,1,35
BRDA:52,5,0,60
BRDA:52,5,1,25
BRDA:64,6,0,60
BRDA:64,6,1,3
BRF:14
BRH:13
end_of_record
TN:
SF:src/ui/molecules/foldable/index.tsx
FN:12,FoldableMolecule
FN:20,(anonymous_1)
FNF:2
FNH:2
FNDA:51,FoldableMolecule
FNDA:5,(anonymous_1)
DA:13,51
DA:15,50
DA:16,50
DA:18,50
DA:20,5
LF:5
LH:5
BRDA:16,0,0,12
BRDA:16,0,1,38
BRDA:24,1,0,50
BRDA:24,1,1,12
BRF:4
BRH:4
end_of_record
TN:
SF:src/ui/molecules/footer/index.tsx
FN:12,FooterMolecule
FN:16,(anonymous_1)
FNF:2
FNH:2
FNDA:2,FooterMolecule
FNDA:5,(anonymous_1)
DA:13,2
DA:16,5
LF:2
LH:2
BRF:0
BRH:0
end_of_record
TN:
SF:src/ui/molecules/form/index.tsx
FN:10,FormMolecule
FNF:1
FNH:1
FNDA:46,FormMolecule
DA:11,46
LF:1
LH:1
BRDA:16,0,0,43
BRDA:16,0,1,22
BRDA:16,0,2,21
BRF:3
BRH:3
end_of_record
TN:
SF:src/ui/molecules/go-to-top-button/index.tsx
FN:12,GoToTopButtonMolecule
FN:15,(anonymous_1)
FN:16,(anonymous_2)
FN:25,(anonymous_3)
FNF:4
FNH:4
FNDA:8,GoToTopButtonMolecule
FNDA:4,(anonymous_1)
FNDA:13,(anonymous_2)
FNDA:1,(anonymous_3)
DA:13,8
DA:15,8
DA:16,4
DA:17,13
DA:18,9
DA:20,4
DA:25,8
DA:26,1
DA:29,8
LF:9
LH:9
BRDA:17,0,0,9
BRDA:17,0,1,4
BRDA:31,1,0,8
BRDA:31,1,1,3
BRF:4
BRH:4
end_of_record
TN:
SF:src/ui/molecules/header/index.tsx
FN:24,HeaderMolecule
FN:52,(anonymous_1)
FN:58,(anonymous_2)
FN:69,(anonymous_3)
FNF:4
FNH:2
FNDA:13,HeaderMolecule
FNDA:0,(anonymous_1)
FNDA:0,(anonymous_2)
FNDA:1,(anonymous_3)
DA:25,13
DA:26,13
DA:27,13
DA:29,13
DA:31,13
DA:33,13
DA:34,1
DA:37,13
DA:52,0
DA:58,0
DA:69,1
LF:11
LH:9
BRDA:33,0,0,1
BRDA:33,0,1,12
BRDA:49,1,0,13
BRDA:49,1,1,1
BRDA:57,2,0,13
BRDA:57,2,1,12
BRDA:85,3,0,13
BRDA:85,3,1,1
BRF:8
BRH:8
end_of_record
TN:
SF:src/ui/molecules/header-submenu/index.tsx
FN:10,HeaderSubmenuMolecule
FNF:1
FNH:1
FNDA:3,HeaderSubmenuMolecule
DA:11,3
DA:13,3
DA:15,3
DA:30,3
DA:39,3
DA:48,3
DA:57,3
LF:7
LH:7
BRDA:13,0,0,3
BRDA:13,0,1,0
BRDA:57,1,0,0
BRDA:57,1,1,3
BRF:4
BRH:2
end_of_record
TN:
SF:src/ui/molecules/icon-label/index.tsx
FN:10,IconLabelMolecule
FNF:1
FNH:1
FNDA:14,IconLabelMolecule
DA:11,14
DA:13,14
DA:15,14
LF:3
LH:3
BRDA:13,0,0,10
BRDA:13,0,1,4
BRF:2
BRH:2
end_of_record
TN:
SF:src/ui/molecules/jumbotron/index.tsx
FN:13,JumbotronMolecule
FN:22,(anonymous_1)
FNF:2
FNH:2
FNDA:18,JumbotronMolecule
FNDA:8,(anonymous_1)
DA:14,18
DA:15,18
DA:17,16
DA:22,8
LF:4
LH:4
BRDA:15,0,0,5
BRDA:15,0,1,11
BRDA:21,1,0,4
BRDA:21,1,1,12
BRF:4
BRH:4
end_of_record
TN:
SF:src/ui/molecules/label/index.tsx
FN:12,LabelMolecule
FNF:1
FNH:1
FNDA:652,LabelMolecule
DA:13,652
LF:1
LH:1
BRDA:15,0,0,652
BRDA:15,0,1,544
BRDA:20,1,0,652
BRDA:20,1,1,476
BRDA:21,2,0,652
BRDA:21,2,1,350
BRF:6
BRH:6
end_of_record
TN:
SF:src/ui/molecules/list/index.tsx
FN:12,ListMolecule
FN:17,(anonymous_1)
FNF:2
FNH:2
FNDA:29,ListMolecule
FNDA:57,(anonymous_1)
DA:13,29
DA:15,29
DA:18,57
LF:3
LH:3
BRDA:20,0,0,57
BRDA:20,0,1,19
BRF:2
BRH:2
end_of_record
TN:
SF:src/ui/molecules/popup/index.tsx
FN:15,PopupMolecule
FNF:1
FNH:1
FNDA:2,PopupMolecule
DA:16,2
LF:1
LH:1
BRDA:31,0,0,2
BRDA:31,0,1,2
BRDA:34,1,0,2
BRDA:34,1,1,2
BRF:4
BRH:4
end_of_record
TN:
SF:src/ui/molecules/select-multi/index.tsx
FN:31,SelectMultiMolecule
FN:38,(anonymous_1)
FN:40,(anonymous_2)
FN:49,(anonymous_3)
FN:54,(anonymous_4)
FN:56,(anonymous_5)
FN:57,(anonymous_6)
FN:59,(anonymous_7)
FN:62,(anonymous_8)
FN:67,(anonymous_9)
FN:72,(anonymous_10)
FN:78,(anonymous_11)
FN:83,(anonymous_12)
FN:84,(anonymous_13)
FN:126,(anonymous_14)
FN:142,(anonymous_15)
FN:152,(anonymous_16)
FN:153,(anonymous_17)
FN:153,(anonymous_18)
FN:154,(anonymous_19)
FN:154,(anonymous_20)
FN:159,(anonymous_21)
FN:159,(anonymous_22)
FN:175,(anonymous_23)
FN:180,(anonymous_24)
FN:180,(anonymous_25)
FN:187,(anonymous_26)
FN:193,(anonymous_27)
FN:197,(anonymous_28)
FN:200,(anonymous_29)
FN:219,(anonymous_30)
FNF:31
FNH:28
FNDA:254,SelectMultiMolecule
FNDA:140,(anonymous_1)
FNDA:140,(anonymous_2)
FNDA:250,(anonymous_3)
FNDA:3,(anonymous_4)
FNDA:3,(anonymous_5)
FNDA:2,(anonymous_6)
FNDA:1,(anonymous_7)
FNDA:6,(anonymous_8)
FNDA:10,(anonymous_9)
FNDA:3,(anonymous_10)
FNDA:1359,(anonymous_11)
FNDA:24641,(anonymous_12)
FNDA:7632,(anonymous_13)
FNDA:0,(anonymous_14)
FNDA:4,(anonymous_15)
FNDA:975,(anonymous_16)
FNDA:4884,(anonymous_17)
FNDA:1104,(anonymous_18)
FNDA:534,(anonymous_19)
FNDA:534,(anonymous_20)
FNDA:221,(anonymous_21)
FNDA:221,(anonymous_22)
FNDA:500,(anonymous_23)
FNDA:0,(anonymous_24)
FNDA:0,(anonymous_25)
FNDA:113,(anonymous_26)
FNDA:184,(anonymous_27)
FNDA:1,(anonymous_28)
FNDA:16,(anonymous_29)
FNDA:905,(anonymous_30)
DA:32,254
DA:33,250
DA:34,250
DA:35,250
DA:36,250
DA:38,250
DA:39,140
DA:40,140
DA:41,140
DA:45,250
DA:46,250
DA:47,250
DA:49,250
DA:50,250
DA:52,4
DA:53,4
DA:54,4
DA:56,4
DA:57,2
DA:59,2
DA:62,250
DA:63,6
DA:65,6
DA:67,10
DA:68,5
DA:69,3
DA:70,3
DA:72,3
DA:75,5
DA:78,250
DA:82,1359
DA:83,24641
DA:84,7632
DA:85,432
DA:86,432
DA:87,0
DA:89,432
DA:93,4407
DA:94,530
DA:95,530
DA:96,20
DA:97,0
DA:99,20
DA:104,1359
DA:105,927
DA:106,432
DA:107,412
DA:108,20
DA:109,0
DA:110,20
DA:111,20
DA:115,250
DA:116,250
DA:119,250
DA:120,20
DA:121,20
DA:124,250
DA:126,250
DA:127,0
DA:128,0
DA:130,0
DA:131,0
DA:133,0
DA:135,0
DA:138,0
DA:139,0
DA:142,250
DA:143,4
DA:147,4
DA:152,250
DA:153,4884
DA:154,975
DA:156,975
DA:159,250
DA:161,250
DA:162,3
DA:163,3
DA:165,250
DA:176,500
DA:177,250
DA:179,250
DA:180,66
DA:181,66
DA:187,113
DA:194,184
DA:195,184
DA:198,1
DA:201,16
DA:202,16
DA:219,905
LF:90
LH:79
BRDA:50,0,0,246
BRDA:50,0,1,4
BRDA:50,1,0,250
BRDA:50,1,1,4
BRDA:56,2,0,2
BRDA:56,2,1,2
BRDA:56,3,0,3
BRDA:56,3,1,3
BRDA:57,4,0,2
BRDA:57,4,1,2
BRDA:63,5,0,0
BRDA:63,5,1,6
BRDA:65,6,0,1
BRDA:65,6,1,5
BRDA:65,7,0,6
BRDA:65,7,1,6
BRDA:68,8,0,3
BRDA:68,8,1,2
BRDA:68,9,0,5
BRDA:68,9,1,5
BRDA:83,10,0,432
BRDA:83,10,1,3975
BRDA:83,11,0,4407
BRDA:83,11,1,4407
BRDA:85,12,0,432
BRDA:85,12,1,0
BRDA:85,13,0,432
BRDA:85,13,1,432
BRDA:86,14,0,0
BRDA:86,14,1,432
BRDA:93,15,0,530
BRDA:93,15,1,3877
BRDA:93,16,0,4407
BRDA:93,16,1,2959
BRDA:95,17,0,20
BRDA:95,17,1,510
BRDA:95,18,0,530
BRDA:95,18,1,20
BRDA:96,19,0,0
BRDA:96,19,1,20
BRDA:104,20,0,927
BRDA:104,20,1,432
BRDA:104,21,0,1359
BRDA:104,21,1,927
BRDA:106,22,0,412
BRDA:106,22,1,20
BRDA:106,23,0,432
BRDA:106,23,1,432
BRDA:108,24,0,0
BRDA:108,24,1,20
BRDA:108,25,0,20
BRDA:108,25,1,0
BRDA:110,26,0,20
BRDA:110,26,1,0
BRDA:110,27,0,20
BRDA:110,27,1,20
BRDA:115,28,0,250
BRDA:115,28,1,0
BRDA:119,29,0,20
BRDA:119,29,1,230
BRDA:127,30,0,0
BRDA:127,30,1,0
BRDA:127,31,0,0
BRDA:127,31,1,0
BRDA:130,32,0,0
BRDA:130,32,1,0
BRDA:143,33,0,4
BRDA:143,33,1,4
BRDA:159,34,0,221
BRDA:159,34,1,133
BRDA:161,35,0,3
BRDA:161,35,1,247
BRDA:161,36,0,250
BRDA:161,36,1,4
BRDA:161,37,0,4
BRDA:161,37,1,1
BRDA:176,38,0,250
BRDA:176,38,1,250
BRDA:179,39,0,66
BRDA:179,39,1,184
BRDA:179,40,0,250
BRDA:179,40,1,66
BRDA:179,40,2,66
BRDA:187,41,0,103
BRDA:187,41,1,10
BRDA:189,42,0,250
BRDA:189,42,1,66
BRDA:189,42,2,184
BRDA:194,43,0,184
BRDA:194,43,1,100
BRDA:206,44,0,65
BRDA:206,44,1,119
BRDA:206,45,0,184
BRDA:206,45,1,65
BRDA:211,46,0,250
BRDA:211,46,1,66
BRDA:211,46,2,23
BRDA:211,47,0,66
BRDA:211,47,1,43
BRDA:218,48,0,225
BRDA:218,48,1,25
BRDA:218,49,0,250
BRDA:218,49,1,250
BRDA:221,50,0,905
BRDA:221,50,1,680
BRDA:225,51,0,905
BRDA:225,51,1,464
BRDA:228,52,0,905
BRDA:228,52,1,441
BRDA:236,53,0,250
BRDA:236,53,1,221
BRDA:236,53,2,133
BRDA:236,53,3,3
BRF:113
BRH:99
end_of_record
TN:
SF:src/ui/molecules/spinner-popup/index.tsx
FN:8,SpinnerPopupMolecule
FNF:1
FNH:1
FNDA:2,SpinnerPopupMolecule
DA:9,2
LF:1
LH:1
BRDA:15,0,0,1
BRDA:15,0,1,1
BRDA:15,1,0,2
BRDA:15,1,1,1
BRF:4
BRH:4
end_of_record
TN:
SF:src/ui/molecules/text-input/index.tsx
FN:26,InputMolecule
FN:29,(anonymous_1)
FN:30,(anonymous_2)
FN:39,(anonymous_3)
FN:71,PasswordInputMolecule
FN:75,EmailInputMolecule
FN:79,TextInputMolecule
FN:83,DateInputMolecule
FN:87,TimeInputMolecule
FNF:9
FNH:8
FNDA:328,InputMolecule
FNDA:4,(anonymous_1)
FNDA:4,(anonymous_2)
FNDA:4,(anonymous_3)
FNDA:1,PasswordInputMolecule
FNDA:3,EmailInputMolecule
FNDA:219,TextInputMolecule
FNDA:102,DateInputMolecule
FNDA:0,TimeInputMolecule
DA:28,328
DA:29,326
DA:30,326
DA:31,4
DA:32,4
DA:34,0
DA:35,0
DA:37,0
DA:39,4
DA:40,326
DA:43,326
DA:51,326
DA:72,1
DA:76,3
DA:80,219
DA:84,102
DA:88,0
LF:17
LH:13
BRDA:30,0,0,4
BRDA:30,0,1,322
BRDA:31,1,0,4
BRDA:31,1,1,0
BRDA:32,2,0,4
BRDA:32,2,1,1
BRDA:34,3,0,0
BRDA:34,3,1,0
BRDA:40,4,0,326
BRDA:40,4,1,326
BRDA:53,5,0,326
BRDA:53,5,1,243
BRDA:60,6,0,326
BRDA:60,6,1,4
BRDA:63,7,0,4
BRDA:63,7,1,0
BRF:16
BRH:12
end_of_record
TN:
SF:src/ui/molecules/textarea/index.tsx
FN:16,TextAreaMolecule
FNF:1
FNH:1
FNDA:2,TextAreaMolecule
DA:17,2
LF:1
LH:1
BRDA:21,0,0,2
BRDA:21,0,1,1
BRF:2
BRH:2
end_of_record
TN:
SF:src/ui/molecules/toast/index.tsx
FN:11,ToastMolecule
FNF:1
FNH:1
FNDA:3,ToastMolecule
DA:12,3
LF:1
LH:1
BRF:0
BRH:0
end_of_record
TN:
SF:src/ui/molecules/tooltip/index.tsx
FN:10,TooltipMolecule
FN:14,(anonymous_1)
FN:15,(anonymous_2)
FN:18,(anonymous_3)
FN:25,(anonymous_4)
FNF:5
FNH:3
FNDA:517,TooltipMolecule
FNDA:1,(anonymous_1)
FNDA:0,(anonymous_2)
FNDA:1,(anonymous_3)
FNDA:0,(anonymous_4)
DA:13,517
DA:14,517
DA:15,1
DA:18,517
DA:19,1
DA:20,1
DA:23,517
DA:25,0
LF:8
LH:7
BRDA:29,0,0,517
BRDA:29,0,1,1
BRF:2
BRH:2
end_of_record
TN:
SF:src/ui/organisms/index.tsx
FNF:0
FNH:0
LF:0
LH:0
BRF:0
BRH:0
end_of_record
TN:
SF:src/ui/organisms/create-formulier/index.tsx
FN:36,CreateFormulierOrganism
FN:37,(anonymous_1)
FN:38,(anonymous_2)
FN:39,(anonymous_3)
FN:66,(anonymous_4)
FN:73,(anonymous_5)
FN:84,(anonymous_6)
FN:95,(anonymous_7)
FN:107,(anonymous_8)
FN:118,(anonymous_9)
FN:133,(anonymous_10)
FN:144,(anonymous_11)
FN:159,(anonymous_12)
FN:171,(anonymous_13)
FN:183,(anonymous_14)
FN:196,(anonymous_15)
FN:211,(anonymous_16)
FN:223,(anonymous_17)
FN:235,(anonymous_18)
FN:247,(anonymous_19)
FN:262,(anonymous_20)
FN:277,(anonymous_21)
FN:292,(anonymous_22)
FN:304,(anonymous_23)
FN:316,(anonymous_24)
FN:328,(anonymous_25)
FN:340,(anonymous_26)
FN:355,(anonymous_27)
FN:370,(anonymous_28)
FN:383,(anonymous_29)
FN:384,(anonymous_30)
FN:384,(anonymous_31)
FN:386,(anonymous_32)
FN:387,(anonymous_33)
FN:409,(anonymous_34)
FN:413,(anonymous_35)
FN:414,(anonymous_36)
FN:416,(anonymous_37)
FN:421,(anonymous_38)
FN:423,(anonymous_39)
FN:423,(anonymous_40)
FN:427,(anonymous_41)
FN:431,(anonymous_42)
FN:435,(anonymous_43)
FN:439,(anonymous_44)
FN:439,(anonymous_45)
FN:443,(anonymous_46)
FN:457,(anonymous_47)
FN:461,(anonymous_48)
FN:469,(anonymous_49)
FN:474,(anonymous_50)
FN:480,(anonymous_51)
FN:496,(anonymous_52)
FN:497,(anonymous_53)
FN:510,(anonymous_54)
FN:519,(anonymous_55)
FN:519,(anonymous_56)
FN:521,(anonymous_57)
FN:523,(anonymous_58)
FN:525,(anonymous_59)
FN:527,(anonymous_60)
FN:531,(anonymous_61)
FN:544,(anonymous_62)
FN:545,(anonymous_63)
FN:545,(anonymous_64)
FN:548,(anonymous_65)
FNF:66
FNH:36
FNDA:22,CreateFormulierOrganism
FNDA:30,(anonymous_1)
FNDA:30,(anonymous_2)
FNDA:30,(anonymous_3)
FNDA:0,(anonymous_4)
FNDA:1,(anonymous_5)
FNDA:1,(anonymous_6)
FNDA:1,(anonymous_7)
FNDA:1,(anonymous_8)
FNDA:1,(anonymous_9)
FNDA:1,(anonymous_10)
FNDA:1,(anonymous_11)
FNDA:0,(anonymous_12)
FNDA:0,(anonymous_13)
FNDA:0,(anonymous_14)
FNDA:0,(anonymous_15)
FNDA:2,(anonymous_16)
FNDA:1,(anonymous_17)
FNDA:0,(anonymous_18)
FNDA:0,(anonymous_19)
FNDA:0,(anonymous_20)
FNDA:0,(anonymous_21)
FNDA:1,(anonymous_22)
FNDA:0,(anonymous_23)
FNDA:0,(anonymous_24)
FNDA:0,(anonymous_25)
FNDA:1,(anonymous_26)
FNDA:1,(anonymous_27)
FNDA:0,(anonymous_28)
FNDA:22,(anonymous_29)
FNDA:22,(anonymous_30)
FNDA:22,(anonymous_31)
FNDA:20,(anonymous_32)
FNDA:360,(anonymous_33)
FNDA:40,(anonymous_34)
FNDA:20,(anonymous_35)
FNDA:0,(anonymous_36)
FNDA:20,(anonymous_37)
FNDA:0,(anonymous_38)
FNDA:20,(anonymous_39)
FNDA:1,(anonymous_40)
FNDA:22,(anonymous_41)
FNDA:22,(anonymous_42)
FNDA:22,(anonymous_43)
FNDA:22,(anonymous_44)
FNDA:1,(anonymous_45)
FNDA:1,(anonymous_46)
FNDA:2,(anonymous_47)
FNDA:20,(anonymous_48)
FNDA:0,(anonymous_49)
FNDA:0,(anonymous_50)
FNDA:0,(anonymous_51)
FNDA:0,(anonymous_52)
FNDA:0,(anonymous_53)
FNDA:0,(anonymous_54)
FNDA:0,(anonymous_55)
FNDA:0,(anonymous_56)
FNDA:0,(anonymous_57)
FNDA:0,(anonymous_58)
FNDA:0,(anonymous_59)
FNDA:0,(anonymous_60)
FNDA:1,(anonymous_61)
FNDA:0,(anonymous_62)
FNDA:1,(anonymous_63)
FNDA:0,(anonymous_64)
FNDA:0,(anonymous_65)
DA:31,14
DA:37,30
DA:38,30
DA:39,30
DA:40,20
DA:56,20
DA:58,20
DA:59,20
DA:60,20
DA:61,20
DA:63,20
DA:64,20
DA:66,20
DA:67,0
DA:73,20
DA:74,1
DA:75,1
DA:77,1
DA:84,1
DA:95,20
DA:96,1
DA:97,1
DA:99,1
DA:107,1
DA:118,20
DA:119,1
DA:120,0
DA:122,1
DA:123,1
DA:125,1
DA:126,1
DA:133,1
DA:144,20
DA:145,1
DA:146,1
DA:148,1
DA:159,20
DA:160,0
DA:171,20
DA:172,0
DA:183,20
DA:184,0
DA:196,20
DA:197,0
DA:211,20
DA:212,2
DA:223,20
DA:224,1
DA:235,20
DA:236,0
DA:247,20
DA:248,0
DA:262,20
DA:263,0
DA:277,20
DA:278,0
DA:292,20
DA:293,1
DA:304,20
DA:305,0
DA:316,20
DA:317,0
DA:328,20
DA:329,0
DA:340,20
DA:341,1
DA:355,20
DA:356,1
DA:370,20
DA:371,0
DA:382,20
DA:383,22
DA:384,22
DA:386,20
DA:387,360
DA:389,20
DA:390,20
DA:391,20
DA:393,20
DA:394,20
DA:395,20
DA:396,20
DA:397,20
DA:399,20
DA:400,20
DA:402,20
DA:409,40
DA:413,20
DA:417,20
DA:418,20
DA:423,20
DA:428,22
DA:432,22
DA:433,0
DA:436,22
DA:437,21
DA:439,22
DA:443,1
DA:457,2
DA:462,20
DA:463,20
DA:469,0
DA:474,0
DA:481,0
DA:482,0
DA:483,0
DA:485,0
DA:487,0
DA:488,0
DA:489,0
DA:491,0
DA:492,0
DA:493,0
DA:495,0
DA:498,0
DA:499,0
DA:501,0
DA:502,0
DA:503,0
DA:504,0
DA:506,0
DA:507,0
DA:509,0
DA:519,0
DA:532,1
DA:533,0
DA:534,0
DA:537,1
DA:543,1
DA:545,1
LF:130
LH:90
BRDA:119,0,0,0
BRDA:119,0,1,1
BRDA:119,1,0,1
BRDA:119,1,1,1
BRDA:399,2,0,0
BRDA:399,2,1,20
BRDA:399,3,0,20
BRDA:399,3,1,0
BRDA:400,4,0,0
BRDA:400,4,1,20
BRDA:400,5,0,20
BRDA:400,5,1,0
BRDA:417,6,0,20
BRDA:417,6,1,0
BRDA:421,7,0,0
BRDA:421,7,1,20
BRDA:421,8,0,20
BRDA:421,8,1,0
BRDA:432,9,0,0
BRDA:432,9,1,22
BRDA:436,10,0,21
BRDA:436,10,1,1
BRDA:441,11,0,22
BRDA:441,11,1,4
BRDA:450,12,0,22
BRDA:450,12,1,2
BRDA:462,13,0,20
BRDA:462,13,1,0
BRDA:479,14,0,20
BRDA:479,14,1,0
BRDA:479,14,2,20
BRDA:479,14,3,20
BRDA:480,15,0,0
BRDA:480,15,1,0
BRDA:481,16,0,0
BRDA:481,16,1,0
BRDA:485,17,0,0
BRDA:485,17,1,0
BRDA:488,18,0,0
BRDA:488,18,1,0
BRDA:497,19,0,0
BRDA:497,19,1,0
BRDA:497,20,0,0
BRDA:497,20,1,0
BRDA:498,21,0,0
BRDA:498,21,1,0
BRDA:501,22,0,0
BRDA:501,22,1,0
BRDA:506,23,0,0
BRDA:506,23,1,0
BRDA:519,24,0,0
BRDA:519,24,1,20
BRDA:519,25,0,20
BRDA:519,25,1,0
BRDA:529,26,0,20
BRDA:529,26,1,19
BRDA:531,27,0,1
BRDA:531,27,1,19
BRDA:532,28,0,0
BRDA:532,28,1,1
BRDA:545,29,0,1
BRDA:545,29,1,19
BRDA:545,30,0,1
BRDA:545,30,1,0
BRDA:554,31,0,20
BRDA:554,31,1,0
BRF:66
BRH:32
end_of_record
TN:
SF:src/ui/organisms/documenten-lijst/index.tsx
FN:19,DocumentenLijstOrganism
FN:27,(anonymous_1)
FN:34,(anonymous_2)
FN:38,(anonymous_3)
FN:39,(anonymous_4)
FN:47,(anonymous_5)
FN:51,(anonymous_6)
FN:59,(anonymous_7)
FN:64,(anonymous_8)
FN:65,(anonymous_9)
FN:82,(anonymous_10)
FN:90,(anonymous_11)
FN:94,(anonymous_12)
FN:129,(anonymous_13)
FN:133,(anonymous_14)
FNF:15
FNH:6
FNDA:10,DocumentenLijstOrganism
FNDA:3,(anonymous_1)
FNDA:3,(anonymous_2)
FNDA:6,(anonymous_3)
FNDA:0,(anonymous_4)
FNDA:6,(anonymous_5)
FNDA:0,(anonymous_6)
FNDA:0,(anonymous_7)
FNDA:0,(anonymous_8)
FNDA:0,(anonymous_9)
FNDA:10,(anonymous_10)
FNDA:0,(anonymous_11)
FNDA:0,(anonymous_12)
FNDA:0,(anonymous_13)
FNDA:0,(anonymous_14)
DA:17,14
DA:20,10
DA:21,8
DA:23,8
DA:24,8
DA:25,8
DA:27,8
DA:28,3
DA:29,3
DA:30,3
DA:34,8
DA:35,3
DA:38,8
DA:39,6
DA:40,0
DA:41,0
DA:42,0
DA:43,0
DA:46,6
DA:47,6
DA:51,8
DA:52,0
DA:59,8
DA:60,0
DA:61,0
DA:64,8
DA:65,0
DA:67,0
DA:68,0
DA:80,8
DA:82,10
DA:91,0
DA:92,0
DA:95,0
DA:98,8
DA:130,0
DA:131,0
DA:134,0
DA:135,0
DA:136,0
LF:40
LH:22
BRDA:28,0,0,3
BRDA:28,0,1,0
BRDA:42,1,0,0
BRDA:42,1,1,0
BRDA:67,2,0,0
BRDA:67,2,1,0
BRDA:80,3,0,4
BRDA:80,3,1,4
BRDA:103,4,0,2
BRDA:103,4,1,6
BRDA:103,5,0,8
BRDA:103,5,1,3
BRDA:123,6,0,0
BRDA:123,6,1,8
BRDA:123,7,0,8
BRDA:123,7,1,0
BRF:16
BRH:9
end_of_record
TN:
SF:src/ui/organisms/login-form/index.tsx
FN:8,LoginFormOrganism
FN:11,(anonymous_1)
FNF:2
FNH:1
FNDA:4,LoginFormOrganism
FNDA:0,(anonymous_1)
DA:9,4
DA:10,2
DA:11,2
DA:13,2
LF:4
LH:4
BRF:0
BRH:0
end_of_record
TN:
SF:src/ui/organisms/overheid-footer/index.tsx
FN:4,OverheidFooterOrganism
FNF:1
FNH:1
FNDA:1,OverheidFooterOrganism
DA:5,1
DA:27,1
DA:44,1
DA:59,1
DA:81,1
LF:5
LH:5
BRF:0
BRH:0
end_of_record
TN:
SF:src/ui/organisms/overheid-header/index.tsx
FN:5,OverheidHeaderOrganism
FNF:1
FNH:1
FNDA:9,OverheidHeaderOrganism
DA:6,9
DA:36,9
DA:49,9
DA:50,9
DA:52,9
LF:5
LH:5
BRDA:11,0,0,9
BRDA:11,0,1,9
BRDA:13,1,0,9
BRDA:13,1,1,9
BRDA:13,1,2,8
BRDA:13,1,3,8
BRDA:27,2,0,9
BRDA:27,2,1,8
BRDA:50,3,0,1
BRDA:50,3,1,8
BRF:10
BRH:10
end_of_record
TN:
SF:src/ui/organisms/sidebar-organism/index.tsx
FN:7,SidebarOrganism
FN:11,(anonymous_1)
FN:12,(anonymous_2)
FN:23,(anonymous_3)
FN:32,(anonymous_4)
FN:36,(anonymous_5)
FN:40,(anonymous_6)
FNF:7
FNH:2
FNDA:2,SidebarOrganism
FNDA:1,(anonymous_1)
FNDA:0,(anonymous_2)
FNDA:0,(anonymous_3)
FNDA:0,(anonymous_4)
FNDA:0,(anonymous_5)
FNDA:0,(anonymous_6)
DA:8,2
DA:9,1
DA:11,1
DA:12,0
DA:24,0
DA:32,1
DA:33,0
DA:36,1
DA:37,0
DA:40,1
DA:41,0
DA:44,1
LF:12
LH:7
BRDA:12,0,0,1
BRDA:12,0,1,0
BRDA:13,1,0,1
BRDA:13,1,1,0
BRF:4
BRH:2
end_of_record
TN:
SF:src/ui/organisms/toast/index.tsx
FN:6,ToastOrganism
FN:12,(anonymous_1)
FNF:2
FNH:1
FNDA:12,ToastOrganism
FNDA:0,(anonymous_1)
DA:7,12
DA:8,11
DA:10,11
DA:11,2
DA:12,0
DA:16,9
LF:6
LH:5
BRDA:10,0,0,2
BRDA:10,0,1,9
BRDA:10,1,0,11
BRDA:10,1,1,2
BRDA:12,2,0,1
BRDA:12,2,1,1
BRF:6
BRH:6
end_of_record
TN:
SF:src/ui/organisms/update-formulier/index.tsx
FN:34,UpdateFormulierOrganism
FN:67,(anonymous_1)
FN:70,(anonymous_2)
FN:72,(anonymous_3)
FN:73,(anonymous_4)
FN:77,(anonymous_5)
FN:77,(anonymous_6)
FN:83,(anonymous_7)
FN:86,(anonymous_8)
FN:89,(anonymous_9)
FN:93,(anonymous_10)
FN:93,(anonymous_11)
FN:102,(anonymous_12)
FN:104,(anonymous_13)
FN:104,(anonymous_14)
FN:106,(anonymous_15)
FN:108,(anonymous_16)
FN:110,(anonymous_17)
FN:111,(anonymous_18)
FN:117,(anonymous_19)
FN:118,(anonymous_20)
FN:119,(anonymous_21)
FN:126,deepEqual
FN:145,isObject
FN:149,(anonymous_24)
FN:181,(anonymous_25)
FN:211,(anonymous_26)
FN:226,(anonymous_27)
FN:229,(anonymous_28)
FN:234,(anonymous_29)
FN:236,(anonymous_30)
FN:245,(anonymous_31)
FN:246,(anonymous_32)
FN:255,(anonymous_33)
FN:256,(anonymous_34)
FN:265,(anonymous_35)
FN:271,padTo2Digits
FN:275,formatDate
FN:293,(anonymous_38)
FN:299,(anonymous_39)
FN:300,(anonymous_40)
FN:301,(anonymous_41)
FN:304,(anonymous_42)
FN:306,(anonymous_43)
FN:306,(anonymous_44)
FN:311,(anonymous_45)
FN:314,(anonymous_46)
FN:316,(anonymous_47)
FN:321,(anonymous_48)
FN:325,(anonymous_49)
FN:338,(anonymous_50)
FN:338,(anonymous_51)
FN:342,(anonymous_52)
FN:344,(anonymous_53)
FN:346,(anonymous_54)
FN:348,(anonymous_55)
FN:368,(anonymous_56)
FN:369,(anonymous_57)
FN:376,(anonymous_58)
FNF:59
FNH:40
FNDA:21,UpdateFormulierOrganism
FNDA:0,(anonymous_1)
FNDA:0,(anonymous_2)
FNDA:0,(anonymous_3)
FNDA:0,(anonymous_4)
FNDA:0,(anonymous_5)
FNDA:0,(anonymous_6)
FNDA:22,(anonymous_7)
FNDA:66,(anonymous_8)
FNDA:1,(anonymous_9)
FNDA:66,(anonymous_10)
FNDA:0,(anonymous_11)
FNDA:20,(anonymous_12)
FNDA:22,(anonymous_13)
FNDA:22,(anonymous_14)
FNDA:360,(anonymous_15)
FNDA:1520,(anonymous_16)
FNDA:1520,(anonymous_17)
FNDA:0,(anonymous_18)
FNDA:0,(anonymous_19)
FNDA:0,(anonymous_20)
FNDA:0,(anonymous_21)
FNDA:0,deepEqual
FNDA:0,isObject
FNDA:1,(anonymous_24)
FNDA:0,(anonymous_25)
FNDA:1,(anonymous_26)
FNDA:3,(anonymous_27)
FNDA:26,(anonymous_28)
FNDA:1,(anonymous_29)
FNDA:1,(anonymous_30)
FNDA:1,(anonymous_31)
FNDA:1,(anonymous_32)
FNDA:1,(anonymous_33)
FNDA:1,(anonymous_34)
FNDA:1,(anonymous_35)
FNDA:128,padTo2Digits
FNDA:64,formatDate
FNDA:0,(anonymous_38)
FNDA:0,(anonymous_39)
FNDA:0,(anonymous_40)
FNDA:0,(anonymous_41)
FNDA:0,(anonymous_42)
FNDA:20,(anonymous_43)
FNDA:1,(anonymous_44)
FNDA:22,(anonymous_45)
FNDA:1,(anonymous_46)
FNDA:22,(anonymous_47)
FNDA:1,(anonymous_48)
FNDA:1,(anonymous_49)
FNDA:2,(anonymous_50)
FNDA:2,(anonymous_51)
FNDA:21,(anonymous_52)
FNDA:20,(anonymous_53)
FNDA:20,(anonymous_54)
FNDA:20,(anonymous_55)
FNDA:1,(anonymous_56)
FNDA:1,(anonymous_57)
FNDA:40,(anonymous_58)
DA:35,21
DA:36,20
DA:38,20
DA:39,20
DA:40,20
DA:42,20
DA:43,20
DA:44,20
DA:45,20
DA:46,20
DA:47,20
DA:48,20
DA:50,20
DA:51,20
DA:52,20
DA:53,20
DA:54,20
DA:56,20
DA:57,20
DA:58,20
DA:59,20
DA:60,20
DA:61,20
DA:62,20
DA:63,20
DA:64,20
DA:65,20
DA:67,20
DA:68,0
DA:70,0
DA:72,0
DA:73,0
DA:77,0
DA:80,0
DA:83,20
DA:84,22
DA:86,66
DA:89,1
DA:93,66
DA:96,22
DA:100,20
DA:101,20
DA:102,20
DA:103,20
DA:104,22
DA:106,360
DA:108,1520
DA:110,1520
DA:111,0
DA:117,20
DA:118,0
DA:119,0
DA:120,0
DA:123,0
DA:127,0
DA:130,0
DA:131,0
DA:132,0
DA:133,0
DA:135,0
DA:139,0
DA:142,0
DA:146,0
DA:149,20
DA:150,1
DA:151,0
DA:178,0
DA:180,0
DA:181,0
DA:182,0
DA:183,0
DA:186,0
DA:187,0
DA:192,1
DA:193,2
DA:194,2
DA:195,1
DA:196,1
DA:197,1
DA:201,0
DA:211,20
DA:212,1
DA:221,1
DA:222,0
DA:223,0
DA:226,3
DA:229,20
DA:230,26
DA:231,26
DA:234,20
DA:235,1
DA:236,1
DA:237,1
DA:238,1
DA:240,0
DA:245,20
DA:246,1
DA:247,1
DA:248,1
DA:250,0
DA:255,20
DA:256,1
DA:257,1
DA:258,1
DA:260,0
DA:265,20
DA:266,1
DA:267,1
DA:268,1
DA:272,128
DA:276,64
DA:283,20
DA:284,20
DA:285,20
DA:286,20
DA:288,20
DA:290,20
DA:306,20
DA:312,22
DA:314,1
DA:317,22
DA:318,2
DA:321,1
DA:325,1
DA:338,2
DA:342,21
DA:344,20
DA:346,20
DA:348,20
DA:368,1
DA:369,1
DA:376,40
LF:132
LH:98
BRDA:43,0,0,20
BRDA:43,0,1,20
BRDA:44,1,0,20
BRDA:44,1,1,20
BRDA:45,2,0,20
BRDA:45,2,1,0
BRDA:46,3,0,20
BRDA:46,3,1,20
BRDA:50,4,0,20
BRDA:50,4,1,20
BRDA:51,5,0,20
BRDA:51,5,1,20
BRDA:53,6,0,20
BRDA:53,6,1,20
BRDA:54,7,0,20
BRDA:54,7,1,20
BRDA:59,8,0,20
BRDA:59,8,1,20
BRDA:60,9,0,20
BRDA:60,9,1,20
BRDA:61,10,0,20
BRDA:61,10,1,20
BRDA:62,11,0,20
BRDA:62,11,1,20
BRDA:63,12,0,20
BRDA:63,12,1,20
BRDA:64,13,0,20
BRDA:64,13,1,20
BRDA:70,14,0,0
BRDA:70,14,1,0
BRDA:86,15,0,0
BRDA:86,15,1,22
BRDA:108,16,0,40
BRDA:108,16,1,320
BRDA:118,17,0,0
BRDA:118,17,1,0
BRDA:133,18,0,0
BRDA:133,18,1,0
BRDA:135,19,0,0
BRDA:135,19,1,0
BRDA:136,20,0,0
BRDA:136,20,1,0
BRDA:136,20,2,0
BRDA:136,20,3,0
BRDA:146,21,0,0
BRDA:146,21,1,0
BRDA:150,22,0,0
BRDA:150,22,1,1
BRDA:157,23,0,0
BRDA:157,23,1,0
BRDA:157,24,0,0
BRDA:157,24,1,0
BRDA:158,25,0,0
BRDA:158,25,1,0
BRDA:158,26,0,0
BRDA:158,26,1,0
BRDA:169,27,0,0
BRDA:169,27,1,0
BRDA:170,28,0,0
BRDA:170,28,1,0
BRDA:170,29,0,0
BRDA:170,29,1,0
BRDA:170,30,0,0
BRDA:170,30,1,0
BRDA:171,31,0,0
BRDA:171,31,1,0
BRDA:174,32,0,0
BRDA:174,32,1,0
BRDA:174,33,0,0
BRDA:174,33,1,0
BRDA:180,34,0,0
BRDA:180,34,1,0
BRDA:182,35,0,0
BRDA:182,35,1,0
BRDA:182,36,0,0
BRDA:182,36,1,0
BRDA:182,36,2,0
BRDA:186,37,0,0
BRDA:186,37,1,0
BRDA:186,38,0,0
BRDA:186,38,1,0
BRDA:194,39,0,1
BRDA:194,39,1,1
BRDA:194,40,0,2
BRDA:194,40,1,1
BRDA:221,41,0,0
BRDA:221,41,1,1
BRDA:221,42,0,1
BRDA:221,42,1,1
BRDA:222,43,0,0
BRDA:222,43,1,0
BRDA:223,44,0,0
BRDA:223,44,1,0
BRDA:226,45,0,3
BRDA:226,45,1,2
BRDA:237,46,0,1
BRDA:237,46,1,0
BRDA:247,47,0,1
BRDA:247,47,1,0
BRDA:257,48,0,1
BRDA:257,48,1,0
BRDA:275,49,0,40
BRDA:317,50,0,2
BRDA:317,50,1,20
BRDA:323,51,0,22
BRDA:323,51,1,4
BRDA:331,52,0,22
BRDA:331,52,1,2
BRDA:368,53,0,1
BRDA:368,53,1,19
BRDA:369,54,0,1
BRDA:369,54,1,19
BRDA:376,55,0,20
BRDA:376,55,1,20
BRDA:379,56,0,20
BRDA:379,56,1,0
BRF:116
BRH:57
end_of_record
TN:
SF:src/ui/screens/index.tsx
FNF:0
FNH:0
LF:0
LH:0
BRF:0
BRH:0
end_of_record
TN:
SF:src/ui/screens/create/index.tsx
FN:12,CreateScreen
FN:15,(anonymous_1)
FNF:2
FNH:2
FNDA:2,CreateScreen
FNDA:1,(anonymous_1)
DA:13,2
DA:15,1
DA:16,1
DA:17,1
DA:20,1
LF:5
LH:5
BRF:0
BRH:0
end_of_record
TN:
SF:src/ui/screens/documenten/index.tsx
FN:9,DocumentenLijstScreen
FNF:1
FNH:1
FNDA:2,DocumentenLijstScreen
DA:10,2
LF:1
LH:1
BRF:0
BRH:0
end_of_record
TN:
SF:src/ui/screens/login/index.tsx
FN:10,LoginScreen
FNF:1
FNH:1
FNDA:2,LoginScreen
DA:11,2
LF:1
LH:1
BRF:0
BRH:0
end_of_record
TN:
SF:src/ui/screens/over/index.tsx
FN:9,OverScreen
FNF:1
FNH:1
FNDA:1,OverScreen
DA:11,1
LF:1
LH:1
BRF:0
BRH:0
end_of_record
TN:
SF:src/ui/screens/start/index.tsx
FN:11,StartScreen
FN:32,(anonymous_1)
FNF:2
FNH:2
FNDA:3,StartScreen
FNDA:1,(anonymous_1)
DA:12,3
DA:14,3
DA:32,1
LF:3
LH:3
BRF:0
BRH:0
end_of_record
TN:
SF:src/ui/screens/update/index.tsx
FN:15,UpdateScreen
FN:21,(anonymous_1)
FNF:2
FNH:2
FNDA:1,UpdateScreen
FNDA:1,(anonymous_1)
DA:16,1
DA:17,1
DA:18,1
DA:19,1
DA:21,1
DA:22,1
DA:23,0
DA:26,1
LF:8
LH:7
BRDA:19,0,0,1
BRDA:19,0,1,1
BRDA:22,1,0,0
BRDA:22,1,1,1
BRDA:33,2,0,1
BRDA:33,2,1,0
BRDA:33,2,2,1
BRDA:33,2,3,0
BRDA:33,2,4,0
BRDA:33,2,5,1
BRDA:33,2,6,0
BRDA:33,2,7,0
BRDA:33,2,8,0
BRF:13
BRH:6
end_of_record
TN:
SF:src/utils/DateFormatter.ts
FN:2,(anonymous_0)
FN:7,(anonymous_1)
FN:11,(anonymous_2)
FNF:3
FNH:3
FNDA:44,(anonymous_0)
FNDA:88,(anonymous_1)
FNDA:44,(anonymous_2)
DA:2,67
DA:3,44
DA:4,44
DA:7,67
DA:8,88
DA:11,67
DA:12,44
LF:7
LH:7
BRDA:11,0,0,0
BRDA:15,1,0,20
BRDA:15,1,1,24
BRF:3
BRH:2
end_of_record
TN:
SF:src/utils/FileReader.ts
FN:7,(anonymous_0)
FN:11,(anonymous_1)
FN:11,(anonymous_2)
FN:14,(anonymous_3)
FN:16,(anonymous_4)
FN:28,(anonymous_5)
FNF:6
FNH:2
FNDA:2,(anonymous_0)
FNDA:0,(anonymous_1)
FNDA:0,(anonymous_2)
FNDA:0,(anonymous_3)
FNDA:0,(anonymous_4)
FNDA:2,(anonymous_5)
DA:8,2
DA:11,2
DA:12,0
DA:14,0
DA:15,0
DA:16,0
DA:17,0
DA:19,0
DA:23,0
DA:28,2
LF:10
LH:3
BRDA:17,0,0,0
BRDA:17,0,1,0
BRF:2
BRH:0
end_of_record
TN:
SF:src/utils/Storage.ts
FN:8,(anonymous_0)
FN:9,(anonymous_1)
FN:10,(anonymous_2)
FNF:3
FNH:3
FNDA:13,(anonymous_0)
FNDA:2,(anonymous_1)
FNDA:29,(anonymous_2)
DA:8,37
DA:9,37
DA:10,37
LF:3
LH:3
BRF:0
BRH:0
end_of_record
TN:
SF:src/utils/StringSanitizer.ts
FN:3,(anonymous_0)
FN:6,(anonymous_1)
FN:24,(anonymous_2)
FN:40,(anonymous_3)
FN:45,(anonymous_4)
FN:45,(anonymous_5)
FN:47,(anonymous_6)
FN:57,(anonymous_7)
FN:60,(anonymous_8)
FNF:9
FNH:6
FNDA:0,(anonymous_0)
FNDA:4,(anonymous_1)
FNDA:2,(anonymous_2)
FNDA:4833,(anonymous_3)
FNDA:0,(anonymous_4)
FNDA:0,(anonymous_5)
FNDA:89400,(anonymous_6)
FNDA:7520,(anonymous_7)
FNDA:964,(anonymous_8)
DA:3,38
DA:6,183
DA:7,4
DA:8,4
DA:10,4
DA:11,0
DA:14,4
DA:15,0
DA:18,4
DA:19,1
DA:21,3
DA:24,183
DA:25,2
DA:26,2
DA:27,2
DA:29,2
DA:30,1
DA:32,1
DA:34,2
DA:35,2
DA:37,2
DA:40,4833
DA:45,183
DA:47,183
DA:48,89400
DA:50,89400
DA:51,89400
DA:52,89400
DA:54,89400
DA:57,7520
DA:60,183
DA:61,964
DA:62,42
DA:64,922
LF:34
LH:32
BRDA:3,0,0,0
BRDA:3,0,1,0
BRDA:10,1,0,0
BRDA:10,1,1,4
BRDA:10,2,0,4
BRDA:10,2,1,0
BRDA:14,3,0,0
BRDA:14,3,1,4
BRDA:18,4,0,1
BRDA:18,4,1,3
BRDA:29,5,0,1
BRDA:29,5,1,1
BRDA:34,6,0,2
BRDA:34,6,1,0
BRDA:48,7,0,89400
BRDA:48,7,1,81880
BRDA:57,8,0,7360
BRDA:57,8,1,160
BRDA:61,9,0,42
BRDA:61,9,1,922
BRF:20
BRH:14
end_of_record
TN:
SF:src/utils/WaardelijstCrawler.ts
FN:10,(anonymous_0)
FN:15,(anonymous_1)
FN:27,(anonymous_2)
FN:28,(anonymous_3)
FNF:4
FNH:4
FNDA:30,(anonymous_0)
FNDA:30,(anonymous_1)
FNDA:30,(anonymous_2)
FNDA:483,(anonymous_3)
DA:1,37
DA:2,37
DA:3,37
DA:4,37
DA:5,37
DA:6,37
DA:10,37
DA:11,30
DA:12,30
DA:15,37
DA:16,30
DA:17,1
DA:18,1
DA:19,24
DA:20,1
DA:21,1
DA:22,1
DA:23,1
DA:27,37
DA:28,483
DA:30,29
DA:31,29
DA:33,29
LF:23
LH:23
BRDA:16,0,0,1
BRDA:16,0,1,1
BRDA:16,0,2,24
BRDA:16,0,3,1
BRDA:16,0,4,1
BRDA:16,0,5,1
BRDA:16,0,6,1
BRF:7
BRH:7
end_of_record
TN:
SF:src/validations/maxSizeValidator.ts
FN:6,(anonymous_0)
FN:11,(anonymous_1)
FNF:2
FNH:2
FNDA:41,(anonymous_0)
FNDA:6,(anonymous_1)
DA:8,41
DA:12,6
DA:13,1
LF:3
LH:3
BRDA:12,0,0,1
BRDA:12,0,1,5
BRDA:12,1,0,6
BRDA:12,1,1,4
BRF:4
BRH:4
end_of_record
TN:
SF:src/validations/minimumLengthValidator.ts
FN:7,(anonymous_0)
FN:12,(anonymous_1)
FN:22,(anonymous_2)
FN:27,(anonymous_3)
FNF:4
FNH:1
FNDA:40,(anonymous_0)
FNDA:0,(anonymous_1)
FNDA:0,(anonymous_2)
FNDA:0,(anonymous_3)
DA:5,40
DA:9,40
DA:13,0
DA:14,0
DA:20,0
DA:24,0
DA:28,0
DA:29,0
LF:8
LH:2
BRDA:13,0,0,0
BRDA:13,0,1,0
BRDA:13,1,0,0
BRDA:13,1,1,0
BRDA:28,2,0,0
BRDA:28,2,1,0
BRDA:28,3,0,0
BRDA:28,3,1,0
BRDA:28,3,2,0
BRF:9
BRH:0
end_of_record
TN:
SF:src/validations/requiredValidator.ts
FN:5,(anonymous_0)
FN:13,(anonymous_1)
FN:21,(anonymous_2)
FNF:3
FNH:3
FNDA:4,(anonymous_0)
FNDA:221,(anonymous_1)
FNDA:6,(anonymous_2)
DA:6,4
DA:7,4
DA:14,221
DA:15,133
DA:22,6
DA:23,2
LF:6
LH:6
BRDA:6,0,0,4
BRDA:6,0,1,0
BRDA:6,1,0,4
BRDA:6,1,1,0
BRDA:14,2,0,133
BRDA:14,2,1,88
BRDA:14,3,0,221
BRDA:14,3,1,221
BRDA:22,4,0,2
BRDA:22,4,1,4
BRDA:22,5,0,6
BRDA:22,5,1,4
BRF:12
BRH:10
end_of_record
